782  [main] INFO  com.doohh.example.LenetDistEx - Load data....
1701 [main] INFO  com.doohh.example.LenetDistEx - Build model....
8650 [main] DEBUG org.nd4j.nativeblas.NativeOps - Number of threads used for linear algebra 2
8654 [main] DEBUG org.nd4j.nativeblas.NativeOps - Number of threads used for linear algebra 2
8787 [main] DEBUG org.reflections.Reflections - going to scan these urls:
jar:file:/C:/Users/duhyun/.m2/repository/org/nd4j/nd4j-native/0.5.0/nd4j-native-0.5.0.jar!/
jar:file:/C:/Users/duhyun/.m2/repository/org/nd4j/nd4j-jackson/0.5.0/nd4j-jackson-0.5.0.jar!/
jar:file:/C:/Users/duhyun/.m2/repository/org/nd4j/nd4j-native/0.5.0/nd4j-native-0.5.0-macosx-x86_64.jar!/
jar:file:/C:/Users/duhyun/.m2/repository/org/nd4j/nd4j-api/0.5.0/nd4j-api-0.5.0.jar!/
jar:file:/C:/Users/duhyun/.m2/repository/org/nd4j/nd4j-native-api/0.5.0/nd4j-native-api-0.5.0.jar!/
jar:file:/C:/Users/duhyun/.m2/repository/org/nd4j/nd4j-native/0.5.0/nd4j-native-0.5.0-linux-ppc64le.jar!/
jar:file:/C:/Users/duhyun/.m2/repository/org/nd4j/nd4j-native/0.5.0/nd4j-native-0.5.0-linux-x86_64.jar!/
jar:file:/C:/Users/duhyun/.m2/repository/org/nd4j/nd4j-native/0.5.0/nd4j-native-0.5.0-windows-x86_64.jar!/
jar:file:/C:/Users/duhyun/.m2/repository/org/nd4j/nd4j-buffer/0.5.0/nd4j-buffer-0.5.0.jar!/
jar:file:/C:/Users/duhyun/.m2/repository/org/nd4j/nd4j-common/0.5.0/nd4j-common-0.5.0.jar!/
jar:file:/C:/Users/duhyun/.m2/repository/org/nd4j/nd4j-context/0.5.0/nd4j-context-0.5.0.jar!/
9374 [main] DEBUG org.reflections.Reflections - could not scan file org/nd4j/nativeblas/macosx-x86_64/libiomp5.dylib in url jar:file:/C:/Users/duhyun/.m2/repository/org/nd4j/nd4j-native/0.5.0/nd4j-native-0.5.0-macosx-x86_64.jar!/ with scanner SubTypesScanner
9379 [main] DEBUG org.reflections.Reflections - could not scan file org/nd4j/nativeblas/macosx-x86_64/libiomp5.dylib in url jar:file:/C:/Users/duhyun/.m2/repository/org/nd4j/nd4j-native/0.5.0/nd4j-native-0.5.0-macosx-x86_64.jar!/ with scanner TypeAnnotationsScanner
9380 [main] DEBUG org.reflections.Reflections - could not scan file org/nd4j/nativeblas/macosx-x86_64/libjnind4j.dylib in url jar:file:/C:/Users/duhyun/.m2/repository/org/nd4j/nd4j-native/0.5.0/nd4j-native-0.5.0-macosx-x86_64.jar!/ with scanner SubTypesScanner
9381 [main] DEBUG org.reflections.Reflections - could not scan file org/nd4j/nativeblas/macosx-x86_64/libjnind4j.dylib in url jar:file:/C:/Users/duhyun/.m2/repository/org/nd4j/nd4j-native/0.5.0/nd4j-native-0.5.0-macosx-x86_64.jar!/ with scanner TypeAnnotationsScanner
9383 [main] DEBUG org.reflections.Reflections - could not scan file org/nd4j/nativeblas/macosx-x86_64/libnd4j.dylib in url jar:file:/C:/Users/duhyun/.m2/repository/org/nd4j/nd4j-native/0.5.0/nd4j-native-0.5.0-macosx-x86_64.jar!/ with scanner SubTypesScanner
9384 [main] DEBUG org.reflections.Reflections - could not scan file org/nd4j/nativeblas/macosx-x86_64/libnd4j.dylib in url jar:file:/C:/Users/duhyun/.m2/repository/org/nd4j/nd4j-native/0.5.0/nd4j-native-0.5.0-macosx-x86_64.jar!/ with scanner TypeAnnotationsScanner
9670 [main] DEBUG org.reflections.Reflections - could not scan file org/nd4j/nativeblas/linux-ppc64le/libnd4j.so in url jar:file:/C:/Users/duhyun/.m2/repository/org/nd4j/nd4j-native/0.5.0/nd4j-native-0.5.0-linux-ppc64le.jar!/ with scanner SubTypesScanner
9672 [main] DEBUG org.reflections.Reflections - could not scan file org/nd4j/nativeblas/linux-ppc64le/libnd4j.so in url jar:file:/C:/Users/duhyun/.m2/repository/org/nd4j/nd4j-native/0.5.0/nd4j-native-0.5.0-linux-ppc64le.jar!/ with scanner TypeAnnotationsScanner
9672 [main] DEBUG org.reflections.Reflections - could not scan file org/nd4j/nativeblas/linux-ppc64le/libblas.so.3 in url jar:file:/C:/Users/duhyun/.m2/repository/org/nd4j/nd4j-native/0.5.0/nd4j-native-0.5.0-linux-ppc64le.jar!/ with scanner SubTypesScanner
9673 [main] DEBUG org.reflections.Reflections - could not scan file org/nd4j/nativeblas/linux-ppc64le/libblas.so.3 in url jar:file:/C:/Users/duhyun/.m2/repository/org/nd4j/nd4j-native/0.5.0/nd4j-native-0.5.0-linux-ppc64le.jar!/ with scanner TypeAnnotationsScanner
9674 [main] DEBUG org.reflections.Reflections - could not scan file org/nd4j/nativeblas/linux-ppc64le/libjnind4j.so in url jar:file:/C:/Users/duhyun/.m2/repository/org/nd4j/nd4j-native/0.5.0/nd4j-native-0.5.0-linux-ppc64le.jar!/ with scanner SubTypesScanner
9675 [main] DEBUG org.reflections.Reflections - could not scan file org/nd4j/nativeblas/linux-ppc64le/libjnind4j.so in url jar:file:/C:/Users/duhyun/.m2/repository/org/nd4j/nd4j-native/0.5.0/nd4j-native-0.5.0-linux-ppc64le.jar!/ with scanner TypeAnnotationsScanner
9676 [main] DEBUG org.reflections.Reflections - could not scan file org/nd4j/nativeblas/linux-ppc64le/libgfortran.so.3 in url jar:file:/C:/Users/duhyun/.m2/repository/org/nd4j/nd4j-native/0.5.0/nd4j-native-0.5.0-linux-ppc64le.jar!/ with scanner SubTypesScanner
9677 [main] DEBUG org.reflections.Reflections - could not scan file org/nd4j/nativeblas/linux-ppc64le/libgfortran.so.3 in url jar:file:/C:/Users/duhyun/.m2/repository/org/nd4j/nd4j-native/0.5.0/nd4j-native-0.5.0-linux-ppc64le.jar!/ with scanner TypeAnnotationsScanner
9680 [main] DEBUG org.reflections.Reflections - could not scan file org/nd4j/nativeblas/linux-ppc64le/libgomp.so.1 in url jar:file:/C:/Users/duhyun/.m2/repository/org/nd4j/nd4j-native/0.5.0/nd4j-native-0.5.0-linux-ppc64le.jar!/ with scanner SubTypesScanner
9694 [main] DEBUG org.reflections.Reflections - could not scan file org/nd4j/nativeblas/linux-ppc64le/libgomp.so.1 in url jar:file:/C:/Users/duhyun/.m2/repository/org/nd4j/nd4j-native/0.5.0/nd4j-native-0.5.0-linux-ppc64le.jar!/ with scanner TypeAnnotationsScanner
9695 [main] DEBUG org.reflections.Reflections - could not scan file org/nd4j/nativeblas/linux-x86_64/libgomp.so.1 in url jar:file:/C:/Users/duhyun/.m2/repository/org/nd4j/nd4j-native/0.5.0/nd4j-native-0.5.0-linux-x86_64.jar!/ with scanner SubTypesScanner
9696 [main] DEBUG org.reflections.Reflections - could not scan file org/nd4j/nativeblas/linux-x86_64/libgomp.so.1 in url jar:file:/C:/Users/duhyun/.m2/repository/org/nd4j/nd4j-native/0.5.0/nd4j-native-0.5.0-linux-x86_64.jar!/ with scanner TypeAnnotationsScanner
9696 [main] DEBUG org.reflections.Reflections - could not scan file org/nd4j/nativeblas/linux-x86_64/libgfortran.so.3 in url jar:file:/C:/Users/duhyun/.m2/repository/org/nd4j/nd4j-native/0.5.0/nd4j-native-0.5.0-linux-x86_64.jar!/ with scanner SubTypesScanner
9697 [main] DEBUG org.reflections.Reflections - could not scan file org/nd4j/nativeblas/linux-x86_64/libgfortran.so.3 in url jar:file:/C:/Users/duhyun/.m2/repository/org/nd4j/nd4j-native/0.5.0/nd4j-native-0.5.0-linux-x86_64.jar!/ with scanner TypeAnnotationsScanner
9698 [main] DEBUG org.reflections.Reflections - could not scan file org/nd4j/nativeblas/linux-x86_64/libopenblas.so.0 in url jar:file:/C:/Users/duhyun/.m2/repository/org/nd4j/nd4j-native/0.5.0/nd4j-native-0.5.0-linux-x86_64.jar!/ with scanner SubTypesScanner
9699 [main] DEBUG org.reflections.Reflections - could not scan file org/nd4j/nativeblas/linux-x86_64/libopenblas.so.0 in url jar:file:/C:/Users/duhyun/.m2/repository/org/nd4j/nd4j-native/0.5.0/nd4j-native-0.5.0-linux-x86_64.jar!/ with scanner TypeAnnotationsScanner
9699 [main] DEBUG org.reflections.Reflections - could not scan file org/nd4j/nativeblas/linux-x86_64/libnd4j.so in url jar:file:/C:/Users/duhyun/.m2/repository/org/nd4j/nd4j-native/0.5.0/nd4j-native-0.5.0-linux-x86_64.jar!/ with scanner SubTypesScanner
9700 [main] DEBUG org.reflections.Reflections - could not scan file org/nd4j/nativeblas/linux-x86_64/libnd4j.so in url jar:file:/C:/Users/duhyun/.m2/repository/org/nd4j/nd4j-native/0.5.0/nd4j-native-0.5.0-linux-x86_64.jar!/ with scanner TypeAnnotationsScanner
9700 [main] DEBUG org.reflections.Reflections - could not scan file org/nd4j/nativeblas/linux-x86_64/libjnind4j.so in url jar:file:/C:/Users/duhyun/.m2/repository/org/nd4j/nd4j-native/0.5.0/nd4j-native-0.5.0-linux-x86_64.jar!/ with scanner SubTypesScanner
9701 [main] DEBUG org.reflections.Reflections - could not scan file org/nd4j/nativeblas/linux-x86_64/libjnind4j.so in url jar:file:/C:/Users/duhyun/.m2/repository/org/nd4j/nd4j-native/0.5.0/nd4j-native-0.5.0-linux-x86_64.jar!/ with scanner TypeAnnotationsScanner
9702 [main] DEBUG org.reflections.Reflections - could not scan file org/nd4j/nativeblas/windows-x86_64/jnind4j.dll in url jar:file:/C:/Users/duhyun/.m2/repository/org/nd4j/nd4j-native/0.5.0/nd4j-native-0.5.0-windows-x86_64.jar!/ with scanner SubTypesScanner
9704 [main] DEBUG org.reflections.Reflections - could not scan file org/nd4j/nativeblas/windows-x86_64/jnind4j.dll in url jar:file:/C:/Users/duhyun/.m2/repository/org/nd4j/nd4j-native/0.5.0/nd4j-native-0.5.0-windows-x86_64.jar!/ with scanner TypeAnnotationsScanner
9705 [main] DEBUG org.reflections.Reflections - could not scan file org/nd4j/nativeblas/windows-x86_64/libgcc_s_seh-1.dll in url jar:file:/C:/Users/duhyun/.m2/repository/org/nd4j/nd4j-native/0.5.0/nd4j-native-0.5.0-windows-x86_64.jar!/ with scanner SubTypesScanner
9706 [main] DEBUG org.reflections.Reflections - could not scan file org/nd4j/nativeblas/windows-x86_64/libgcc_s_seh-1.dll in url jar:file:/C:/Users/duhyun/.m2/repository/org/nd4j/nd4j-native/0.5.0/nd4j-native-0.5.0-windows-x86_64.jar!/ with scanner TypeAnnotationsScanner
9707 [main] DEBUG org.reflections.Reflections - could not scan file org/nd4j/nativeblas/windows-x86_64/libgfortran-3.dll in url jar:file:/C:/Users/duhyun/.m2/repository/org/nd4j/nd4j-native/0.5.0/nd4j-native-0.5.0-windows-x86_64.jar!/ with scanner SubTypesScanner
9708 [main] DEBUG org.reflections.Reflections - could not scan file org/nd4j/nativeblas/windows-x86_64/libgfortran-3.dll in url jar:file:/C:/Users/duhyun/.m2/repository/org/nd4j/nd4j-native/0.5.0/nd4j-native-0.5.0-windows-x86_64.jar!/ with scanner TypeAnnotationsScanner
9709 [main] DEBUG org.reflections.Reflections - could not scan file org/nd4j/nativeblas/windows-x86_64/libgomp-1.dll in url jar:file:/C:/Users/duhyun/.m2/repository/org/nd4j/nd4j-native/0.5.0/nd4j-native-0.5.0-windows-x86_64.jar!/ with scanner SubTypesScanner
9710 [main] DEBUG org.reflections.Reflections - could not scan file org/nd4j/nativeblas/windows-x86_64/libgomp-1.dll in url jar:file:/C:/Users/duhyun/.m2/repository/org/nd4j/nd4j-native/0.5.0/nd4j-native-0.5.0-windows-x86_64.jar!/ with scanner TypeAnnotationsScanner
9711 [main] DEBUG org.reflections.Reflections - could not scan file org/nd4j/nativeblas/windows-x86_64/libnd4j.dll in url jar:file:/C:/Users/duhyun/.m2/repository/org/nd4j/nd4j-native/0.5.0/nd4j-native-0.5.0-windows-x86_64.jar!/ with scanner SubTypesScanner
9711 [main] DEBUG org.reflections.Reflections - could not scan file org/nd4j/nativeblas/windows-x86_64/libnd4j.dll in url jar:file:/C:/Users/duhyun/.m2/repository/org/nd4j/nd4j-native/0.5.0/nd4j-native-0.5.0-windows-x86_64.jar!/ with scanner TypeAnnotationsScanner
9712 [main] DEBUG org.reflections.Reflections - could not scan file org/nd4j/nativeblas/windows-x86_64/libopenblas.dll in url jar:file:/C:/Users/duhyun/.m2/repository/org/nd4j/nd4j-native/0.5.0/nd4j-native-0.5.0-windows-x86_64.jar!/ with scanner SubTypesScanner
9713 [main] DEBUG org.reflections.Reflections - could not scan file org/nd4j/nativeblas/windows-x86_64/libopenblas.dll in url jar:file:/C:/Users/duhyun/.m2/repository/org/nd4j/nd4j-native/0.5.0/nd4j-native-0.5.0-windows-x86_64.jar!/ with scanner TypeAnnotationsScanner
9714 [main] DEBUG org.reflections.Reflections - could not scan file org/nd4j/nativeblas/windows-x86_64/libquadmath-0.dll in url jar:file:/C:/Users/duhyun/.m2/repository/org/nd4j/nd4j-native/0.5.0/nd4j-native-0.5.0-windows-x86_64.jar!/ with scanner SubTypesScanner
9714 [main] DEBUG org.reflections.Reflections - could not scan file org/nd4j/nativeblas/windows-x86_64/libquadmath-0.dll in url jar:file:/C:/Users/duhyun/.m2/repository/org/nd4j/nd4j-native/0.5.0/nd4j-native-0.5.0-windows-x86_64.jar!/ with scanner TypeAnnotationsScanner
9715 [main] DEBUG org.reflections.Reflections - could not scan file org/nd4j/nativeblas/windows-x86_64/libstdc++-6.dll in url jar:file:/C:/Users/duhyun/.m2/repository/org/nd4j/nd4j-native/0.5.0/nd4j-native-0.5.0-windows-x86_64.jar!/ with scanner SubTypesScanner
9716 [main] DEBUG org.reflections.Reflections - could not scan file org/nd4j/nativeblas/windows-x86_64/libstdc++-6.dll in url jar:file:/C:/Users/duhyun/.m2/repository/org/nd4j/nd4j-native/0.5.0/nd4j-native-0.5.0-windows-x86_64.jar!/ with scanner TypeAnnotationsScanner
9716 [main] DEBUG org.reflections.Reflections - could not scan file org/nd4j/nativeblas/windows-x86_64/libwinpthread-1.dll in url jar:file:/C:/Users/duhyun/.m2/repository/org/nd4j/nd4j-native/0.5.0/nd4j-native-0.5.0-windows-x86_64.jar!/ with scanner SubTypesScanner
9717 [main] DEBUG org.reflections.Reflections - could not scan file org/nd4j/nativeblas/windows-x86_64/libwinpthread-1.dll in url jar:file:/C:/Users/duhyun/.m2/repository/org/nd4j/nd4j-native/0.5.0/nd4j-native-0.5.0-windows-x86_64.jar!/ with scanner TypeAnnotationsScanner
9749 [main] INFO  org.reflections.Reflections - Reflections took 955 ms to scan 11 urls, producing 111 keys and 368 values 
11284 [main] INFO  com.doohh.example.LenetDistEx - Train model....
62007 [main] INFO  o.d.o.l.ScoreIterationListener - Score at iteration 0 is 2.521898216309776
