787  [main] INFO  com.doohh.example.LenetDistEx - Load data....
2362 [main] INFO  com.doohh.example.LenetDistEx - Build model....
9630 [main] DEBUG org.nd4j.nativeblas.NativeOps - Number of threads used for linear algebra 2
9635 [main] DEBUG org.nd4j.nativeblas.NativeOps - Number of threads used for linear algebra 2
9761 [main] DEBUG org.reflections.Reflections - going to scan these urls:
jar:file:/C:/Users/duhyun/.m2/repository/org/nd4j/nd4j-native/0.5.0/nd4j-native-0.5.0.jar!/
jar:file:/C:/Users/duhyun/.m2/repository/org/nd4j/nd4j-jackson/0.5.0/nd4j-jackson-0.5.0.jar!/
jar:file:/C:/Users/duhyun/.m2/repository/org/nd4j/nd4j-native/0.5.0/nd4j-native-0.5.0-macosx-x86_64.jar!/
jar:file:/C:/Users/duhyun/.m2/repository/org/nd4j/nd4j-api/0.5.0/nd4j-api-0.5.0.jar!/
jar:file:/C:/Users/duhyun/.m2/repository/org/nd4j/nd4j-native-api/0.5.0/nd4j-native-api-0.5.0.jar!/
jar:file:/C:/Users/duhyun/.m2/repository/org/nd4j/nd4j-native/0.5.0/nd4j-native-0.5.0-linux-ppc64le.jar!/
jar:file:/C:/Users/duhyun/.m2/repository/org/nd4j/nd4j-native/0.5.0/nd4j-native-0.5.0-linux-x86_64.jar!/
jar:file:/C:/Users/duhyun/.m2/repository/org/nd4j/nd4j-native/0.5.0/nd4j-native-0.5.0-windows-x86_64.jar!/
jar:file:/C:/Users/duhyun/.m2/repository/org/nd4j/nd4j-buffer/0.5.0/nd4j-buffer-0.5.0.jar!/
jar:file:/C:/Users/duhyun/.m2/repository/org/nd4j/nd4j-common/0.5.0/nd4j-common-0.5.0.jar!/
jar:file:/C:/Users/duhyun/.m2/repository/org/nd4j/nd4j-context/0.5.0/nd4j-context-0.5.0.jar!/
10091 [main] DEBUG org.reflections.Reflections - could not scan file org/nd4j/nativeblas/macosx-x86_64/libiomp5.dylib in url jar:file:/C:/Users/duhyun/.m2/repository/org/nd4j/nd4j-native/0.5.0/nd4j-native-0.5.0-macosx-x86_64.jar!/ with scanner SubTypesScanner
10096 [main] DEBUG org.reflections.Reflections - could not scan file org/nd4j/nativeblas/macosx-x86_64/libiomp5.dylib in url jar:file:/C:/Users/duhyun/.m2/repository/org/nd4j/nd4j-native/0.5.0/nd4j-native-0.5.0-macosx-x86_64.jar!/ with scanner TypeAnnotationsScanner
10097 [main] DEBUG org.reflections.Reflections - could not scan file org/nd4j/nativeblas/macosx-x86_64/libjnind4j.dylib in url jar:file:/C:/Users/duhyun/.m2/repository/org/nd4j/nd4j-native/0.5.0/nd4j-native-0.5.0-macosx-x86_64.jar!/ with scanner SubTypesScanner
10098 [main] DEBUG org.reflections.Reflections - could not scan file org/nd4j/nativeblas/macosx-x86_64/libjnind4j.dylib in url jar:file:/C:/Users/duhyun/.m2/repository/org/nd4j/nd4j-native/0.5.0/nd4j-native-0.5.0-macosx-x86_64.jar!/ with scanner TypeAnnotationsScanner
10100 [main] DEBUG org.reflections.Reflections - could not scan file org/nd4j/nativeblas/macosx-x86_64/libnd4j.dylib in url jar:file:/C:/Users/duhyun/.m2/repository/org/nd4j/nd4j-native/0.5.0/nd4j-native-0.5.0-macosx-x86_64.jar!/ with scanner SubTypesScanner
10101 [main] DEBUG org.reflections.Reflections - could not scan file org/nd4j/nativeblas/macosx-x86_64/libnd4j.dylib in url jar:file:/C:/Users/duhyun/.m2/repository/org/nd4j/nd4j-native/0.5.0/nd4j-native-0.5.0-macosx-x86_64.jar!/ with scanner TypeAnnotationsScanner
10367 [main] DEBUG org.reflections.Reflections - could not scan file org/nd4j/nativeblas/linux-ppc64le/libnd4j.so in url jar:file:/C:/Users/duhyun/.m2/repository/org/nd4j/nd4j-native/0.5.0/nd4j-native-0.5.0-linux-ppc64le.jar!/ with scanner SubTypesScanner
10368 [main] DEBUG org.reflections.Reflections - could not scan file org/nd4j/nativeblas/linux-ppc64le/libnd4j.so in url jar:file:/C:/Users/duhyun/.m2/repository/org/nd4j/nd4j-native/0.5.0/nd4j-native-0.5.0-linux-ppc64le.jar!/ with scanner TypeAnnotationsScanner
10369 [main] DEBUG org.reflections.Reflections - could not scan file org/nd4j/nativeblas/linux-ppc64le/libblas.so.3 in url jar:file:/C:/Users/duhyun/.m2/repository/org/nd4j/nd4j-native/0.5.0/nd4j-native-0.5.0-linux-ppc64le.jar!/ with scanner SubTypesScanner
10369 [main] DEBUG org.reflections.Reflections - could not scan file org/nd4j/nativeblas/linux-ppc64le/libblas.so.3 in url jar:file:/C:/Users/duhyun/.m2/repository/org/nd4j/nd4j-native/0.5.0/nd4j-native-0.5.0-linux-ppc64le.jar!/ with scanner TypeAnnotationsScanner
10376 [main] DEBUG org.reflections.Reflections - could not scan file org/nd4j/nativeblas/linux-ppc64le/libjnind4j.so in url jar:file:/C:/Users/duhyun/.m2/repository/org/nd4j/nd4j-native/0.5.0/nd4j-native-0.5.0-linux-ppc64le.jar!/ with scanner SubTypesScanner
10378 [main] DEBUG org.reflections.Reflections - could not scan file org/nd4j/nativeblas/linux-ppc64le/libjnind4j.so in url jar:file:/C:/Users/duhyun/.m2/repository/org/nd4j/nd4j-native/0.5.0/nd4j-native-0.5.0-linux-ppc64le.jar!/ with scanner TypeAnnotationsScanner
10379 [main] DEBUG org.reflections.Reflections - could not scan file org/nd4j/nativeblas/linux-ppc64le/libgfortran.so.3 in url jar:file:/C:/Users/duhyun/.m2/repository/org/nd4j/nd4j-native/0.5.0/nd4j-native-0.5.0-linux-ppc64le.jar!/ with scanner SubTypesScanner
10379 [main] DEBUG org.reflections.Reflections - could not scan file org/nd4j/nativeblas/linux-ppc64le/libgfortran.so.3 in url jar:file:/C:/Users/duhyun/.m2/repository/org/nd4j/nd4j-native/0.5.0/nd4j-native-0.5.0-linux-ppc64le.jar!/ with scanner TypeAnnotationsScanner
10383 [main] DEBUG org.reflections.Reflections - could not scan file org/nd4j/nativeblas/linux-ppc64le/libgomp.so.1 in url jar:file:/C:/Users/duhyun/.m2/repository/org/nd4j/nd4j-native/0.5.0/nd4j-native-0.5.0-linux-ppc64le.jar!/ with scanner SubTypesScanner
10383 [main] DEBUG org.reflections.Reflections - could not scan file org/nd4j/nativeblas/linux-ppc64le/libgomp.so.1 in url jar:file:/C:/Users/duhyun/.m2/repository/org/nd4j/nd4j-native/0.5.0/nd4j-native-0.5.0-linux-ppc64le.jar!/ with scanner TypeAnnotationsScanner
10385 [main] DEBUG org.reflections.Reflections - could not scan file org/nd4j/nativeblas/linux-x86_64/libgomp.so.1 in url jar:file:/C:/Users/duhyun/.m2/repository/org/nd4j/nd4j-native/0.5.0/nd4j-native-0.5.0-linux-x86_64.jar!/ with scanner SubTypesScanner
10386 [main] DEBUG org.reflections.Reflections - could not scan file org/nd4j/nativeblas/linux-x86_64/libgomp.so.1 in url jar:file:/C:/Users/duhyun/.m2/repository/org/nd4j/nd4j-native/0.5.0/nd4j-native-0.5.0-linux-x86_64.jar!/ with scanner TypeAnnotationsScanner
10387 [main] DEBUG org.reflections.Reflections - could not scan file org/nd4j/nativeblas/linux-x86_64/libgfortran.so.3 in url jar:file:/C:/Users/duhyun/.m2/repository/org/nd4j/nd4j-native/0.5.0/nd4j-native-0.5.0-linux-x86_64.jar!/ with scanner SubTypesScanner
10388 [main] DEBUG org.reflections.Reflections - could not scan file org/nd4j/nativeblas/linux-x86_64/libgfortran.so.3 in url jar:file:/C:/Users/duhyun/.m2/repository/org/nd4j/nd4j-native/0.5.0/nd4j-native-0.5.0-linux-x86_64.jar!/ with scanner TypeAnnotationsScanner
10389 [main] DEBUG org.reflections.Reflections - could not scan file org/nd4j/nativeblas/linux-x86_64/libopenblas.so.0 in url jar:file:/C:/Users/duhyun/.m2/repository/org/nd4j/nd4j-native/0.5.0/nd4j-native-0.5.0-linux-x86_64.jar!/ with scanner SubTypesScanner
10390 [main] DEBUG org.reflections.Reflections - could not scan file org/nd4j/nativeblas/linux-x86_64/libopenblas.so.0 in url jar:file:/C:/Users/duhyun/.m2/repository/org/nd4j/nd4j-native/0.5.0/nd4j-native-0.5.0-linux-x86_64.jar!/ with scanner TypeAnnotationsScanner
10390 [main] DEBUG org.reflections.Reflections - could not scan file org/nd4j/nativeblas/linux-x86_64/libnd4j.so in url jar:file:/C:/Users/duhyun/.m2/repository/org/nd4j/nd4j-native/0.5.0/nd4j-native-0.5.0-linux-x86_64.jar!/ with scanner SubTypesScanner
10391 [main] DEBUG org.reflections.Reflections - could not scan file org/nd4j/nativeblas/linux-x86_64/libnd4j.so in url jar:file:/C:/Users/duhyun/.m2/repository/org/nd4j/nd4j-native/0.5.0/nd4j-native-0.5.0-linux-x86_64.jar!/ with scanner TypeAnnotationsScanner
10392 [main] DEBUG org.reflections.Reflections - could not scan file org/nd4j/nativeblas/linux-x86_64/libjnind4j.so in url jar:file:/C:/Users/duhyun/.m2/repository/org/nd4j/nd4j-native/0.5.0/nd4j-native-0.5.0-linux-x86_64.jar!/ with scanner SubTypesScanner
10392 [main] DEBUG org.reflections.Reflections - could not scan file org/nd4j/nativeblas/linux-x86_64/libjnind4j.so in url jar:file:/C:/Users/duhyun/.m2/repository/org/nd4j/nd4j-native/0.5.0/nd4j-native-0.5.0-linux-x86_64.jar!/ with scanner TypeAnnotationsScanner
10397 [main] DEBUG org.reflections.Reflections - could not scan file org/nd4j/nativeblas/windows-x86_64/jnind4j.dll in url jar:file:/C:/Users/duhyun/.m2/repository/org/nd4j/nd4j-native/0.5.0/nd4j-native-0.5.0-windows-x86_64.jar!/ with scanner SubTypesScanner
10399 [main] DEBUG org.reflections.Reflections - could not scan file org/nd4j/nativeblas/windows-x86_64/jnind4j.dll in url jar:file:/C:/Users/duhyun/.m2/repository/org/nd4j/nd4j-native/0.5.0/nd4j-native-0.5.0-windows-x86_64.jar!/ with scanner TypeAnnotationsScanner
10400 [main] DEBUG org.reflections.Reflections - could not scan file org/nd4j/nativeblas/windows-x86_64/libgcc_s_seh-1.dll in url jar:file:/C:/Users/duhyun/.m2/repository/org/nd4j/nd4j-native/0.5.0/nd4j-native-0.5.0-windows-x86_64.jar!/ with scanner SubTypesScanner
10400 [main] DEBUG org.reflections.Reflections - could not scan file org/nd4j/nativeblas/windows-x86_64/libgcc_s_seh-1.dll in url jar:file:/C:/Users/duhyun/.m2/repository/org/nd4j/nd4j-native/0.5.0/nd4j-native-0.5.0-windows-x86_64.jar!/ with scanner TypeAnnotationsScanner
10402 [main] DEBUG org.reflections.Reflections - could not scan file org/nd4j/nativeblas/windows-x86_64/libgfortran-3.dll in url jar:file:/C:/Users/duhyun/.m2/repository/org/nd4j/nd4j-native/0.5.0/nd4j-native-0.5.0-windows-x86_64.jar!/ with scanner SubTypesScanner
10403 [main] DEBUG org.reflections.Reflections - could not scan file org/nd4j/nativeblas/windows-x86_64/libgfortran-3.dll in url jar:file:/C:/Users/duhyun/.m2/repository/org/nd4j/nd4j-native/0.5.0/nd4j-native-0.5.0-windows-x86_64.jar!/ with scanner TypeAnnotationsScanner
10405 [main] DEBUG org.reflections.Reflections - could not scan file org/nd4j/nativeblas/windows-x86_64/libgomp-1.dll in url jar:file:/C:/Users/duhyun/.m2/repository/org/nd4j/nd4j-native/0.5.0/nd4j-native-0.5.0-windows-x86_64.jar!/ with scanner SubTypesScanner
10405 [main] DEBUG org.reflections.Reflections - could not scan file org/nd4j/nativeblas/windows-x86_64/libgomp-1.dll in url jar:file:/C:/Users/duhyun/.m2/repository/org/nd4j/nd4j-native/0.5.0/nd4j-native-0.5.0-windows-x86_64.jar!/ with scanner TypeAnnotationsScanner
10406 [main] DEBUG org.reflections.Reflections - could not scan file org/nd4j/nativeblas/windows-x86_64/libnd4j.dll in url jar:file:/C:/Users/duhyun/.m2/repository/org/nd4j/nd4j-native/0.5.0/nd4j-native-0.5.0-windows-x86_64.jar!/ with scanner SubTypesScanner
10407 [main] DEBUG org.reflections.Reflections - could not scan file org/nd4j/nativeblas/windows-x86_64/libnd4j.dll in url jar:file:/C:/Users/duhyun/.m2/repository/org/nd4j/nd4j-native/0.5.0/nd4j-native-0.5.0-windows-x86_64.jar!/ with scanner TypeAnnotationsScanner
10407 [main] DEBUG org.reflections.Reflections - could not scan file org/nd4j/nativeblas/windows-x86_64/libopenblas.dll in url jar:file:/C:/Users/duhyun/.m2/repository/org/nd4j/nd4j-native/0.5.0/nd4j-native-0.5.0-windows-x86_64.jar!/ with scanner SubTypesScanner
10408 [main] DEBUG org.reflections.Reflections - could not scan file org/nd4j/nativeblas/windows-x86_64/libopenblas.dll in url jar:file:/C:/Users/duhyun/.m2/repository/org/nd4j/nd4j-native/0.5.0/nd4j-native-0.5.0-windows-x86_64.jar!/ with scanner TypeAnnotationsScanner
10409 [main] DEBUG org.reflections.Reflections - could not scan file org/nd4j/nativeblas/windows-x86_64/libquadmath-0.dll in url jar:file:/C:/Users/duhyun/.m2/repository/org/nd4j/nd4j-native/0.5.0/nd4j-native-0.5.0-windows-x86_64.jar!/ with scanner SubTypesScanner
10410 [main] DEBUG org.reflections.Reflections - could not scan file org/nd4j/nativeblas/windows-x86_64/libquadmath-0.dll in url jar:file:/C:/Users/duhyun/.m2/repository/org/nd4j/nd4j-native/0.5.0/nd4j-native-0.5.0-windows-x86_64.jar!/ with scanner TypeAnnotationsScanner
10410 [main] DEBUG org.reflections.Reflections - could not scan file org/nd4j/nativeblas/windows-x86_64/libstdc++-6.dll in url jar:file:/C:/Users/duhyun/.m2/repository/org/nd4j/nd4j-native/0.5.0/nd4j-native-0.5.0-windows-x86_64.jar!/ with scanner SubTypesScanner
10411 [main] DEBUG org.reflections.Reflections - could not scan file org/nd4j/nativeblas/windows-x86_64/libstdc++-6.dll in url jar:file:/C:/Users/duhyun/.m2/repository/org/nd4j/nd4j-native/0.5.0/nd4j-native-0.5.0-windows-x86_64.jar!/ with scanner TypeAnnotationsScanner
10412 [main] DEBUG org.reflections.Reflections - could not scan file org/nd4j/nativeblas/windows-x86_64/libwinpthread-1.dll in url jar:file:/C:/Users/duhyun/.m2/repository/org/nd4j/nd4j-native/0.5.0/nd4j-native-0.5.0-windows-x86_64.jar!/ with scanner SubTypesScanner
10412 [main] DEBUG org.reflections.Reflections - could not scan file org/nd4j/nativeblas/windows-x86_64/libwinpthread-1.dll in url jar:file:/C:/Users/duhyun/.m2/repository/org/nd4j/nd4j-native/0.5.0/nd4j-native-0.5.0-windows-x86_64.jar!/ with scanner TypeAnnotationsScanner
10442 [main] INFO  org.reflections.Reflections - Reflections took 651 ms to scan 11 urls, producing 111 keys and 368 values 
11690 [main] INFO  com.doohh.example.LenetDistEx - Train model....
258016 [main] INFO  o.d.o.l.ScoreIterationListener - Score at iteration 0 is 2.521898216309776
