725  [main] INFO  com.doohh.example.LenetDistEx - Load data....
1564 [main] INFO  com.doohh.example.LenetDistEx - Build model....
8438 [main] DEBUG org.nd4j.nativeblas.NativeOps - Number of threads used for linear algebra 2
8442 [main] DEBUG org.nd4j.nativeblas.NativeOps - Number of threads used for linear algebra 2
8533 [main] DEBUG org.reflections.Reflections - going to scan these urls:
jar:file:/C:/Users/duhyun/.m2/repository/org/nd4j/nd4j-native/0.5.0/nd4j-native-0.5.0.jar!/
jar:file:/C:/Users/duhyun/.m2/repository/org/nd4j/nd4j-jackson/0.5.0/nd4j-jackson-0.5.0.jar!/
jar:file:/C:/Users/duhyun/.m2/repository/org/nd4j/nd4j-native/0.5.0/nd4j-native-0.5.0-macosx-x86_64.jar!/
jar:file:/C:/Users/duhyun/.m2/repository/org/nd4j/nd4j-api/0.5.0/nd4j-api-0.5.0.jar!/
jar:file:/C:/Users/duhyun/.m2/repository/org/nd4j/nd4j-native-api/0.5.0/nd4j-native-api-0.5.0.jar!/
jar:file:/C:/Users/duhyun/.m2/repository/org/nd4j/nd4j-native/0.5.0/nd4j-native-0.5.0-linux-ppc64le.jar!/
jar:file:/C:/Users/duhyun/.m2/repository/org/nd4j/nd4j-native/0.5.0/nd4j-native-0.5.0-linux-x86_64.jar!/
jar:file:/C:/Users/duhyun/.m2/repository/org/nd4j/nd4j-native/0.5.0/nd4j-native-0.5.0-windows-x86_64.jar!/
jar:file:/C:/Users/duhyun/.m2/repository/org/nd4j/nd4j-buffer/0.5.0/nd4j-buffer-0.5.0.jar!/
jar:file:/C:/Users/duhyun/.m2/repository/org/nd4j/nd4j-common/0.5.0/nd4j-common-0.5.0.jar!/
jar:file:/C:/Users/duhyun/.m2/repository/org/nd4j/nd4j-context/0.5.0/nd4j-context-0.5.0.jar!/
8802 [main] DEBUG org.reflections.Reflections - could not scan file org/nd4j/nativeblas/macosx-x86_64/libiomp5.dylib in url jar:file:/C:/Users/duhyun/.m2/repository/org/nd4j/nd4j-native/0.5.0/nd4j-native-0.5.0-macosx-x86_64.jar!/ with scanner TypeAnnotationsScanner
8821 [main] DEBUG org.reflections.Reflections - could not scan file org/nd4j/nativeblas/macosx-x86_64/libiomp5.dylib in url jar:file:/C:/Users/duhyun/.m2/repository/org/nd4j/nd4j-native/0.5.0/nd4j-native-0.5.0-macosx-x86_64.jar!/ with scanner SubTypesScanner
8821 [main] DEBUG org.reflections.Reflections - could not scan file org/nd4j/nativeblas/macosx-x86_64/libjnind4j.dylib in url jar:file:/C:/Users/duhyun/.m2/repository/org/nd4j/nd4j-native/0.5.0/nd4j-native-0.5.0-macosx-x86_64.jar!/ with scanner TypeAnnotationsScanner
8822 [main] DEBUG org.reflections.Reflections - could not scan file org/nd4j/nativeblas/macosx-x86_64/libjnind4j.dylib in url jar:file:/C:/Users/duhyun/.m2/repository/org/nd4j/nd4j-native/0.5.0/nd4j-native-0.5.0-macosx-x86_64.jar!/ with scanner SubTypesScanner
8823 [main] DEBUG org.reflections.Reflections - could not scan file org/nd4j/nativeblas/macosx-x86_64/libnd4j.dylib in url jar:file:/C:/Users/duhyun/.m2/repository/org/nd4j/nd4j-native/0.5.0/nd4j-native-0.5.0-macosx-x86_64.jar!/ with scanner TypeAnnotationsScanner
8824 [main] DEBUG org.reflections.Reflections - could not scan file org/nd4j/nativeblas/macosx-x86_64/libnd4j.dylib in url jar:file:/C:/Users/duhyun/.m2/repository/org/nd4j/nd4j-native/0.5.0/nd4j-native-0.5.0-macosx-x86_64.jar!/ with scanner SubTypesScanner
9027 [main] DEBUG org.reflections.Reflections - could not scan file org/nd4j/nativeblas/linux-ppc64le/libnd4j.so in url jar:file:/C:/Users/duhyun/.m2/repository/org/nd4j/nd4j-native/0.5.0/nd4j-native-0.5.0-linux-ppc64le.jar!/ with scanner TypeAnnotationsScanner
9047 [main] DEBUG org.reflections.Reflections - could not scan file org/nd4j/nativeblas/linux-ppc64le/libnd4j.so in url jar:file:/C:/Users/duhyun/.m2/repository/org/nd4j/nd4j-native/0.5.0/nd4j-native-0.5.0-linux-ppc64le.jar!/ with scanner SubTypesScanner
9048 [main] DEBUG org.reflections.Reflections - could not scan file org/nd4j/nativeblas/linux-ppc64le/libblas.so.3 in url jar:file:/C:/Users/duhyun/.m2/repository/org/nd4j/nd4j-native/0.5.0/nd4j-native-0.5.0-linux-ppc64le.jar!/ with scanner TypeAnnotationsScanner
9048 [main] DEBUG org.reflections.Reflections - could not scan file org/nd4j/nativeblas/linux-ppc64le/libblas.so.3 in url jar:file:/C:/Users/duhyun/.m2/repository/org/nd4j/nd4j-native/0.5.0/nd4j-native-0.5.0-linux-ppc64le.jar!/ with scanner SubTypesScanner
9049 [main] DEBUG org.reflections.Reflections - could not scan file org/nd4j/nativeblas/linux-ppc64le/libjnind4j.so in url jar:file:/C:/Users/duhyun/.m2/repository/org/nd4j/nd4j-native/0.5.0/nd4j-native-0.5.0-linux-ppc64le.jar!/ with scanner TypeAnnotationsScanner
9050 [main] DEBUG org.reflections.Reflections - could not scan file org/nd4j/nativeblas/linux-ppc64le/libjnind4j.so in url jar:file:/C:/Users/duhyun/.m2/repository/org/nd4j/nd4j-native/0.5.0/nd4j-native-0.5.0-linux-ppc64le.jar!/ with scanner SubTypesScanner
9050 [main] DEBUG org.reflections.Reflections - could not scan file org/nd4j/nativeblas/linux-ppc64le/libgfortran.so.3 in url jar:file:/C:/Users/duhyun/.m2/repository/org/nd4j/nd4j-native/0.5.0/nd4j-native-0.5.0-linux-ppc64le.jar!/ with scanner TypeAnnotationsScanner
9052 [main] DEBUG org.reflections.Reflections - could not scan file org/nd4j/nativeblas/linux-ppc64le/libgfortran.so.3 in url jar:file:/C:/Users/duhyun/.m2/repository/org/nd4j/nd4j-native/0.5.0/nd4j-native-0.5.0-linux-ppc64le.jar!/ with scanner SubTypesScanner
9055 [main] DEBUG org.reflections.Reflections - could not scan file org/nd4j/nativeblas/linux-ppc64le/libgomp.so.1 in url jar:file:/C:/Users/duhyun/.m2/repository/org/nd4j/nd4j-native/0.5.0/nd4j-native-0.5.0-linux-ppc64le.jar!/ with scanner TypeAnnotationsScanner
9055 [main] DEBUG org.reflections.Reflections - could not scan file org/nd4j/nativeblas/linux-ppc64le/libgomp.so.1 in url jar:file:/C:/Users/duhyun/.m2/repository/org/nd4j/nd4j-native/0.5.0/nd4j-native-0.5.0-linux-ppc64le.jar!/ with scanner SubTypesScanner
9057 [main] DEBUG org.reflections.Reflections - could not scan file org/nd4j/nativeblas/linux-x86_64/libgomp.so.1 in url jar:file:/C:/Users/duhyun/.m2/repository/org/nd4j/nd4j-native/0.5.0/nd4j-native-0.5.0-linux-x86_64.jar!/ with scanner TypeAnnotationsScanner
9057 [main] DEBUG org.reflections.Reflections - could not scan file org/nd4j/nativeblas/linux-x86_64/libgomp.so.1 in url jar:file:/C:/Users/duhyun/.m2/repository/org/nd4j/nd4j-native/0.5.0/nd4j-native-0.5.0-linux-x86_64.jar!/ with scanner SubTypesScanner
9058 [main] DEBUG org.reflections.Reflections - could not scan file org/nd4j/nativeblas/linux-x86_64/libgfortran.so.3 in url jar:file:/C:/Users/duhyun/.m2/repository/org/nd4j/nd4j-native/0.5.0/nd4j-native-0.5.0-linux-x86_64.jar!/ with scanner TypeAnnotationsScanner
9058 [main] DEBUG org.reflections.Reflections - could not scan file org/nd4j/nativeblas/linux-x86_64/libgfortran.so.3 in url jar:file:/C:/Users/duhyun/.m2/repository/org/nd4j/nd4j-native/0.5.0/nd4j-native-0.5.0-linux-x86_64.jar!/ with scanner SubTypesScanner
9059 [main] DEBUG org.reflections.Reflections - could not scan file org/nd4j/nativeblas/linux-x86_64/libopenblas.so.0 in url jar:file:/C:/Users/duhyun/.m2/repository/org/nd4j/nd4j-native/0.5.0/nd4j-native-0.5.0-linux-x86_64.jar!/ with scanner TypeAnnotationsScanner
9060 [main] DEBUG org.reflections.Reflections - could not scan file org/nd4j/nativeblas/linux-x86_64/libopenblas.so.0 in url jar:file:/C:/Users/duhyun/.m2/repository/org/nd4j/nd4j-native/0.5.0/nd4j-native-0.5.0-linux-x86_64.jar!/ with scanner SubTypesScanner
9060 [main] DEBUG org.reflections.Reflections - could not scan file org/nd4j/nativeblas/linux-x86_64/libnd4j.so in url jar:file:/C:/Users/duhyun/.m2/repository/org/nd4j/nd4j-native/0.5.0/nd4j-native-0.5.0-linux-x86_64.jar!/ with scanner TypeAnnotationsScanner
9061 [main] DEBUG org.reflections.Reflections - could not scan file org/nd4j/nativeblas/linux-x86_64/libnd4j.so in url jar:file:/C:/Users/duhyun/.m2/repository/org/nd4j/nd4j-native/0.5.0/nd4j-native-0.5.0-linux-x86_64.jar!/ with scanner SubTypesScanner
9061 [main] DEBUG org.reflections.Reflections - could not scan file org/nd4j/nativeblas/linux-x86_64/libjnind4j.so in url jar:file:/C:/Users/duhyun/.m2/repository/org/nd4j/nd4j-native/0.5.0/nd4j-native-0.5.0-linux-x86_64.jar!/ with scanner TypeAnnotationsScanner
9062 [main] DEBUG org.reflections.Reflections - could not scan file org/nd4j/nativeblas/linux-x86_64/libjnind4j.so in url jar:file:/C:/Users/duhyun/.m2/repository/org/nd4j/nd4j-native/0.5.0/nd4j-native-0.5.0-linux-x86_64.jar!/ with scanner SubTypesScanner
9063 [main] DEBUG org.reflections.Reflections - could not scan file org/nd4j/nativeblas/windows-x86_64/jnind4j.dll in url jar:file:/C:/Users/duhyun/.m2/repository/org/nd4j/nd4j-native/0.5.0/nd4j-native-0.5.0-windows-x86_64.jar!/ with scanner TypeAnnotationsScanner
9064 [main] DEBUG org.reflections.Reflections - could not scan file org/nd4j/nativeblas/windows-x86_64/jnind4j.dll in url jar:file:/C:/Users/duhyun/.m2/repository/org/nd4j/nd4j-native/0.5.0/nd4j-native-0.5.0-windows-x86_64.jar!/ with scanner SubTypesScanner
9065 [main] DEBUG org.reflections.Reflections - could not scan file org/nd4j/nativeblas/windows-x86_64/libgcc_s_seh-1.dll in url jar:file:/C:/Users/duhyun/.m2/repository/org/nd4j/nd4j-native/0.5.0/nd4j-native-0.5.0-windows-x86_64.jar!/ with scanner TypeAnnotationsScanner
9065 [main] DEBUG org.reflections.Reflections - could not scan file org/nd4j/nativeblas/windows-x86_64/libgcc_s_seh-1.dll in url jar:file:/C:/Users/duhyun/.m2/repository/org/nd4j/nd4j-native/0.5.0/nd4j-native-0.5.0-windows-x86_64.jar!/ with scanner SubTypesScanner
9066 [main] DEBUG org.reflections.Reflections - could not scan file org/nd4j/nativeblas/windows-x86_64/libgfortran-3.dll in url jar:file:/C:/Users/duhyun/.m2/repository/org/nd4j/nd4j-native/0.5.0/nd4j-native-0.5.0-windows-x86_64.jar!/ with scanner TypeAnnotationsScanner
9069 [main] DEBUG org.reflections.Reflections - could not scan file org/nd4j/nativeblas/windows-x86_64/libgfortran-3.dll in url jar:file:/C:/Users/duhyun/.m2/repository/org/nd4j/nd4j-native/0.5.0/nd4j-native-0.5.0-windows-x86_64.jar!/ with scanner SubTypesScanner
9070 [main] DEBUG org.reflections.Reflections - could not scan file org/nd4j/nativeblas/windows-x86_64/libgomp-1.dll in url jar:file:/C:/Users/duhyun/.m2/repository/org/nd4j/nd4j-native/0.5.0/nd4j-native-0.5.0-windows-x86_64.jar!/ with scanner TypeAnnotationsScanner
9071 [main] DEBUG org.reflections.Reflections - could not scan file org/nd4j/nativeblas/windows-x86_64/libgomp-1.dll in url jar:file:/C:/Users/duhyun/.m2/repository/org/nd4j/nd4j-native/0.5.0/nd4j-native-0.5.0-windows-x86_64.jar!/ with scanner SubTypesScanner
9071 [main] DEBUG org.reflections.Reflections - could not scan file org/nd4j/nativeblas/windows-x86_64/libnd4j.dll in url jar:file:/C:/Users/duhyun/.m2/repository/org/nd4j/nd4j-native/0.5.0/nd4j-native-0.5.0-windows-x86_64.jar!/ with scanner TypeAnnotationsScanner
9072 [main] DEBUG org.reflections.Reflections - could not scan file org/nd4j/nativeblas/windows-x86_64/libnd4j.dll in url jar:file:/C:/Users/duhyun/.m2/repository/org/nd4j/nd4j-native/0.5.0/nd4j-native-0.5.0-windows-x86_64.jar!/ with scanner SubTypesScanner
9072 [main] DEBUG org.reflections.Reflections - could not scan file org/nd4j/nativeblas/windows-x86_64/libopenblas.dll in url jar:file:/C:/Users/duhyun/.m2/repository/org/nd4j/nd4j-native/0.5.0/nd4j-native-0.5.0-windows-x86_64.jar!/ with scanner TypeAnnotationsScanner
9073 [main] DEBUG org.reflections.Reflections - could not scan file org/nd4j/nativeblas/windows-x86_64/libopenblas.dll in url jar:file:/C:/Users/duhyun/.m2/repository/org/nd4j/nd4j-native/0.5.0/nd4j-native-0.5.0-windows-x86_64.jar!/ with scanner SubTypesScanner
9073 [main] DEBUG org.reflections.Reflections - could not scan file org/nd4j/nativeblas/windows-x86_64/libquadmath-0.dll in url jar:file:/C:/Users/duhyun/.m2/repository/org/nd4j/nd4j-native/0.5.0/nd4j-native-0.5.0-windows-x86_64.jar!/ with scanner TypeAnnotationsScanner
9074 [main] DEBUG org.reflections.Reflections - could not scan file org/nd4j/nativeblas/windows-x86_64/libquadmath-0.dll in url jar:file:/C:/Users/duhyun/.m2/repository/org/nd4j/nd4j-native/0.5.0/nd4j-native-0.5.0-windows-x86_64.jar!/ with scanner SubTypesScanner
9074 [main] DEBUG org.reflections.Reflections - could not scan file org/nd4j/nativeblas/windows-x86_64/libstdc++-6.dll in url jar:file:/C:/Users/duhyun/.m2/repository/org/nd4j/nd4j-native/0.5.0/nd4j-native-0.5.0-windows-x86_64.jar!/ with scanner TypeAnnotationsScanner
9075 [main] DEBUG org.reflections.Reflections - could not scan file org/nd4j/nativeblas/windows-x86_64/libstdc++-6.dll in url jar:file:/C:/Users/duhyun/.m2/repository/org/nd4j/nd4j-native/0.5.0/nd4j-native-0.5.0-windows-x86_64.jar!/ with scanner SubTypesScanner
9075 [main] DEBUG org.reflections.Reflections - could not scan file org/nd4j/nativeblas/windows-x86_64/libwinpthread-1.dll in url jar:file:/C:/Users/duhyun/.m2/repository/org/nd4j/nd4j-native/0.5.0/nd4j-native-0.5.0-windows-x86_64.jar!/ with scanner TypeAnnotationsScanner
9076 [main] DEBUG org.reflections.Reflections - could not scan file org/nd4j/nativeblas/windows-x86_64/libwinpthread-1.dll in url jar:file:/C:/Users/duhyun/.m2/repository/org/nd4j/nd4j-native/0.5.0/nd4j-native-0.5.0-windows-x86_64.jar!/ with scanner SubTypesScanner
9102 [main] INFO  org.reflections.Reflections - Reflections took 563 ms to scan 11 urls, producing 111 keys and 368 values 
10134 [main] INFO  com.doohh.example.LenetDistEx - Train model....
10666 [main] INFO  o.d.o.l.ScoreIterationListener - Score at iteration 0 is 2.521898216309776
10672 [main] INFO  c.d.example.DistMultiLayerNetwork - gradient : null
11080 [main] INFO  o.d.o.l.ScoreIterationListener - Score at iteration 1 is 2.3332566901575547
11082 [main] INFO  c.d.example.DistMultiLayerNetwork - gradient : null
11554 [main] INFO  o.d.o.l.ScoreIterationListener - Score at iteration 2 is 1.9908611965806045
11555 [main] INFO  c.d.example.DistMultiLayerNetwork - gradient : null
11905 [main] INFO  o.d.o.l.ScoreIterationListener - Score at iteration 3 is 2.0276542258373422
11905 [main] INFO  c.d.example.DistMultiLayerNetwork - gradient : null
12214 [main] INFO  o.d.o.l.ScoreIterationListener - Score at iteration 4 is 1.6342095236061334
12216 [main] INFO  c.d.example.DistMultiLayerNetwork - gradient : null
12500 [main] INFO  o.d.o.l.ScoreIterationListener - Score at iteration 5 is 1.6480846992253468
12501 [main] INFO  c.d.example.DistMultiLayerNetwork - gradient : null
12904 [main] INFO  o.d.o.l.ScoreIterationListener - Score at iteration 6 is 1.3669995622606181
12905 [main] INFO  c.d.example.DistMultiLayerNetwork - gradient : null
13476 [main] INFO  o.d.o.l.ScoreIterationListener - Score at iteration 7 is 1.2643424344560226
13477 [main] INFO  c.d.example.DistMultiLayerNetwork - gradient : null
13754 [main] INFO  o.d.o.l.ScoreIterationListener - Score at iteration 8 is 0.930259675481149
13754 [main] INFO  c.d.example.DistMultiLayerNetwork - gradient : null
14048 [main] INFO  o.d.o.l.ScoreIterationListener - Score at iteration 9 is 0.8788867664726262
14048 [main] INFO  c.d.example.DistMultiLayerNetwork - gradient : null
14404 [main] INFO  o.d.o.l.ScoreIterationListener - Score at iteration 10 is 0.9837277594224237
14405 [main] INFO  c.d.example.DistMultiLayerNetwork - gradient : null
14742 [main] INFO  o.d.o.l.ScoreIterationListener - Score at iteration 11 is 0.8009423961135848
14743 [main] INFO  c.d.example.DistMultiLayerNetwork - gradient : null
15028 [main] INFO  o.d.o.l.ScoreIterationListener - Score at iteration 12 is 0.6155838440106722
15029 [main] INFO  c.d.example.DistMultiLayerNetwork - gradient : null
15405 [main] INFO  o.d.o.l.ScoreIterationListener - Score at iteration 13 is 0.6707836639189231
15406 [main] INFO  c.d.example.DistMultiLayerNetwork - gradient : null
15699 [main] INFO  o.d.o.l.ScoreIterationListener - Score at iteration 14 is 0.6933886872430289
15700 [main] INFO  c.d.example.DistMultiLayerNetwork - gradient : null
16163 [main] INFO  o.d.o.l.ScoreIterationListener - Score at iteration 15 is 0.4822569946435525
16164 [main] INFO  c.d.example.DistMultiLayerNetwork - gradient : null
16739 [main] INFO  o.d.o.l.ScoreIterationListener - Score at iteration 16 is 0.47819299115422187
16745 [main] INFO  c.d.example.DistMultiLayerNetwork - gradient : null
17522 [main] INFO  o.d.o.l.ScoreIterationListener - Score at iteration 17 is 0.3951553179054
17524 [main] INFO  c.d.example.DistMultiLayerNetwork - gradient : null
18080 [main] INFO  o.d.o.l.ScoreIterationListener - Score at iteration 18 is 0.5446387463993227
18080 [main] INFO  c.d.example.DistMultiLayerNetwork - gradient : null
18739 [main] INFO  o.d.o.l.ScoreIterationListener - Score at iteration 19 is 0.6511744806720592
18740 [main] INFO  c.d.example.DistMultiLayerNetwork - gradient : null
19403 [main] INFO  o.d.o.l.ScoreIterationListener - Score at iteration 20 is 0.5324257372896972
19404 [main] INFO  c.d.example.DistMultiLayerNetwork - gradient : null
19789 [main] INFO  o.d.o.l.ScoreIterationListener - Score at iteration 21 is 0.4278149422089225
19790 [main] INFO  c.d.example.DistMultiLayerNetwork - gradient : null
20554 [main] INFO  o.d.o.l.ScoreIterationListener - Score at iteration 22 is 0.42872548520991505
20556 [main] INFO  c.d.example.DistMultiLayerNetwork - gradient : null
20958 [main] INFO  o.d.o.l.ScoreIterationListener - Score at iteration 23 is 0.5794187983636684
20959 [main] INFO  c.d.example.DistMultiLayerNetwork - gradient : null
21497 [main] INFO  o.d.o.l.ScoreIterationListener - Score at iteration 24 is 0.3758834069455635
21497 [main] INFO  c.d.example.DistMultiLayerNetwork - gradient : null
21875 [main] INFO  o.d.o.l.ScoreIterationListener - Score at iteration 25 is 0.5944124491918931
21875 [main] INFO  c.d.example.DistMultiLayerNetwork - gradient : null
22142 [main] INFO  o.d.o.l.ScoreIterationListener - Score at iteration 26 is 0.4224508584259397
22142 [main] INFO  c.d.example.DistMultiLayerNetwork - gradient : null
22419 [main] INFO  o.d.o.l.ScoreIterationListener - Score at iteration 27 is 0.28859563869226806
22420 [main] INFO  c.d.example.DistMultiLayerNetwork - gradient : null
22694 [main] INFO  o.d.o.l.ScoreIterationListener - Score at iteration 28 is 0.36542498025521575
22695 [main] INFO  c.d.example.DistMultiLayerNetwork - gradient : null
22979 [main] INFO  o.d.o.l.ScoreIterationListener - Score at iteration 29 is 0.395826871102251
22980 [main] INFO  c.d.example.DistMultiLayerNetwork - gradient : null
23268 [main] INFO  o.d.o.l.ScoreIterationListener - Score at iteration 30 is 0.31228963359418144
23268 [main] INFO  c.d.example.DistMultiLayerNetwork - gradient : null
23554 [main] INFO  o.d.o.l.ScoreIterationListener - Score at iteration 31 is 0.5435233000777547
23555 [main] INFO  c.d.example.DistMultiLayerNetwork - gradient : null
23885 [main] INFO  o.d.o.l.ScoreIterationListener - Score at iteration 32 is 0.24394671069541105
23886 [main] INFO  c.d.example.DistMultiLayerNetwork - gradient : null
24186 [main] INFO  o.d.o.l.ScoreIterationListener - Score at iteration 33 is 0.34213349871205184
24219 [main] INFO  c.d.example.DistMultiLayerNetwork - gradient : null
24500 [main] INFO  o.d.o.l.ScoreIterationListener - Score at iteration 34 is 0.41472852190338616
24500 [main] INFO  c.d.example.DistMultiLayerNetwork - gradient : null
24772 [main] INFO  o.d.o.l.ScoreIterationListener - Score at iteration 35 is 0.5580717262780582
24773 [main] INFO  c.d.example.DistMultiLayerNetwork - gradient : null
25045 [main] INFO  o.d.o.l.ScoreIterationListener - Score at iteration 36 is 0.38643922144073595
25046 [main] INFO  c.d.example.DistMultiLayerNetwork - gradient : null
25380 [main] INFO  o.d.o.l.ScoreIterationListener - Score at iteration 37 is 0.3214420854483069
25381 [main] INFO  c.d.example.DistMultiLayerNetwork - gradient : null
25650 [main] INFO  o.d.o.l.ScoreIterationListener - Score at iteration 38 is 0.6011357895855194
25650 [main] INFO  c.d.example.DistMultiLayerNetwork - gradient : null
25922 [main] INFO  o.d.o.l.ScoreIterationListener - Score at iteration 39 is 0.5118624253621403
25922 [main] INFO  c.d.example.DistMultiLayerNetwork - gradient : null
26191 [main] INFO  o.d.o.l.ScoreIterationListener - Score at iteration 40 is 0.341561554041472
26191 [main] INFO  c.d.example.DistMultiLayerNetwork - gradient : null
26563 [main] INFO  o.d.o.l.ScoreIterationListener - Score at iteration 41 is 0.5242948146691034
26564 [main] INFO  c.d.example.DistMultiLayerNetwork - gradient : null
26869 [main] INFO  o.d.o.l.ScoreIterationListener - Score at iteration 42 is 0.5220920376796057
26870 [main] INFO  c.d.example.DistMultiLayerNetwork - gradient : null
27129 [main] INFO  o.d.o.l.ScoreIterationListener - Score at iteration 43 is 0.5345257893446675
27130 [main] INFO  c.d.example.DistMultiLayerNetwork - gradient : null
27904 [main] INFO  o.d.o.l.ScoreIterationListener - Score at iteration 44 is 0.6720629463042261
27905 [main] INFO  c.d.example.DistMultiLayerNetwork - gradient : null
28177 [main] INFO  o.d.o.l.ScoreIterationListener - Score at iteration 45 is 0.3782834930678417
28178 [main] INFO  c.d.example.DistMultiLayerNetwork - gradient : null
28470 [main] INFO  o.d.o.l.ScoreIterationListener - Score at iteration 46 is 0.48092178469582586
28470 [main] INFO  c.d.example.DistMultiLayerNetwork - gradient : null
28740 [main] INFO  o.d.o.l.ScoreIterationListener - Score at iteration 47 is 0.41581285954011615
28741 [main] INFO  c.d.example.DistMultiLayerNetwork - gradient : null
29027 [main] INFO  o.d.o.l.ScoreIterationListener - Score at iteration 48 is 0.5030283293708557
29028 [main] INFO  c.d.example.DistMultiLayerNetwork - gradient : null
29283 [main] INFO  o.d.o.l.ScoreIterationListener - Score at iteration 49 is 0.5314639275123454
29283 [main] INFO  c.d.example.DistMultiLayerNetwork - gradient : null
29542 [main] INFO  o.d.o.l.ScoreIterationListener - Score at iteration 50 is 0.42166001914394774
29542 [main] INFO  c.d.example.DistMultiLayerNetwork - gradient : null
29815 [main] INFO  o.d.o.l.ScoreIterationListener - Score at iteration 51 is 0.21347675893953783
29816 [main] INFO  c.d.example.DistMultiLayerNetwork - gradient : null
30099 [main] INFO  o.d.o.l.ScoreIterationListener - Score at iteration 52 is 0.3355379442137647
30099 [main] INFO  c.d.example.DistMultiLayerNetwork - gradient : null
30348 [main] INFO  o.d.o.l.ScoreIterationListener - Score at iteration 53 is 0.3098812482232318
30349 [main] INFO  c.d.example.DistMultiLayerNetwork - gradient : null
30602 [main] INFO  o.d.o.l.ScoreIterationListener - Score at iteration 54 is 0.3607718998156558
30603 [main] INFO  c.d.example.DistMultiLayerNetwork - gradient : null
30885 [main] INFO  o.d.o.l.ScoreIterationListener - Score at iteration 55 is 0.19841869759924713
30886 [main] INFO  c.d.example.DistMultiLayerNetwork - gradient : null
31129 [main] INFO  o.d.o.l.ScoreIterationListener - Score at iteration 56 is 0.3694080670131208
31129 [main] INFO  c.d.example.DistMultiLayerNetwork - gradient : null
31394 [main] INFO  o.d.o.l.ScoreIterationListener - Score at iteration 57 is 0.17369649284074504
31394 [main] INFO  c.d.example.DistMultiLayerNetwork - gradient : null
31656 [main] INFO  o.d.o.l.ScoreIterationListener - Score at iteration 58 is 0.36029614826770395
31656 [main] INFO  c.d.example.DistMultiLayerNetwork - gradient : null
31910 [main] INFO  o.d.o.l.ScoreIterationListener - Score at iteration 59 is 0.2460611447102424
31911 [main] INFO  c.d.example.DistMultiLayerNetwork - gradient : null
32299 [main] INFO  o.d.o.l.ScoreIterationListener - Score at iteration 60 is 0.1752373142848845
32300 [main] INFO  c.d.example.DistMultiLayerNetwork - gradient : null
32547 [main] INFO  o.d.o.l.ScoreIterationListener - Score at iteration 61 is 0.2728479449022184
32547 [main] INFO  c.d.example.DistMultiLayerNetwork - gradient : null
