907  [main] INFO  com.doohh.example.CifarDistEx - batchSize : 500
930  [main] INFO  com.doohh.example.CifarDistEx - nEpochs: 1
971  [main] INFO  o.d.image.loader.BaseImageLoader - Downloading cifar...
331393 [main] INFO  org.datavec.api.util.ArchiveUtils - Extracting: cifar-10-batches-bin/
331397 [main] INFO  org.datavec.api.util.ArchiveUtils - Extracting: cifar-10-batches-bin/data_batch_1.bin
332454 [main] INFO  org.datavec.api.util.ArchiveUtils - Extracting: cifar-10-batches-bin/batches.meta.txt
332467 [main] INFO  org.datavec.api.util.ArchiveUtils - Extracting: cifar-10-batches-bin/data_batch_3.bin
333824 [main] INFO  org.datavec.api.util.ArchiveUtils - Extracting: cifar-10-batches-bin/data_batch_4.bin
334682 [main] INFO  org.datavec.api.util.ArchiveUtils - Extracting: cifar-10-batches-bin/test_batch.bin
335685 [main] INFO  org.datavec.api.util.ArchiveUtils - Extracting: cifar-10-batches-bin/readme.html
335699 [main] INFO  org.datavec.api.util.ArchiveUtils - Extracting: cifar-10-batches-bin/data_batch_5.bin
336811 [main] INFO  org.datavec.api.util.ArchiveUtils - Extracting: cifar-10-batches-bin/data_batch_2.bin
351682 [main] DEBUG org.nd4j.nativeblas.NativeOps - Number of threads used for linear algebra 2
351684 [main] DEBUG org.nd4j.nativeblas.NativeOps - Number of threads used for linear algebra 2
351862 [main] DEBUG org.reflections.Reflections - going to scan these urls:
jar:file:/C:/Users/duhyun/.m2/repository/org/nd4j/nd4j-native/0.5.0/nd4j-native-0.5.0.jar!/
jar:file:/C:/Users/duhyun/.m2/repository/org/nd4j/nd4j-jackson/0.5.0/nd4j-jackson-0.5.0.jar!/
jar:file:/C:/Users/duhyun/.m2/repository/org/nd4j/nd4j-native/0.5.0/nd4j-native-0.5.0-macosx-x86_64.jar!/
jar:file:/C:/Users/duhyun/.m2/repository/org/nd4j/nd4j-api/0.5.0/nd4j-api-0.5.0.jar!/
jar:file:/C:/Users/duhyun/.m2/repository/org/nd4j/nd4j-native-api/0.5.0/nd4j-native-api-0.5.0.jar!/
jar:file:/C:/Users/duhyun/.m2/repository/org/nd4j/nd4j-native/0.5.0/nd4j-native-0.5.0-linux-ppc64le.jar!/
jar:file:/C:/Users/duhyun/.m2/repository/org/nd4j/nd4j-native/0.5.0/nd4j-native-0.5.0-linux-x86_64.jar!/
jar:file:/C:/Users/duhyun/.m2/repository/org/nd4j/nd4j-native/0.5.0/nd4j-native-0.5.0-windows-x86_64.jar!/
jar:file:/C:/Users/duhyun/.m2/repository/org/nd4j/nd4j-buffer/0.5.0/nd4j-buffer-0.5.0.jar!/
jar:file:/C:/Users/duhyun/.m2/repository/org/nd4j/nd4j-common/0.5.0/nd4j-common-0.5.0.jar!/
jar:file:/C:/Users/duhyun/.m2/repository/org/nd4j/nd4j-context/0.5.0/nd4j-context-0.5.0.jar!/
352040 [main] DEBUG org.reflections.Reflections - could not scan file org/nd4j/nativeblas/macosx-x86_64/libiomp5.dylib in url jar:file:/C:/Users/duhyun/.m2/repository/org/nd4j/nd4j-native/0.5.0/nd4j-native-0.5.0-macosx-x86_64.jar!/ with scanner TypeAnnotationsScanner
352040 [main] DEBUG org.reflections.Reflections - could not scan file org/nd4j/nativeblas/macosx-x86_64/libiomp5.dylib in url jar:file:/C:/Users/duhyun/.m2/repository/org/nd4j/nd4j-native/0.5.0/nd4j-native-0.5.0-macosx-x86_64.jar!/ with scanner SubTypesScanner
352042 [main] DEBUG org.reflections.Reflections - could not scan file org/nd4j/nativeblas/macosx-x86_64/libjnind4j.dylib in url jar:file:/C:/Users/duhyun/.m2/repository/org/nd4j/nd4j-native/0.5.0/nd4j-native-0.5.0-macosx-x86_64.jar!/ with scanner TypeAnnotationsScanner
352042 [main] DEBUG org.reflections.Reflections - could not scan file org/nd4j/nativeblas/macosx-x86_64/libjnind4j.dylib in url jar:file:/C:/Users/duhyun/.m2/repository/org/nd4j/nd4j-native/0.5.0/nd4j-native-0.5.0-macosx-x86_64.jar!/ with scanner SubTypesScanner
352043 [main] DEBUG org.reflections.Reflections - could not scan file org/nd4j/nativeblas/macosx-x86_64/libnd4j.dylib in url jar:file:/C:/Users/duhyun/.m2/repository/org/nd4j/nd4j-native/0.5.0/nd4j-native-0.5.0-macosx-x86_64.jar!/ with scanner TypeAnnotationsScanner
352044 [main] DEBUG org.reflections.Reflections - could not scan file org/nd4j/nativeblas/macosx-x86_64/libnd4j.dylib in url jar:file:/C:/Users/duhyun/.m2/repository/org/nd4j/nd4j-native/0.5.0/nd4j-native-0.5.0-macosx-x86_64.jar!/ with scanner SubTypesScanner
352411 [main] DEBUG org.reflections.Reflections - could not scan file org/nd4j/nativeblas/linux-ppc64le/libnd4j.so in url jar:file:/C:/Users/duhyun/.m2/repository/org/nd4j/nd4j-native/0.5.0/nd4j-native-0.5.0-linux-ppc64le.jar!/ with scanner TypeAnnotationsScanner
352412 [main] DEBUG org.reflections.Reflections - could not scan file org/nd4j/nativeblas/linux-ppc64le/libnd4j.so in url jar:file:/C:/Users/duhyun/.m2/repository/org/nd4j/nd4j-native/0.5.0/nd4j-native-0.5.0-linux-ppc64le.jar!/ with scanner SubTypesScanner
352452 [main] DEBUG org.reflections.Reflections - could not scan file org/nd4j/nativeblas/linux-ppc64le/libblas.so.3 in url jar:file:/C:/Users/duhyun/.m2/repository/org/nd4j/nd4j-native/0.5.0/nd4j-native-0.5.0-linux-ppc64le.jar!/ with scanner TypeAnnotationsScanner
352452 [main] DEBUG org.reflections.Reflections - could not scan file org/nd4j/nativeblas/linux-ppc64le/libblas.so.3 in url jar:file:/C:/Users/duhyun/.m2/repository/org/nd4j/nd4j-native/0.5.0/nd4j-native-0.5.0-linux-ppc64le.jar!/ with scanner SubTypesScanner
352453 [main] DEBUG org.reflections.Reflections - could not scan file org/nd4j/nativeblas/linux-ppc64le/libjnind4j.so in url jar:file:/C:/Users/duhyun/.m2/repository/org/nd4j/nd4j-native/0.5.0/nd4j-native-0.5.0-linux-ppc64le.jar!/ with scanner TypeAnnotationsScanner
352453 [main] DEBUG org.reflections.Reflections - could not scan file org/nd4j/nativeblas/linux-ppc64le/libjnind4j.so in url jar:file:/C:/Users/duhyun/.m2/repository/org/nd4j/nd4j-native/0.5.0/nd4j-native-0.5.0-linux-ppc64le.jar!/ with scanner SubTypesScanner
352454 [main] DEBUG org.reflections.Reflections - could not scan file org/nd4j/nativeblas/linux-ppc64le/libgfortran.so.3 in url jar:file:/C:/Users/duhyun/.m2/repository/org/nd4j/nd4j-native/0.5.0/nd4j-native-0.5.0-linux-ppc64le.jar!/ with scanner TypeAnnotationsScanner
352455 [main] DEBUG org.reflections.Reflections - could not scan file org/nd4j/nativeblas/linux-ppc64le/libgfortran.so.3 in url jar:file:/C:/Users/duhyun/.m2/repository/org/nd4j/nd4j-native/0.5.0/nd4j-native-0.5.0-linux-ppc64le.jar!/ with scanner SubTypesScanner
352455 [main] DEBUG org.reflections.Reflections - could not scan file org/nd4j/nativeblas/linux-ppc64le/libgomp.so.1 in url jar:file:/C:/Users/duhyun/.m2/repository/org/nd4j/nd4j-native/0.5.0/nd4j-native-0.5.0-linux-ppc64le.jar!/ with scanner TypeAnnotationsScanner
352456 [main] DEBUG org.reflections.Reflections - could not scan file org/nd4j/nativeblas/linux-ppc64le/libgomp.so.1 in url jar:file:/C:/Users/duhyun/.m2/repository/org/nd4j/nd4j-native/0.5.0/nd4j-native-0.5.0-linux-ppc64le.jar!/ with scanner SubTypesScanner
352457 [main] DEBUG org.reflections.Reflections - could not scan file org/nd4j/nativeblas/linux-x86_64/libgomp.so.1 in url jar:file:/C:/Users/duhyun/.m2/repository/org/nd4j/nd4j-native/0.5.0/nd4j-native-0.5.0-linux-x86_64.jar!/ with scanner TypeAnnotationsScanner
352458 [main] DEBUG org.reflections.Reflections - could not scan file org/nd4j/nativeblas/linux-x86_64/libgomp.so.1 in url jar:file:/C:/Users/duhyun/.m2/repository/org/nd4j/nd4j-native/0.5.0/nd4j-native-0.5.0-linux-x86_64.jar!/ with scanner SubTypesScanner
352459 [main] DEBUG org.reflections.Reflections - could not scan file org/nd4j/nativeblas/linux-x86_64/libgfortran.so.3 in url jar:file:/C:/Users/duhyun/.m2/repository/org/nd4j/nd4j-native/0.5.0/nd4j-native-0.5.0-linux-x86_64.jar!/ with scanner TypeAnnotationsScanner
352460 [main] DEBUG org.reflections.Reflections - could not scan file org/nd4j/nativeblas/linux-x86_64/libgfortran.so.3 in url jar:file:/C:/Users/duhyun/.m2/repository/org/nd4j/nd4j-native/0.5.0/nd4j-native-0.5.0-linux-x86_64.jar!/ with scanner SubTypesScanner
352461 [main] DEBUG org.reflections.Reflections - could not scan file org/nd4j/nativeblas/linux-x86_64/libopenblas.so.0 in url jar:file:/C:/Users/duhyun/.m2/repository/org/nd4j/nd4j-native/0.5.0/nd4j-native-0.5.0-linux-x86_64.jar!/ with scanner TypeAnnotationsScanner
352462 [main] DEBUG org.reflections.Reflections - could not scan file org/nd4j/nativeblas/linux-x86_64/libopenblas.so.0 in url jar:file:/C:/Users/duhyun/.m2/repository/org/nd4j/nd4j-native/0.5.0/nd4j-native-0.5.0-linux-x86_64.jar!/ with scanner SubTypesScanner
352468 [main] DEBUG org.reflections.Reflections - could not scan file org/nd4j/nativeblas/linux-x86_64/libnd4j.so in url jar:file:/C:/Users/duhyun/.m2/repository/org/nd4j/nd4j-native/0.5.0/nd4j-native-0.5.0-linux-x86_64.jar!/ with scanner TypeAnnotationsScanner
352468 [main] DEBUG org.reflections.Reflections - could not scan file org/nd4j/nativeblas/linux-x86_64/libnd4j.so in url jar:file:/C:/Users/duhyun/.m2/repository/org/nd4j/nd4j-native/0.5.0/nd4j-native-0.5.0-linux-x86_64.jar!/ with scanner SubTypesScanner
352476 [main] DEBUG org.reflections.Reflections - could not scan file org/nd4j/nativeblas/linux-x86_64/libjnind4j.so in url jar:file:/C:/Users/duhyun/.m2/repository/org/nd4j/nd4j-native/0.5.0/nd4j-native-0.5.0-linux-x86_64.jar!/ with scanner TypeAnnotationsScanner
352476 [main] DEBUG org.reflections.Reflections - could not scan file org/nd4j/nativeblas/linux-x86_64/libjnind4j.so in url jar:file:/C:/Users/duhyun/.m2/repository/org/nd4j/nd4j-native/0.5.0/nd4j-native-0.5.0-linux-x86_64.jar!/ with scanner SubTypesScanner
352477 [main] DEBUG org.reflections.Reflections - could not scan file org/nd4j/nativeblas/windows-x86_64/jnind4j.dll in url jar:file:/C:/Users/duhyun/.m2/repository/org/nd4j/nd4j-native/0.5.0/nd4j-native-0.5.0-windows-x86_64.jar!/ with scanner TypeAnnotationsScanner
352477 [main] DEBUG org.reflections.Reflections - could not scan file org/nd4j/nativeblas/windows-x86_64/jnind4j.dll in url jar:file:/C:/Users/duhyun/.m2/repository/org/nd4j/nd4j-native/0.5.0/nd4j-native-0.5.0-windows-x86_64.jar!/ with scanner SubTypesScanner
352478 [main] DEBUG org.reflections.Reflections - could not scan file org/nd4j/nativeblas/windows-x86_64/libgcc_s_seh-1.dll in url jar:file:/C:/Users/duhyun/.m2/repository/org/nd4j/nd4j-native/0.5.0/nd4j-native-0.5.0-windows-x86_64.jar!/ with scanner TypeAnnotationsScanner
352478 [main] DEBUG org.reflections.Reflections - could not scan file org/nd4j/nativeblas/windows-x86_64/libgcc_s_seh-1.dll in url jar:file:/C:/Users/duhyun/.m2/repository/org/nd4j/nd4j-native/0.5.0/nd4j-native-0.5.0-windows-x86_64.jar!/ with scanner SubTypesScanner
352478 [main] DEBUG org.reflections.Reflections - could not scan file org/nd4j/nativeblas/windows-x86_64/libgfortran-3.dll in url jar:file:/C:/Users/duhyun/.m2/repository/org/nd4j/nd4j-native/0.5.0/nd4j-native-0.5.0-windows-x86_64.jar!/ with scanner TypeAnnotationsScanner
352479 [main] DEBUG org.reflections.Reflections - could not scan file org/nd4j/nativeblas/windows-x86_64/libgfortran-3.dll in url jar:file:/C:/Users/duhyun/.m2/repository/org/nd4j/nd4j-native/0.5.0/nd4j-native-0.5.0-windows-x86_64.jar!/ with scanner SubTypesScanner
352479 [main] DEBUG org.reflections.Reflections - could not scan file org/nd4j/nativeblas/windows-x86_64/libgomp-1.dll in url jar:file:/C:/Users/duhyun/.m2/repository/org/nd4j/nd4j-native/0.5.0/nd4j-native-0.5.0-windows-x86_64.jar!/ with scanner TypeAnnotationsScanner
352479 [main] DEBUG org.reflections.Reflections - could not scan file org/nd4j/nativeblas/windows-x86_64/libgomp-1.dll in url jar:file:/C:/Users/duhyun/.m2/repository/org/nd4j/nd4j-native/0.5.0/nd4j-native-0.5.0-windows-x86_64.jar!/ with scanner SubTypesScanner
352482 [main] DEBUG org.reflections.Reflections - could not scan file org/nd4j/nativeblas/windows-x86_64/libnd4j.dll in url jar:file:/C:/Users/duhyun/.m2/repository/org/nd4j/nd4j-native/0.5.0/nd4j-native-0.5.0-windows-x86_64.jar!/ with scanner TypeAnnotationsScanner
352482 [main] DEBUG org.reflections.Reflections - could not scan file org/nd4j/nativeblas/windows-x86_64/libnd4j.dll in url jar:file:/C:/Users/duhyun/.m2/repository/org/nd4j/nd4j-native/0.5.0/nd4j-native-0.5.0-windows-x86_64.jar!/ with scanner SubTypesScanner
352482 [main] DEBUG org.reflections.Reflections - could not scan file org/nd4j/nativeblas/windows-x86_64/libopenblas.dll in url jar:file:/C:/Users/duhyun/.m2/repository/org/nd4j/nd4j-native/0.5.0/nd4j-native-0.5.0-windows-x86_64.jar!/ with scanner TypeAnnotationsScanner
352483 [main] DEBUG org.reflections.Reflections - could not scan file org/nd4j/nativeblas/windows-x86_64/libopenblas.dll in url jar:file:/C:/Users/duhyun/.m2/repository/org/nd4j/nd4j-native/0.5.0/nd4j-native-0.5.0-windows-x86_64.jar!/ with scanner SubTypesScanner
352483 [main] DEBUG org.reflections.Reflections - could not scan file org/nd4j/nativeblas/windows-x86_64/libquadmath-0.dll in url jar:file:/C:/Users/duhyun/.m2/repository/org/nd4j/nd4j-native/0.5.0/nd4j-native-0.5.0-windows-x86_64.jar!/ with scanner TypeAnnotationsScanner
352483 [main] DEBUG org.reflections.Reflections - could not scan file org/nd4j/nativeblas/windows-x86_64/libquadmath-0.dll in url jar:file:/C:/Users/duhyun/.m2/repository/org/nd4j/nd4j-native/0.5.0/nd4j-native-0.5.0-windows-x86_64.jar!/ with scanner SubTypesScanner
352484 [main] DEBUG org.reflections.Reflections - could not scan file org/nd4j/nativeblas/windows-x86_64/libstdc++-6.dll in url jar:file:/C:/Users/duhyun/.m2/repository/org/nd4j/nd4j-native/0.5.0/nd4j-native-0.5.0-windows-x86_64.jar!/ with scanner TypeAnnotationsScanner
352484 [main] DEBUG org.reflections.Reflections - could not scan file org/nd4j/nativeblas/windows-x86_64/libstdc++-6.dll in url jar:file:/C:/Users/duhyun/.m2/repository/org/nd4j/nd4j-native/0.5.0/nd4j-native-0.5.0-windows-x86_64.jar!/ with scanner SubTypesScanner
352485 [main] DEBUG org.reflections.Reflections - could not scan file org/nd4j/nativeblas/windows-x86_64/libwinpthread-1.dll in url jar:file:/C:/Users/duhyun/.m2/repository/org/nd4j/nd4j-native/0.5.0/nd4j-native-0.5.0-windows-x86_64.jar!/ with scanner TypeAnnotationsScanner
352485 [main] DEBUG org.reflections.Reflections - could not scan file org/nd4j/nativeblas/windows-x86_64/libwinpthread-1.dll in url jar:file:/C:/Users/duhyun/.m2/repository/org/nd4j/nd4j-native/0.5.0/nd4j-native-0.5.0-windows-x86_64.jar!/ with scanner SubTypesScanner
352555 [main] INFO  org.reflections.Reflections - Reflections took 649 ms to scan 11 urls, producing 111 keys and 368 values 
353754 [main] WARN  o.d.nn.conf.NeuralNetConfiguration - Layer "Layer not named dropConnect is set to true but dropout rate is set to 0.0
353755 [main] WARN  o.d.nn.conf.NeuralNetConfiguration - Layer "Layer not named dropConnect is set to true but dropout rate is set to 0.0
353755 [main] WARN  o.d.nn.conf.NeuralNetConfiguration - Layer "Layer not named dropConnect is set to true but dropout rate is set to 0.0
353755 [main] WARN  o.d.nn.conf.NeuralNetConfiguration - Layer "Layer not named dropConnect is set to true but dropout rate is set to 0.0
353826 [main] WARN  o.d.nn.conf.NeuralNetConfiguration - Layer "Layer not named dropConnect is set to true but dropout rate is set to 0.0
353826 [main] WARN  o.d.nn.conf.NeuralNetConfiguration - Layer "Layer not named dropConnect is set to true but dropout rate is set to 0.0
354234 [main] INFO  com.doohh.example.CifarDistEx - params : [0.00, 0.00, 0.00, 0.00, 0.00, -0.03, 0.08, -0.16, -0.37, -0.52, 0.06, 0.35, 0.29, -0.22, 0.06, 0.14, 0.09, -0.18, -0.32, 0.24, -0.29, 0.06, 0.10, 0.31, -0.35, -0.12, 0.13, -0.22, -0.29, -0.29, -0.50, -0.30, -0.12, 0.32, -0.42, 0.06, 0.32, 0.08, -0.29, -0.54, 0.10, 0.32, -0.29, -0.00, -0.34, 0.17, 0.55, -0.21, -0.17, 0.19, -0.04, 0.35, 0.19, 0.47, -0.08, 0.33, 0.08, 0.74, 0.41, -0.13, -0.07, 0.12, -0.37, 0.47, -0.38, 0.13, 0.40, -0.19, 0.09, 0.69, -0.24, 0.22, 0.41, -0.18, 0.08, -0.55, -0.19, 0.37, 0.56, 0.37, 0.03, 0.41, -0.31, 0.39, 0.39, 0.61, -0.36, -0.52, 0.49, -0.16, 0.94, -0.14, 0.17, -0.53, 0.70, -0.57, 0.61, -0.48, -0.58, -0.39, 0.23, 0.24, 0.02, 0.09, -0.10, -0.09, -0.17, -0.50, -0.05, 0.19, -0.14, -0.09, -0.34, -0.01, 0.70, 0.04, -0.58, -0.05, -0.81, 0.31, -0.05, 0.28, 0.04, 0.31, 0.42, 0.00, -0.14, 0.31, -0.38, 0.04, -0.12, -0.27, 0.51, -0.10, -0.29, -0.23, -0.68, 0.01, 0.12, -0.12, 0.09, -0.04, -0.20, 0.13, 0.29, 0.74, 0.25, 0.61, 0.04, 0.35, -0.22, 0.26, -0.01, -0.12, -0.67, 0.57, -0.13, 0.36, -0.29, -0.28, 0.51, -0.36, -0.42, 0.12, 0.11, -0.37, 0.17, -0.49, 0.11, 0.53, -0.18, 0.18, 0.09, 0.12, 0.20, -0.41, 0.45, -0.36, -0.11, -0.72, -0.09, 0.13, -0.64, 0.45, -0.18, 0.39, 0.67, -0.23, -0.06, 0.59, 0.56, -0.15, 0.05, 0.30, -0.17, 0.27, 0.38, 0.32, -0.36, -0.23, 0.10, 0.14, -0.13, -0.19, 0.41, -0.27, -0.30, -0.45, -0.58, -1.03, -0.10, -0.03, -0.19, -0.33, 0.41, 0.30, 0.16, 0.02, -0.55, 0.56, 0.42, 0.18, -0.25, 0.01, 0.03, -0.26, -0.17, -0.28, 0.65, 0.15, 0.67, -0.33, -0.17, 0.50, -0.24, 0.41, -0.07, 0.01, -0.01, -0.19, 0.37, -0.10, 0.38, 0.33, 0.88, -0.34, -0.57, 0.40, 0.12, -0.65, 0.41, -0.48, 0.36, -0.09, -0.57, 0.19, 0.16, -0.05, 0.21, 0.65, 0.11, 0.24, 0.40, 0.05, 0.04, 0.43, 0.16, 0.66, -0.37, -0.42, -0.20, 0.17, -0.29, -0.07, -0.10, 0.42, -0.15, -0.30, -0.39, -0.42, 0.23, -0.07, -0.08, 0.17, -0.41, -0.11, 0.51, 0.65, -0.25, 0.03, -0.23, -0.21, 0.14, 0.12, -0.12, -0.12, -0.48, -0.16, -0.25, -0.18, 0.30, 0.06, -0.61, 0.15, -0.52, 0.13, 0.26, 0.46, -0.85, 0.03, -0.30, 0.05, 0.54, -0.18, -0.13, 0.21, -0.51, -0.31, -0.24, -0.47, -0.04, 0.46, -0.19, -0.09, 0.07, -0.28, 0.14, -0.20, -0.09, 0.04, -0.24, -0.46, -0.40, -0.15, 0.33, -0.20, 0.33, -0.24, 0.10, 0.21, -0.69, 0.52, -0.09, -0.37, -0.05, 0.31, 0.05, -0.04, 0.43, -0.46, -0.22, -0.41, 0.11, 0.19, 0.09, -0.34, 0.46, 0.79, -0.66, 0.59, 0.46, 0.27, -0.11, 0.18, 0.44, -0.17, -0.43, 0.07, -0.30, -0.43, 0.46, -0.13, -0.17, 0.64, 0.11, 0.16, 0.01, 0.14, 0.43, -0.10]
354403 [main] INFO  com.doohh.example.CifarDistEx - paramTable : {b=[0.00, 0.00, 0.00, 0.00, 0.00], W=[[[[-0.03, 0.08, -0.16, -0.37, -0.52],
   [0.06, 0.35, 0.29, -0.22, 0.06],
   [0.14, 0.09, -0.18, -0.32, 0.24],
   [-0.29, 0.06, 0.10, 0.31, -0.35],
   [-0.12, 0.13, -0.22, -0.29, -0.29]],

  [[-0.50, -0.30, -0.12, 0.32, -0.42],
   [0.06, 0.32, 0.08, -0.29, -0.54],
   [0.10, 0.32, -0.29, -0.00, -0.34],
   [0.17, 0.55, -0.21, -0.17, 0.19],
   [-0.04, 0.35, 0.19, 0.47, -0.08]],

  [[0.33, 0.08, 0.74, 0.41, -0.13],
   [-0.07, 0.12, -0.37, 0.47, -0.38],
   [0.13, 0.40, -0.19, 0.09, 0.69],
   [-0.24, 0.22, 0.41, -0.18, 0.08],
   [-0.55, -0.19, 0.37, 0.56, 0.37]]],


 [[[0.03, 0.41, -0.31, 0.39, 0.39],
   [0.61, -0.36, -0.52, 0.49, -0.16],
   [0.94, -0.14, 0.17, -0.53, 0.70],
   [-0.57, 0.61, -0.48, -0.58, -0.39],
   [0.23, 0.24, 0.02, 0.09, -0.10]],

  [[-0.09, -0.17, -0.50, -0.05, 0.19],
   [-0.14, -0.09, -0.34, -0.01, 0.70],
   [0.04, -0.58, -0.05, -0.81, 0.31],
   [-0.05, 0.28, 0.04, 0.31, 0.42],
   [0.00, -0.14, 0.31, -0.38, 0.04]],

  [[-0.12, -0.27, 0.51, -0.10, -0.29],
   [-0.23, -0.68, 0.01, 0.12, -0.12],
   [0.09, -0.04, -0.20, 0.13, 0.29],
   [0.74, 0.25, 0.61, 0.04, 0.35],
   [-0.22, 0.26, -0.01, -0.12, -0.67]]],


 [[[0.57, -0.13, 0.36, -0.29, -0.28],
   [0.51, -0.36, -0.42, 0.12, 0.11],
   [-0.37, 0.17, -0.49, 0.11, 0.53],
   [-0.18, 0.18, 0.09, 0.12, 0.20],
   [-0.41, 0.45, -0.36, -0.11, -0.72]],

  [[-0.09, 0.13, -0.64, 0.45, -0.18],
   [0.39, 0.67, -0.23, -0.06, 0.59],
   [0.56, -0.15, 0.05, 0.30, -0.17],
   [0.27, 0.38, 0.32, -0.36, -0.23],
   [0.10, 0.14, -0.13, -0.19, 0.41]],

  [[-0.27, -0.30, -0.45, -0.58, -1.03],
   [-0.10, -0.03, -0.19, -0.33, 0.41],
   [0.30, 0.16, 0.02, -0.55, 0.56],
   [0.42, 0.18, -0.25, 0.01, 0.03],
   [-0.26, -0.17, -0.28, 0.65, 0.15]]],


 [[[0.67, -0.33, -0.17, 0.50, -0.24],
   [0.41, -0.07, 0.01, -0.01, -0.19],
   [0.37, -0.10, 0.38, 0.33, 0.88],
   [-0.34, -0.57, 0.40, 0.12, -0.65],
   [0.41, -0.48, 0.36, -0.09, -0.57]],

  [[0.19, 0.16, -0.05, 0.21, 0.65],
   [0.11, 0.24, 0.40, 0.05, 0.04],
   [0.43, 0.16, 0.66, -0.37, -0.42],
   [-0.20, 0.17, -0.29, -0.07, -0.10],
   [0.42, -0.15, -0.30, -0.39, -0.42]],

  [[0.23, -0.07, -0.08, 0.17, -0.41],
   [-0.11, 0.51, 0.65, -0.25, 0.03],
   [-0.23, -0.21, 0.14, 0.12, -0.12],
   [-0.12, -0.48, -0.16, -0.25, -0.18],
   [0.30, 0.06, -0.61, 0.15, -0.52]]],


 [[[0.13, 0.26, 0.46, -0.85, 0.03],
   [-0.30, 0.05, 0.54, -0.18, -0.13],
   [0.21, -0.51, -0.31, -0.24, -0.47],
   [-0.04, 0.46, -0.19, -0.09, 0.07],
   [-0.28, 0.14, -0.20, -0.09, 0.04]],

  [[-0.24, -0.46, -0.40, -0.15, 0.33],
   [-0.20, 0.33, -0.24, 0.10, 0.21],
   [-0.69, 0.52, -0.09, -0.37, -0.05],
   [0.31, 0.05, -0.04, 0.43, -0.46],
   [-0.22, -0.41, 0.11, 0.19, 0.09]],

  [[-0.34, 0.46, 0.79, -0.66, 0.59],
   [0.46, 0.27, -0.11, 0.18, 0.44],
   [-0.17, -0.43, 0.07, -0.30, -0.43],
   [0.46, -0.13, -0.17, 0.64, 0.11],
   [0.16, 0.01, 0.14, 0.43, -0.10]]]]}
