750  [main] INFO  com.doohh.example.CifarDistEx - batchSize : 500
767  [main] INFO  com.doohh.example.CifarDistEx - nEpochs: 1
7512 [main] DEBUG org.nd4j.nativeblas.NativeOps - Number of threads used for linear algebra 2
7516 [main] DEBUG org.nd4j.nativeblas.NativeOps - Number of threads used for linear algebra 2
7620 [main] DEBUG org.reflections.Reflections - going to scan these urls:
jar:file:/C:/Users/duhyun/.m2/repository/org/nd4j/nd4j-native/0.5.0/nd4j-native-0.5.0.jar!/
jar:file:/C:/Users/duhyun/.m2/repository/org/nd4j/nd4j-jackson/0.5.0/nd4j-jackson-0.5.0.jar!/
jar:file:/C:/Users/duhyun/.m2/repository/org/nd4j/nd4j-native/0.5.0/nd4j-native-0.5.0-macosx-x86_64.jar!/
jar:file:/C:/Users/duhyun/.m2/repository/org/nd4j/nd4j-api/0.5.0/nd4j-api-0.5.0.jar!/
jar:file:/C:/Users/duhyun/.m2/repository/org/nd4j/nd4j-native-api/0.5.0/nd4j-native-api-0.5.0.jar!/
jar:file:/C:/Users/duhyun/.m2/repository/org/nd4j/nd4j-native/0.5.0/nd4j-native-0.5.0-linux-ppc64le.jar!/
jar:file:/C:/Users/duhyun/.m2/repository/org/nd4j/nd4j-native/0.5.0/nd4j-native-0.5.0-linux-x86_64.jar!/
jar:file:/C:/Users/duhyun/.m2/repository/org/nd4j/nd4j-native/0.5.0/nd4j-native-0.5.0-windows-x86_64.jar!/
jar:file:/C:/Users/duhyun/.m2/repository/org/nd4j/nd4j-buffer/0.5.0/nd4j-buffer-0.5.0.jar!/
jar:file:/C:/Users/duhyun/.m2/repository/org/nd4j/nd4j-common/0.5.0/nd4j-common-0.5.0.jar!/
jar:file:/C:/Users/duhyun/.m2/repository/org/nd4j/nd4j-context/0.5.0/nd4j-context-0.5.0.jar!/
7952 [main] DEBUG org.reflections.Reflections - could not scan file org/nd4j/nativeblas/macosx-x86_64/libiomp5.dylib in url jar:file:/C:/Users/duhyun/.m2/repository/org/nd4j/nd4j-native/0.5.0/nd4j-native-0.5.0-macosx-x86_64.jar!/ with scanner TypeAnnotationsScanner
7953 [main] DEBUG org.reflections.Reflections - could not scan file org/nd4j/nativeblas/macosx-x86_64/libiomp5.dylib in url jar:file:/C:/Users/duhyun/.m2/repository/org/nd4j/nd4j-native/0.5.0/nd4j-native-0.5.0-macosx-x86_64.jar!/ with scanner SubTypesScanner
7955 [main] DEBUG org.reflections.Reflections - could not scan file org/nd4j/nativeblas/macosx-x86_64/libjnind4j.dylib in url jar:file:/C:/Users/duhyun/.m2/repository/org/nd4j/nd4j-native/0.5.0/nd4j-native-0.5.0-macosx-x86_64.jar!/ with scanner TypeAnnotationsScanner
7955 [main] DEBUG org.reflections.Reflections - could not scan file org/nd4j/nativeblas/macosx-x86_64/libjnind4j.dylib in url jar:file:/C:/Users/duhyun/.m2/repository/org/nd4j/nd4j-native/0.5.0/nd4j-native-0.5.0-macosx-x86_64.jar!/ with scanner SubTypesScanner
7957 [main] DEBUG org.reflections.Reflections - could not scan file org/nd4j/nativeblas/macosx-x86_64/libnd4j.dylib in url jar:file:/C:/Users/duhyun/.m2/repository/org/nd4j/nd4j-native/0.5.0/nd4j-native-0.5.0-macosx-x86_64.jar!/ with scanner TypeAnnotationsScanner
7957 [main] DEBUG org.reflections.Reflections - could not scan file org/nd4j/nativeblas/macosx-x86_64/libnd4j.dylib in url jar:file:/C:/Users/duhyun/.m2/repository/org/nd4j/nd4j-native/0.5.0/nd4j-native-0.5.0-macosx-x86_64.jar!/ with scanner SubTypesScanner
8231 [main] DEBUG org.reflections.Reflections - could not scan file org/nd4j/nativeblas/linux-ppc64le/libnd4j.so in url jar:file:/C:/Users/duhyun/.m2/repository/org/nd4j/nd4j-native/0.5.0/nd4j-native-0.5.0-linux-ppc64le.jar!/ with scanner TypeAnnotationsScanner
8233 [main] DEBUG org.reflections.Reflections - could not scan file org/nd4j/nativeblas/linux-ppc64le/libnd4j.so in url jar:file:/C:/Users/duhyun/.m2/repository/org/nd4j/nd4j-native/0.5.0/nd4j-native-0.5.0-linux-ppc64le.jar!/ with scanner SubTypesScanner
8234 [main] DEBUG org.reflections.Reflections - could not scan file org/nd4j/nativeblas/linux-ppc64le/libblas.so.3 in url jar:file:/C:/Users/duhyun/.m2/repository/org/nd4j/nd4j-native/0.5.0/nd4j-native-0.5.0-linux-ppc64le.jar!/ with scanner TypeAnnotationsScanner
8234 [main] DEBUG org.reflections.Reflections - could not scan file org/nd4j/nativeblas/linux-ppc64le/libblas.so.3 in url jar:file:/C:/Users/duhyun/.m2/repository/org/nd4j/nd4j-native/0.5.0/nd4j-native-0.5.0-linux-ppc64le.jar!/ with scanner SubTypesScanner
8235 [main] DEBUG org.reflections.Reflections - could not scan file org/nd4j/nativeblas/linux-ppc64le/libjnind4j.so in url jar:file:/C:/Users/duhyun/.m2/repository/org/nd4j/nd4j-native/0.5.0/nd4j-native-0.5.0-linux-ppc64le.jar!/ with scanner TypeAnnotationsScanner
8236 [main] DEBUG org.reflections.Reflections - could not scan file org/nd4j/nativeblas/linux-ppc64le/libjnind4j.so in url jar:file:/C:/Users/duhyun/.m2/repository/org/nd4j/nd4j-native/0.5.0/nd4j-native-0.5.0-linux-ppc64le.jar!/ with scanner SubTypesScanner
8237 [main] DEBUG org.reflections.Reflections - could not scan file org/nd4j/nativeblas/linux-ppc64le/libgfortran.so.3 in url jar:file:/C:/Users/duhyun/.m2/repository/org/nd4j/nd4j-native/0.5.0/nd4j-native-0.5.0-linux-ppc64le.jar!/ with scanner TypeAnnotationsScanner
8237 [main] DEBUG org.reflections.Reflections - could not scan file org/nd4j/nativeblas/linux-ppc64le/libgfortran.so.3 in url jar:file:/C:/Users/duhyun/.m2/repository/org/nd4j/nd4j-native/0.5.0/nd4j-native-0.5.0-linux-ppc64le.jar!/ with scanner SubTypesScanner
8240 [main] DEBUG org.reflections.Reflections - could not scan file org/nd4j/nativeblas/linux-ppc64le/libgomp.so.1 in url jar:file:/C:/Users/duhyun/.m2/repository/org/nd4j/nd4j-native/0.5.0/nd4j-native-0.5.0-linux-ppc64le.jar!/ with scanner TypeAnnotationsScanner
8240 [main] DEBUG org.reflections.Reflections - could not scan file org/nd4j/nativeblas/linux-ppc64le/libgomp.so.1 in url jar:file:/C:/Users/duhyun/.m2/repository/org/nd4j/nd4j-native/0.5.0/nd4j-native-0.5.0-linux-ppc64le.jar!/ with scanner SubTypesScanner
8241 [main] DEBUG org.reflections.Reflections - could not scan file org/nd4j/nativeblas/linux-x86_64/libgomp.so.1 in url jar:file:/C:/Users/duhyun/.m2/repository/org/nd4j/nd4j-native/0.5.0/nd4j-native-0.5.0-linux-x86_64.jar!/ with scanner TypeAnnotationsScanner
8242 [main] DEBUG org.reflections.Reflections - could not scan file org/nd4j/nativeblas/linux-x86_64/libgomp.so.1 in url jar:file:/C:/Users/duhyun/.m2/repository/org/nd4j/nd4j-native/0.5.0/nd4j-native-0.5.0-linux-x86_64.jar!/ with scanner SubTypesScanner
8242 [main] DEBUG org.reflections.Reflections - could not scan file org/nd4j/nativeblas/linux-x86_64/libgfortran.so.3 in url jar:file:/C:/Users/duhyun/.m2/repository/org/nd4j/nd4j-native/0.5.0/nd4j-native-0.5.0-linux-x86_64.jar!/ with scanner TypeAnnotationsScanner
8243 [main] DEBUG org.reflections.Reflections - could not scan file org/nd4j/nativeblas/linux-x86_64/libgfortran.so.3 in url jar:file:/C:/Users/duhyun/.m2/repository/org/nd4j/nd4j-native/0.5.0/nd4j-native-0.5.0-linux-x86_64.jar!/ with scanner SubTypesScanner
8244 [main] DEBUG org.reflections.Reflections - could not scan file org/nd4j/nativeblas/linux-x86_64/libopenblas.so.0 in url jar:file:/C:/Users/duhyun/.m2/repository/org/nd4j/nd4j-native/0.5.0/nd4j-native-0.5.0-linux-x86_64.jar!/ with scanner TypeAnnotationsScanner
8246 [main] DEBUG org.reflections.Reflections - could not scan file org/nd4j/nativeblas/linux-x86_64/libopenblas.so.0 in url jar:file:/C:/Users/duhyun/.m2/repository/org/nd4j/nd4j-native/0.5.0/nd4j-native-0.5.0-linux-x86_64.jar!/ with scanner SubTypesScanner
8247 [main] DEBUG org.reflections.Reflections - could not scan file org/nd4j/nativeblas/linux-x86_64/libnd4j.so in url jar:file:/C:/Users/duhyun/.m2/repository/org/nd4j/nd4j-native/0.5.0/nd4j-native-0.5.0-linux-x86_64.jar!/ with scanner TypeAnnotationsScanner
8247 [main] DEBUG org.reflections.Reflections - could not scan file org/nd4j/nativeblas/linux-x86_64/libnd4j.so in url jar:file:/C:/Users/duhyun/.m2/repository/org/nd4j/nd4j-native/0.5.0/nd4j-native-0.5.0-linux-x86_64.jar!/ with scanner SubTypesScanner
8248 [main] DEBUG org.reflections.Reflections - could not scan file org/nd4j/nativeblas/linux-x86_64/libjnind4j.so in url jar:file:/C:/Users/duhyun/.m2/repository/org/nd4j/nd4j-native/0.5.0/nd4j-native-0.5.0-linux-x86_64.jar!/ with scanner TypeAnnotationsScanner
8248 [main] DEBUG org.reflections.Reflections - could not scan file org/nd4j/nativeblas/linux-x86_64/libjnind4j.so in url jar:file:/C:/Users/duhyun/.m2/repository/org/nd4j/nd4j-native/0.5.0/nd4j-native-0.5.0-linux-x86_64.jar!/ with scanner SubTypesScanner
8249 [main] DEBUG org.reflections.Reflections - could not scan file org/nd4j/nativeblas/windows-x86_64/jnind4j.dll in url jar:file:/C:/Users/duhyun/.m2/repository/org/nd4j/nd4j-native/0.5.0/nd4j-native-0.5.0-windows-x86_64.jar!/ with scanner TypeAnnotationsScanner
8251 [main] DEBUG org.reflections.Reflections - could not scan file org/nd4j/nativeblas/windows-x86_64/jnind4j.dll in url jar:file:/C:/Users/duhyun/.m2/repository/org/nd4j/nd4j-native/0.5.0/nd4j-native-0.5.0-windows-x86_64.jar!/ with scanner SubTypesScanner
8252 [main] DEBUG org.reflections.Reflections - could not scan file org/nd4j/nativeblas/windows-x86_64/libgcc_s_seh-1.dll in url jar:file:/C:/Users/duhyun/.m2/repository/org/nd4j/nd4j-native/0.5.0/nd4j-native-0.5.0-windows-x86_64.jar!/ with scanner TypeAnnotationsScanner
8252 [main] DEBUG org.reflections.Reflections - could not scan file org/nd4j/nativeblas/windows-x86_64/libgcc_s_seh-1.dll in url jar:file:/C:/Users/duhyun/.m2/repository/org/nd4j/nd4j-native/0.5.0/nd4j-native-0.5.0-windows-x86_64.jar!/ with scanner SubTypesScanner
8253 [main] DEBUG org.reflections.Reflections - could not scan file org/nd4j/nativeblas/windows-x86_64/libgfortran-3.dll in url jar:file:/C:/Users/duhyun/.m2/repository/org/nd4j/nd4j-native/0.5.0/nd4j-native-0.5.0-windows-x86_64.jar!/ with scanner TypeAnnotationsScanner
8254 [main] DEBUG org.reflections.Reflections - could not scan file org/nd4j/nativeblas/windows-x86_64/libgfortran-3.dll in url jar:file:/C:/Users/duhyun/.m2/repository/org/nd4j/nd4j-native/0.5.0/nd4j-native-0.5.0-windows-x86_64.jar!/ with scanner SubTypesScanner
8255 [main] DEBUG org.reflections.Reflections - could not scan file org/nd4j/nativeblas/windows-x86_64/libgomp-1.dll in url jar:file:/C:/Users/duhyun/.m2/repository/org/nd4j/nd4j-native/0.5.0/nd4j-native-0.5.0-windows-x86_64.jar!/ with scanner TypeAnnotationsScanner
8255 [main] DEBUG org.reflections.Reflections - could not scan file org/nd4j/nativeblas/windows-x86_64/libgomp-1.dll in url jar:file:/C:/Users/duhyun/.m2/repository/org/nd4j/nd4j-native/0.5.0/nd4j-native-0.5.0-windows-x86_64.jar!/ with scanner SubTypesScanner
8257 [main] DEBUG org.reflections.Reflections - could not scan file org/nd4j/nativeblas/windows-x86_64/libnd4j.dll in url jar:file:/C:/Users/duhyun/.m2/repository/org/nd4j/nd4j-native/0.5.0/nd4j-native-0.5.0-windows-x86_64.jar!/ with scanner TypeAnnotationsScanner
8257 [main] DEBUG org.reflections.Reflections - could not scan file org/nd4j/nativeblas/windows-x86_64/libnd4j.dll in url jar:file:/C:/Users/duhyun/.m2/repository/org/nd4j/nd4j-native/0.5.0/nd4j-native-0.5.0-windows-x86_64.jar!/ with scanner SubTypesScanner
8258 [main] DEBUG org.reflections.Reflections - could not scan file org/nd4j/nativeblas/windows-x86_64/libopenblas.dll in url jar:file:/C:/Users/duhyun/.m2/repository/org/nd4j/nd4j-native/0.5.0/nd4j-native-0.5.0-windows-x86_64.jar!/ with scanner TypeAnnotationsScanner
8258 [main] DEBUG org.reflections.Reflections - could not scan file org/nd4j/nativeblas/windows-x86_64/libopenblas.dll in url jar:file:/C:/Users/duhyun/.m2/repository/org/nd4j/nd4j-native/0.5.0/nd4j-native-0.5.0-windows-x86_64.jar!/ with scanner SubTypesScanner
8259 [main] DEBUG org.reflections.Reflections - could not scan file org/nd4j/nativeblas/windows-x86_64/libquadmath-0.dll in url jar:file:/C:/Users/duhyun/.m2/repository/org/nd4j/nd4j-native/0.5.0/nd4j-native-0.5.0-windows-x86_64.jar!/ with scanner TypeAnnotationsScanner
8260 [main] DEBUG org.reflections.Reflections - could not scan file org/nd4j/nativeblas/windows-x86_64/libquadmath-0.dll in url jar:file:/C:/Users/duhyun/.m2/repository/org/nd4j/nd4j-native/0.5.0/nd4j-native-0.5.0-windows-x86_64.jar!/ with scanner SubTypesScanner
8260 [main] DEBUG org.reflections.Reflections - could not scan file org/nd4j/nativeblas/windows-x86_64/libstdc++-6.dll in url jar:file:/C:/Users/duhyun/.m2/repository/org/nd4j/nd4j-native/0.5.0/nd4j-native-0.5.0-windows-x86_64.jar!/ with scanner TypeAnnotationsScanner
8261 [main] DEBUG org.reflections.Reflections - could not scan file org/nd4j/nativeblas/windows-x86_64/libstdc++-6.dll in url jar:file:/C:/Users/duhyun/.m2/repository/org/nd4j/nd4j-native/0.5.0/nd4j-native-0.5.0-windows-x86_64.jar!/ with scanner SubTypesScanner
8261 [main] DEBUG org.reflections.Reflections - could not scan file org/nd4j/nativeblas/windows-x86_64/libwinpthread-1.dll in url jar:file:/C:/Users/duhyun/.m2/repository/org/nd4j/nd4j-native/0.5.0/nd4j-native-0.5.0-windows-x86_64.jar!/ with scanner TypeAnnotationsScanner
8262 [main] DEBUG org.reflections.Reflections - could not scan file org/nd4j/nativeblas/windows-x86_64/libwinpthread-1.dll in url jar:file:/C:/Users/duhyun/.m2/repository/org/nd4j/nd4j-native/0.5.0/nd4j-native-0.5.0-windows-x86_64.jar!/ with scanner SubTypesScanner
8292 [main] INFO  org.reflections.Reflections - Reflections took 649 ms to scan 11 urls, producing 111 keys and 368 values 
9148 [main] WARN  o.d.nn.conf.NeuralNetConfiguration - Layer "Layer not named dropConnect is set to true but dropout rate is set to 0.0
9150 [main] WARN  o.d.nn.conf.NeuralNetConfiguration - Layer "Layer not named dropConnect is set to true but dropout rate is set to 0.0
9150 [main] WARN  o.d.nn.conf.NeuralNetConfiguration - Layer "Layer not named dropConnect is set to true but dropout rate is set to 0.0
9150 [main] WARN  o.d.nn.conf.NeuralNetConfiguration - Layer "Layer not named dropConnect is set to true but dropout rate is set to 0.0
9150 [main] WARN  o.d.nn.conf.NeuralNetConfiguration - Layer "Layer not named dropConnect is set to true but dropout rate is set to 0.0
9151 [main] WARN  o.d.nn.conf.NeuralNetConfiguration - Layer "Layer not named dropConnect is set to true but dropout rate is set to 0.0
9301 [main] INFO  com.doohh.example.CifarDistEx - params : [0.00, 0.00, 0.00, 0.00, 0.00, -0.03, 0.08, -0.16, -0.37, -0.52, 0.06, 0.35, 0.29, -0.22, 0.06, 0.14, 0.09, -0.18, -0.32, 0.24, -0.29, 0.06, 0.10, 0.31, -0.35, -0.12, 0.13, -0.22, -0.29, -0.29, -0.50, -0.30, -0.12, 0.32, -0.42, 0.06, 0.32, 0.08, -0.29, -0.54, 0.10, 0.32, -0.29, -0.00, -0.34, 0.17, 0.55, -0.21, -0.17, 0.19, -0.04, 0.35, 0.19, 0.47, -0.08, 0.33, 0.08, 0.74, 0.41, -0.13, -0.07, 0.12, -0.37, 0.47, -0.38, 0.13, 0.40, -0.19, 0.09, 0.69, -0.24, 0.22, 0.41, -0.18, 0.08, -0.55, -0.19, 0.37, 0.56, 0.37, 0.03, 0.41, -0.31, 0.39, 0.39, 0.61, -0.36, -0.52, 0.49, -0.16, 0.94, -0.14, 0.17, -0.53, 0.70, -0.57, 0.61, -0.48, -0.58, -0.39, 0.23, 0.24, 0.02, 0.09, -0.10, -0.09, -0.17, -0.50, -0.05, 0.19, -0.14, -0.09, -0.34, -0.01, 0.70, 0.04, -0.58, -0.05, -0.81, 0.31, -0.05, 0.28, 0.04, 0.31, 0.42, 0.00, -0.14, 0.31, -0.38, 0.04, -0.12, -0.27, 0.51, -0.10, -0.29, -0.23, -0.68, 0.01, 0.12, -0.12, 0.09, -0.04, -0.20, 0.13, 0.29, 0.74, 0.25, 0.61, 0.04, 0.35, -0.22, 0.26, -0.01, -0.12, -0.67, 0.57, -0.13, 0.36, -0.29, -0.28, 0.51, -0.36, -0.42, 0.12, 0.11, -0.37, 0.17, -0.49, 0.11, 0.53, -0.18, 0.18, 0.09, 0.12, 0.20, -0.41, 0.45, -0.36, -0.11, -0.72, -0.09, 0.13, -0.64, 0.45, -0.18, 0.39, 0.67, -0.23, -0.06, 0.59, 0.56, -0.15, 0.05, 0.30, -0.17, 0.27, 0.38, 0.32, -0.36, -0.23, 0.10, 0.14, -0.13, -0.19, 0.41, -0.27, -0.30, -0.45, -0.58, -1.03, -0.10, -0.03, -0.19, -0.33, 0.41, 0.30, 0.16, 0.02, -0.55, 0.56, 0.42, 0.18, -0.25, 0.01, 0.03, -0.26, -0.17, -0.28, 0.65, 0.15, 0.67, -0.33, -0.17, 0.50, -0.24, 0.41, -0.07, 0.01, -0.01, -0.19, 0.37, -0.10, 0.38, 0.33, 0.88, -0.34, -0.57, 0.40, 0.12, -0.65, 0.41, -0.48, 0.36, -0.09, -0.57, 0.19, 0.16, -0.05, 0.21, 0.65, 0.11, 0.24, 0.40, 0.05, 0.04, 0.43, 0.16, 0.66, -0.37, -0.42, -0.20, 0.17, -0.29, -0.07, -0.10, 0.42, -0.15, -0.30, -0.39, -0.42, 0.23, -0.07, -0.08, 0.17, -0.41, -0.11, 0.51, 0.65, -0.25, 0.03, -0.23, -0.21, 0.14, 0.12, -0.12, -0.12, -0.48, -0.16, -0.25, -0.18, 0.30, 0.06, -0.61, 0.15, -0.52, 0.13, 0.26, 0.46, -0.85, 0.03, -0.30, 0.05, 0.54, -0.18, -0.13, 0.21, -0.51, -0.31, -0.24, -0.47, -0.04, 0.46, -0.19, -0.09, 0.07, -0.28, 0.14, -0.20, -0.09, 0.04, -0.24, -0.46, -0.40, -0.15, 0.33, -0.20, 0.33, -0.24, 0.10, 0.21, -0.69, 0.52, -0.09, -0.37, -0.05, 0.31, 0.05, -0.04, 0.43, -0.46, -0.22, -0.41, 0.11, 0.19, 0.09, -0.34, 0.46, 0.79, -0.66, 0.59, 0.46, 0.27, -0.11, 0.18, 0.44, -0.17, -0.43, 0.07, -0.30, -0.43, 0.46, -0.13, -0.17, 0.64, 0.11, 0.16, 0.01, 0.14, 0.43, -0.10, 0.00, 0.00, 0.00, 0.00, 0.00, 0.00, 0.00, 0.00, 0.00, 0.00, -0.09, -0.18, -0.22, 0.00, -0.02, 0.20, 0.15, -0.26, 0.00, 0.23, 0.30, -0.14, 0.02, 0.43, 0.34, -0.29, 0.36, -0.13, -0.11, -0.02, -0.09, 0.01, 0.16, -0.37, -0.12, -0.03, 0.08, 0.18, 0.26, -0.22, 0.02, -0.63, 0.37, 0.24, 0.42, -0.41, 0.29, -0.09, 0.18, -0.19, 0.28, 0.10, -0.03, -0.01, 0.42, 0.23, -0.23, 0.18, 0.22, -0.06, 0.09, 0.06, 0.30, -0.21, -0.05, 0.30, 0.21, -0.13, 0.46, -0.04, 0.01, -0.14, 0.10, -0.04, 0.01, -0.33, -0.18, 0.04, 0.43, -0.16, 0.27, -0.36, 0.16, 0.21, -0.08, -0.05, -0.12, -0.07, -0.07, -0.14, -0.21, 0.08, -0.26, 0.30, 0.04, 0.13, 0.12, -0.17, -0.07, 0.19, 0.38, 0.10, -0.15, 0.09, 0.33, 0.14, -0.05, -0.27, -0.48, -0.13, -0.43, -0.03, 0.15, -0.13, -0.32, 0.13, 0.30, 0.06, 0.14, 0.15, 0.40, 0.19, 0.05, 0.05, 0.07, 0.40, 0.36, -0.36, -0.01, 0.26, -0.31, -0.18, -0.15, 0.25, 0.28, -0.04, 0.04, -0.02, 0.00, -0.37, 0.01, -0.14, -0.00, -0.03, 0.28, 0.19, -0.28, -0.23, 0.13, -0.18, 0.17, -0.40, 0.19, -0.01, -0.29, 0.59, 0.25, 0.21, -0.13, -0.10, -0.32, -0.02, -0.20, 0.25, -0.10, 0.27, 0.06, 0.12, 0.13, -0.40, -0.07, 0.34, -0.32, -0.37, 0.09, 0.23, 0.65, 0.04, -0.20, 0.27, 0.11, 0.02, 0.25, 0.06, -0.10, -0.14, 0.61, 0.51, 0.23, -0.06, 0.31, -0.09, 0.03, 0.07, -0.23, -0.65, 0.18, 0.06, -0.13, -0.27, -0.31, 0.08, -0.14, -0.00, 0.03, 0.18, 0.15, -0.13, -0.11, 0.42, 0.05, -0.00, 0.37, -0.08, -0.03, -0.07, 0.08, 0.04, 0.01, 0.18, -0.47, 0.22, -0.09, 0.03, 0.24, -0.35, 0.07, -0.28, 0.03, 0.31, 0.46, -0.20, 0.39, 0.06, 0.10, -0.37, -0.20, 0.13, 0.06, 0.10, 0.34, 0.07, -0.13, -0.09, -0.06, -0.08, -0.04, 0.13, 0.21, -0.57, 0.38, 0.15, -0.05, 0.06, 0.12, -0.47, 0.15, 0.02, -0.25, -0.46, 0.04, 0.00, 0.19, 0.22, -0.14, 0.28, -0.05, -0.26, -0.44, 0.55, -0.39, 0.03, -0.03, -0.63, -0.18, -0.26, -0.01, -0.15, -0.15, 0.11, -0.15, -0.39, -0.27, 0.14, 0.12, 0.17, -0.37, -0.17, -0.48, 0.04, -0.11, 0.16, -0.26, 0.59, 0.06, 0.23, -0.17, -0.17, 0.35, -0.05, 0.17, -0.06, -0.36, 0.08, -0.03, 0.17, 0.05, 0.25, -0.05, -0.09, 0.10, -0.29, -0.02, 0.20, -0.19, -0.29, -0.32, -0.07, 0.14, 0.03, 0.02, 0.00, -0.15, -0.25, 0.08, 0.22, 0.25, -0.41, -0.11, -0.15, 0.29, 0.08, 0.09, -0.45, -0.06, 0.04, 0.11, 0.52, -0.05, 0.41, 0.07, -0.08, -0.05, -0.27, -0.12, 0.14, -0.13, -0.33, 0.10, -0.02, 0.09, -0.02, -0.03, -0.03, -0.62, 0.20, 0.14, -0.31, 0.02, 0.22, -0.01, 0.27, -0.15, 0.30, 0.07, -0.05, -0.15, 0.11, 0.09, 0.27, 0.56, 0.26, -0.07, -0.16, -0.28, 0.13, -0.23, -0.31, -0.11, -0.30, -0.03, -0.04, 0.08, -0.37, -0.23, -0.32, -0.59, -0.17, -0.05, -0.21, -0.23, -0.25, 0.14, 0.23, 0.25, -0.03, -0.24, -0.42, -0.12, -0.07, 0.15, 0.03, 0.28, -0.04, 0.13, 0.37, -0.39, -0.10, 0.14, -0.17, -0.04, 0.08, -0.30, -0.11, 0.14, 0.07, 0.20, 0.21, -0.37, 0.70, -0.21, 0.32, -0.27, 0.10, -0.16, 0.10, 0.17, 0.06, -0.39, 0.24, -0.19, 0.10, -0.02, -0.04, 0.07, 0.03, 0.14, -0.42, -0.11, -0.00, -0.15, -0.23, -0.37, 0.17, -0.13, -0.38, -0.26, 0.48, 0.29, -0.31, 0.27, 0.33, -0.30, 0.23, -0.29, 0.06, -0.15, -0.30, -0.46, -0.07, 0.07, -0.01, 0.22, -0.08, 0.04, -0.05, -0.09, 0.05, 0.15, 0.04, -0.20, 0.10, 0.04, 0.08, -0.03, -0.02, -0.08, 0.02, -0.14, -0.18, -0.03, 0.03, 0.10, 0.03, -0.03, 0.10, -0.05, -0.06, -0.02, 0.21, -0.02, -0.13, -0.03, 0.09, -0.12, 0.01, 0.01, -0.14, -0.07, 0.13, -0.02, -0.14, -0.11, -0.14, -0.12, 0.11, -0.18, 0.06, 0.03, -0.17, -0.04, -0.06, 0.03, 0.12, -0.10, 0.02, -0.04, -0.05, 0.04, -0.02, -0.08, -0.04, 0.06, 0.14, 0.05, -0.12, -0.03, 0.06, -0.09, 0.04, 0.01, 0.03, 0.18, 0.09, 0.18, -0.01, 0.08, -0.13, -0.06, 0.16, -0.07, -0.07, 0.02, 0.01, 0.06, -0.09, -0.03, -0.05, -0.02, 0.09, -0.07, 0.07, -0.14, 0.08, -0.08, 0.18, 0.03, 0.03, 0.07, 0.01, 0.02, 0.01, 0.15, -0.22, 0.14, 0.22, -0.11, -0.07, -0.12, 0.02, 0.22, 0.10, -0.01, -0.09, 0.01, 0.02, 0.19, 0.05, -0.10, -0.05, -0.19, 0.02, -0.10, 0.01, 0.00, 0.20, -0.07, -0.06, 0.14, -0.09, -0.07, -0.11, -0.05, -0.02, 0.12, -0.05, 0.20, -0.01, -0.17, 0.08, 0.25, 0.07, 0.13, 0.00, -0.09, 0.03, 0.02, -0.06, 0.12, 0.06, 0.01, 0.06, -0.10, -0.02, -0.13, 0.12, 0.06, -0.13, 0.11, -0.16, 0.28, -0.03, 0.11, 0.02, 0.03, 0.00, 0.03, -0.06, 0.04, 0.13, -0.10, -0.27, 0.17, 0.06, 0.12, 0.08, -0.13, -0.01, 0.08, -0.10, -0.02, 0.18, -0.01, -0.08, -0.05, -0.10, 0.09, 0.06, -0.04, -0.09, 0.02, 0.15, 0.17, -0.02, -0.01, -0.07, -0.09, 0.17, -0.06, -0.12, -0.21, -0.13, -0.13, -0.00, 0.03, 0.14, 0.15, 0.21, 0.08, -0.01, 0.05, -0.06, 0.05, 0.07, -0.07, 0.05, -0.03, 0.07, -0.02, -0.05, -0.08, 0.05, -0.04, -0.12, -0.11, 0.19, -0.06, -0.15, -0.15, 0.14, -0.01, 0.14, 0.04, -0.01, 0.03, 0.04, 0.03, -0.16, 0.15, 0.01, 0.02, -0.08, 0.10, -0.10, -0.07, 0.14, 0.11, 0.14, -0.02, -0.02, -0.12, -0.09, 0.16, -0.15, -0.12, 0.14, 0.08, 0.02, 0.04, 0.09, 0.01, -0.00, -0.05, -0.18, -0.05, -0.01, 0.12, -0.17, 0.04, 0.00, -0.08, 0.08, 0.04, 0.03, 0.13, -0.16, 0.10, -0.05, 0.18, -0.04, -0.03, 0.15, 0.01, -0.00, -0.13, 0.04, 0.05, -0.13, -0.01, -0.02, 0.07, 0.04, -0.00, 0.08, 0.18, -0.10, -0.20, 0.06, -0.05, 0.03, -0.07, -0.03, 0.12, -0.01, 0.10, 0.04, -0.07, -0.08, 0.22, -0.01, 0.08, -0.08, -0.02, 0.06, 0.02, 0.07, 0.13, 0.23, 0.10, -0.32, 0.01, 0.03, -0.03, -0.09, -0.07, -0.04, -0.09, 0.01, 0.15, -0.15, 0.00, -0.05, -0.12, 0.04, 0.00, -0.10, -0.10, -0.14, -0.02, 0.10, -0.09, 0.18, 0.11, 0.11, -0.07, 0.12, 0.05, 0.11, 0.21, -0.12, 0.10, 0.14, 0.05, -0.07, 0.09, 0.00, 0.01, 0.03, 0.15, -0.04, -0.04, 0.06, -0.08, 0.05, 0.09, -0.12, -0.18, -0.09, -0.08, 0.07, -0.03, 0.03, -0.04, -0.02, 0.05, 0.08, -0.16, -0.13, 0.04, -0.01, -0.02, 0.02, -0.02, 0.04, 0.06, 0.07, 0.06, 0.03, 0.08, 0.16, 0.05, 0.09, 0.09, 0.11, 0.01, -0.07, -0.09, -0.00, 0.03, 0.05, -0.05, 0.06, 0.05, 0.01, 0.15, 0.03, -0.06, -0.03, -0.13, -0.04, 0.05, 0.19, 0.01, 0.07, -0.17, -0.10, 0.15, 0.09, 0.04, 0.08, -0.03, -0.11, 0.00, 0.02, -0.01, -0.04, -0.08, -0.02, -0.01, 0.08, -0.01, -0.07, 0.10, 0.01, -0.02, 0.05, -0.15, -0.02, -0.02, 0.11, -0.05, 0.34, 0.08, 0.11, -0.06, 0.01, -0.14, 0.11, -0.01, -0.04, -0.00, 0.04, 0.08, 0.01, -0.04, 0.07, -0.10, -0.08, -0.00, -0.11, 0.03, 0.05, -0.14, 0.17, 0.04, 0.01, 0.00, -0.13, -0.00, -0.02, -0.20, 0.10, 0.04, 0.15, 0.05, 0.08, -0.20, -0.03, 0.11, -0.13, 0.07, -0.07, -0.04, 0.08, -0.10, 0.02, 0.01, -0.04, -0.04, -0.06, -0.01, -0.15, -0.07, -0.04, 0.05, -0.05, 0.11, -0.02, -0.02, 0.12, -0.11, -0.10, -0.08, -0.08, 0.02, 0.12, 0.00, 0.09, 0.11, 0.10, -0.00, 0.02, -0.05, 0.03, -0.24, 0.03, -0.10, 0.01, 0.04, 0.07, 0.15, 0.06, -0.03, 0.00, -0.02, -0.10, 0.00, 0.14, -0.14, 0.06, -0.04, -0.07, -0.10, -0.06, -0.14, 0.08, 0.13, -0.03, -0.05, 0.02, 0.04, 0.07, 0.02, -0.09, 0.08, -0.00, -0.02, -0.11, -0.03, -0.12, -0.03, 0.20, 0.07, -0.13, -0.09, -0.05, -0.14, 0.21, 0.03, 0.05, -0.09, 0.10, 0.05, -0.12, 0.03, -0.08, -0.00, -0.03, -0.15, 0.02, 0.05, -0.19, 0.02, -0.08, -0.08, -0.08, 0.06, 0.06, 0.01, -0.05, -0.08, 0.07, -0.11, -0.07, 0.09, -0.11, 0.07, -0.03, 0.07, -0.01, -0.17, -0.11, 0.10, -0.12, -0.11, 0.14, 0.00, 0.07, -0.02, 0.17, 0.12, 0.19, -0.04, -0.01, 0.08, -0.09, -0.11, -0.02, 0.09, -0.08, -0.18, -0.08, 0.08, -0.05, -0.07, -0.08, -0.14, 0.06, -0.18, -0.18, 0.25, 0.02, -0.08, -0.13, 0.16, -0.09, 0.19, 0.21, 0.06, -0.04, 0.01, -0.09, 0.28, -0.09, -0.09, -0.06, -0.02, -0.08, -0.13, 0.04, 0.12, 0.08, -0.02, -0.02, -0.03, -0.15, 0.11, 0.16, 0.11, -0.12, -0.13, 0.15, -0.07, 0.06, 0.12, -0.07, -0.15, -0.03, 0.01, -0.19, -0.14, -0.09, -0.13, 0.09, -0.09, -0.01, -0.10, 0.07, 0.04, -0.09, -0.06, -0.00, 0.05, -0.19, -0.05, -0.10, 0.01, -0.17, 0.06, 0.04, 0.26, 0.07, 0.07, -0.13, 0.03, 0.07, 0.02, -0.01, -0.07, -0.02, 0.01, 0.02, 0.15, -0.20, 0.12, -0.01, 0.15, 0.14, 0.09, 0.11, -0.03, 0.05, 0.07, -0.10, 0.06, -0.09, 0.03, -0.01, 0.10, -0.02, -0.03, 0.07, 0.01, 0.05, 0.02, 0.17, 0.06, -0.08, -0.05, 0.09, -0.08, -0.10, -0.14, -0.02, -0.20, -0.03, 0.00, -0.15, -0.02, 0.17, 0.10, -0.02, -0.07, -0.02, -0.13, -0.08, -0.01, -0.01, -0.16, 0.02, 0.00, -0.08, -0.05, -0.11, -0.02, -0.10, -0.02, -0.02, 0.05, -0.03, 0.11, 0.04, -0.08, 0.08, 0.11, 0.10, -0.02, 0.07, -0.03, -0.08, 0.12, -0.13, 0.15, 0.06, 0.14, 0.12, 0.01, 0.12, -0.02, 0.07, -0.01, -0.09, 0.20, 0.04, 0.08, 0.13, 0.04, -0.05, 0.04, -0.02, 0.09, 0.00, 0.05, -0.03, -0.03, -0.04, -0.05, -0.00, -0.01, 0.12, 0.08, -0.03, -0.06, 0.20, 0.08, -0.02, 0.04, 0.00, -0.18, -0.20, 0.03, 0.10, 0.20, -0.00, -0.01, -0.03, 0.06, -0.06, 0.19, -0.03, 0.10, -0.11, 0.05, 0.03, -0.16, -0.04, -0.00, 0.04, -0.18, 0.11, 0.09, -0.09, 0.05, -0.16, -0.13, 0.01, 0.04, -0.02, 0.13, -0.18, -0.11, -0.13, 0.00, 0.22, -0.12, 0.07, 0.04, -0.02, -0.13, 0.06, 0.11, 0.12, 0.00, 0.07, -0.17, 0.00, 0.04, -0.07, 0.01, -0.02, -0.08, -0.09, 0.06, 0.07, 0.11, -0.05, 0.12, 0.06, -0.11, -0.16, 0.08, -0.05, -0.00, 0.02, 0.04, 0.25, 0.04, -0.10, 0.01, -0.08, 0.00, -0.04, -0.14, -0.08, 0.14, 0.06, 0.08, 0.13, 0.10, -0.02, -0.05, 0.09, -0.11, 0.03, -0.27, 0.15, 0.06, -0.13, 0.11, -0.08, 0.12, -0.08, -0.14, 0.06, 0.05, 0.03, -0.16, -0.01, 0.08, 0.02, 0.18, 0.11, 0.06, -0.10, 0.11, -0.27, 0.00, -0.11, -0.21, 0.03, 0.01, 0.04, -0.03, 0.07, -0.11, -0.04, 0.19, -0.12, 0.05, 0.02, 0.18, 0.15, -0.06, 0.12, 0.18, 0.00, -0.14, 0.13, 0.01, 0.05, -0.01, -0.16, 0.06, -0.04, 0.17, 0.05, 0.12, -0.02, 0.07, 0.03, -0.00, -0.05, 0.13, -0.13, -0.01, -0.11, -0.03, -0.03, -0.11, 0.07, -0.09, -0.03, -0.09, -0.06, 0.24, -0.15, 0.10, -0.19, 0.02, -0.07, 0.05, -0.05, 0.18, -0.22, 0.00, -0.10, -0.22, -0.14, 0.14, -0.04, 0.05, -0.05, -0.00, 0.15, 0.06, 0.03, 0.13, -0.03, -0.04, 0.01, -0.02, 0.20, 0.04, -0.01, 0.20, -0.12, -0.23, -0.06, -0.07, 0.03, -0.06, 0.11, -0.20, -0.03, 0.00, 0.02, -0.01, -0.04, 0.10, 0.07, 0.00, 0.00, 0.00, 0.00, 0.00, 0.00, 0.00, 0.00, 0.00, 0.00, 0.00, 0.00, 0.00, 0.00, 0.00, 0.00, 0.00, 0.00, 0.00, 0.00, 0.00, 0.00, 0.00, 0.00, 0.00, 0.00, 0.00, 0.00, 0.00, 0.00, 0.00, 0.00, 0.00, 0.00, 0.00, 0.00, 0.00, 0.00, 0.00, 0.00, 0.00, 0.00, 0.00, 0.00, 0.00, 0.00, 0.00, 0.00, 0.00, 0.00, 0.00, 0.00, 0.00, 0.00, 0.00, 0.00, 0.00, 0.00, 0.00, 0.00, 0.00, 0.00, 0.00, 0.00, 0.00, 0.00, 0.00, 0.00, 0.00, 0.00, 0.00, 0.00, 0.00, 0.00, 0.00, 0.00, 0.00, 0.00, 0.00, 0.00, 0.00, 0.00, 0.00, 0.00, 0.00, 0.00, 0.00, 0.00, 0.00, 0.00, 0.00, 0.00, 0.00, 0.00, 0.00, 0.00, 0.00, 0.00, 0.00, 0.00, 0.05, -0.22, -0.15, 0.02, -0.12, -0.01, -0.22, -0.03, -0.11, 0.10, -0.07, -0.06, -0.12, 0.03, 0.00, 0.18, 0.05, -0.05, -0.04, -0.04, 0.01, 0.16, -0.00, -0.14, 0.01, 0.08, -0.14, 0.01, -0.21, -0.04, -0.05, 0.05, 0.01, 0.12, -0.09, 0.15, -0.14, -0.16, -0.12, 0.05, 0.09, -0.15, 0.09, -0.08, 0.08, 0.05, -0.01, 0.03, 0.01, -0.02, -0.09, 0.03, -0.03, 0.10, -0.23, -0.01, -0.00, -0.03, -0.07, 0.09, 0.07, -0.29, -0.17, -0.02, -0.05, -0.01, 0.01, 0.04, -0.08, 0.09, -0.16, 0.14, 0.01, -0.09, -0.10, 0.24, 0.05, 0.09, -0.06, -0.06, 0.04, -0.02, -0.09, 0.09, 0.08, 0.06, -0.03, -0.05, -0.09, -0.14, -0.08, 0.08, -0.08, -0.05, 0.01, -0.03, 0.23, 0.12, 0.13, 0.04, 0.12, 0.02, 0.09, 0.07, -0.01, -0.10, -0.08, -0.08, -0.08, 0.02, -0.04, -0.01, 0.05, 0.10, -0.00, -0.05, -0.10, -0.07, -0.05, -0.08, -0.15, -0.09, -0.15, -0.19, 0.11, -0.11, -0.04, -0.05, 0.06, 0.08, -0.06, 0.08, -0.06, -0.10, -0.09, 0.08, 0.01, -0.04, -0.12, -0.15, -0.04, -0.08, 0.03, -0.05, -0.08, 0.00, 0.15, -0.08, -0.12, 0.02, 0.01, 0.03, -0.05, 0.08, 0.03, -0.15, 0.04, -0.00, 0.12, 0.01, 0.05, -0.03, -0.09, 0.02, 0.04, 0.06, -0.09, 0.01, 0.14, -0.20, 0.10, -0.16, 0.11, -0.02, -0.07, -0.04, -0.01, -0.06, 0.02, 0.02, 0.14, -0.07, -0.00, 0.01, -0.10, 0.02, -0.00, 0.10, 0.01, 0.01, 0.01, 0.06, 0.05, 0.03, -0.06, -0.04, -0.09, -0.11, 0.05, 0.05, -0.01, 0.13, 0.14, -0.05, -0.07, -0.00, -0.09, -0.01, 0.04, 0.03, 0.14, 0.07, -0.04, -0.07, -0.06, -0.12, -0.01, 0.13, -0.03, -0.18, -0.14, -0.02, 0.17, 0.02, 0.10, 0.00, 0.11, -0.30, -0.03, 0.12, 0.05, 0.00, -0.16, 0.15, -0.07, 0.01, -0.05, 0.02, -0.05, 0.04, -0.04, 0.13, 0.21, 0.01, -0.17, 0.07, -0.13, -0.16, 0.04, -0.21, 0.10, 0.15, 0.06, 0.08, 0.06, 0.20, -0.01, 0.05, -0.19, 0.10, 0.09, 0.14, -0.01, -0.03, 0.11, 0.07, 0.07, -0.08, -0.18, -0.07, -0.08, -0.12, 0.01, -0.02, -0.10, -0.11, 0.01, -0.04, -0.12, -0.07, 0.00, 0.09, 0.04, 0.03, -0.27, -0.00, 0.08, -0.05, -0.01, 0.01, -0.00, -0.12, -0.04, -0.05, -0.04, -0.04, -0.08, -0.18, -0.01, -0.00, -0.05, 0.06, -0.03, -0.03, 0.02, 0.01, 0.05, -0.09, 0.12, -0.10, -0.08, 0.04, -0.02, -0.16, -0.08, -0.13, 0.03, -0.02, -0.02, -0.09, 0.02, 0.01, -0.03, 0.19, -0.09, -0.19, -0.08, -0.01, -0.01, 0.11, -0.05, 0.08, -0.06, -0.13, -0.22, 0.08, -0.07, 0.03, -0.02, 0.09, -0.04, -0.09, 0.01, 0.14, -0.08, 0.01, 0.13, -0.00, -0.04, 0.02, -0.02, -0.09, 0.03, -0.02, -0.19, 0.11, -0.04, 0.04, 0.01, -0.10, 0.19, -0.05, -0.07, 0.02, -0.16, -0.02, -0.17, 0.07, -0.04, 0.09, -0.05, -0.06, -0.15, 0.10, 0.08, 0.03, 0.03, -0.04, -0.01, 0.17, 0.04, -0.09, 0.19, 0.07, -0.15, 0.13, 0.08, 0.08, 0.00, 0.05, 0.11, 0.20, 0.20, -0.07, -0.01, -0.16, 0.11, 0.08, -0.02, 0.05, 0.10, -0.03, 0.28, 0.05, -0.02, 0.03, -0.13, 0.01, 0.20, 0.21, -0.06, -0.04, 0.04, 0.13, -0.10, -0.10, -0.02, 0.29, 0.18, 0.02, 0.02, 0.14, 0.07, -0.13, 0.00, 0.01, -0.09, 0.00, -0.03, 0.07, -0.02, 0.03, -0.02, -0.04, 0.04, -0.04, 0.03, -0.03, -0.03, -0.14, -0.01, 0.03, 0.10, -0.03, -0.07, -0.08, -0.00, 0.01, 0.04, -0.14, 0.14, 0.01, -0.02, 0.01, 0.02, 0.02, 0.06, 0.08, -0.03, -0.00, 0.09, -0.15, -0.02, -0.17, -0.16, 0.12, 0.02, -0.17, -0.20, -0.02, -0.13, -0.01, 0.10, -0.07, -0.06, -0.07, 0.05, -0.03, -0.00, 0.07, 0.09, -0.08, 0.10, 0.10, 0.13, -0.14, -0.06, 0.04, 0.09, -0.06, 0.11, -0.00, 0.10, -0.08, -0.12, 0.15, 0.06, 0.03, 0.04, -0.07, -0.01, 0.18, 0.01, -0.01, -0.22, 0.22, 0.10, -0.06, -0.04, 0.15, -0.21, -0.16, -0.11, -0.03, -0.06, 0.04, -0.07, 0.20, -0.06, -0.09, -0.12, -0.01, 0.02, -0.05, -0.00, -0.01, -0.06, -0.02, 0.12, 0.07, 0.17, -0.14, -0.00, 0.09, -0.08, 0.01, -0.03, 0.15, 0.00, -0.00, 0.10, -0.09, 0.02, 0.18, 0.05, 0.09, -0.02, -0.04, -0.02, 0.03, -0.05, 0.09, -0.03, 0.07, -0.01, -0.03, -0.03, 0.06, -0.09, 0.01, 0.07, -0.12, 0.23, 0.00, 0.06, -0.02, 0.09, -0.08, 0.03, -0.00, 0.04, -0.13, -0.06, -0.01, -0.24, -0.00, -0.08, 0.01, 0.17, 0.11, 0.02, -0.02, 0.04, -0.01, -0.06, -0.08, 0.01, -0.20, 0.01, 0.09, 0.16, -0.08, 0.10, -0.17, 0.05, 0.00, 0.07, -0.22, -0.11, -0.01, 0.11, 0.10, 0.17, -0.08, -0.10, -0.23, 0.11, 0.14, 0.03, 0.02, 0.14, 0.07, -0.10, 0.03, -0.10, 0.12, -0.06, -0.14, -0.05, 0.09, 0.06, -0.05, 0.01, -0.06, 0.07, 0.18, -0.05, 0.05, 0.02, 0.03, -0.05, -0.05, 0.11, 0.03, 0.07, -0.06, -0.07, 0.06, -0.07, -0.04, 0.11, -0.06, 0.11, -0.02, 0.05, -0.23, -0.05, 0.05, 0.01, 0.11, -0.04, 0.05, 0.12, 0.04, -0.03, -0.09, 0.25, 0.13, 0.01, -0.00, 0.14, 0.18, -0.06, -0.12, 0.19, -0.05, -0.08, 0.10, -0.03, -0.01, -0.08, 0.20, -0.00, 0.01, -0.02, -0.07, -0.02, -0.08, 0.05, -0.03, -0.16, 0.09, 0.08, 0.09, -0.01, -0.00, -0.09, -0.00, -0.10, -0.02, -0.07, -0.05, 0.04, -0.05, -0.10, -0.08, 0.08, 0.10, -0.21, 0.00, -0.09, -0.06, 0.05, -0.09, 0.04, 0.01, -0.04, -0.06, 0.04, -0.08, 0.16, -0.07, -0.10, 0.02, 0.10, -0.03, -0.01, 0.05, 0.08, -0.01, -0.00, 0.14, -0.09, 0.01, -0.08, -0.07, 0.03, -0.13, -0.05, 0.03, -0.16, -0.01, 0.14, 0.16, -0.05, 0.03, -0.13, -0.02, -0.03, -0.06, -0.18, -0.16, 0.12, 0.00, 0.06, -0.11, -0.06, -0.09, 0.07, -0.03, -0.02, -0.11, 0.01, 0.15, 0.17, -0.09, 0.03, -0.12, 0.06, 0.03, -0.04, 0.10, 0.05, -0.13, 0.18, 0.08, 0.04, -0.18, -0.02, -0.02, 0.01, -0.14, 0.06, 0.00, -0.04, -0.10, -0.00, -0.17, -0.03, -0.01, 0.11, -0.06, 0.12, 0.10, -0.12, -0.08, -0.08, 0.07, -0.09, -0.00, 0.00, -0.05, 0.12, -0.16, -0.08, 0.10, 0.16, 0.01, -0.12, 0.00, -0.04, -0.12, -0.05, 0.12, -0.15, 0.07, 0.08, 0.07, -0.26, 0.21, 0.08, 0.04, -0.01, -0.02, 0.04, -0.09, -0.09, -0.02, 0.03, 0.11, -0.12, -0.12, 0.07, 0.15, -0.06, -0.18, -0.01, -0.05, -0.01, -0.08, -0.00, 0.13, 0.18, -0.09, -0.06, 0.19, 0.04, -0.05, -0.05, -0.05, 0.01, 0.04, -0.21, -0.08, 0.00, 0.11, 0.03, 0.02, 0.09, -0.03, -0.14, -0.07, 0.04, 0.07, -0.01, 0.23, -0.04, 0.01, -0.04, -0.17, -0.05, 0.06, 0.05, -0.00, -0.03, 0.01, -0.13, 0.16, 0.06, 0.06, 0.03, -0.02, -0.06, 0.14, -0.00, 0.13, -0.04, -0.13, 0.14, 0.04, 0.04, 0.03, 0.04, -0.06, 0.08, 0.09, -0.06, -0.04, -0.14, -0.08, 0.06, 0.03, 0.05, 0.09, -0.06, 0.02, -0.18, -0.04, 0.01, 0.05, 0.12, 0.10, -0.11, 0.06, -0.11, -0.05, 0.02, -0.02, -0.02, -0.03, -0.09, 0.07, 0.03, -0.19, 0.10, 0.04, 0.04, 0.11, -0.11, 0.07, -0.01, -0.04, 0.09, -0.08, 0.09, 0.12, -0.14, 0.14, 0.04, 0.14, -0.02, -0.21, 0.21, 0.26, -0.02, 0.12, -0.08, 0.11, 0.03, -0.11, -0.13, 0.11, -0.09, -0.08, -0.12, 0.08, -0.27, -0.06, -0.09, 0.05, 0.17, -0.01, 0.15, -0.11, 0.19, 0.05, -0.01, 0.02, -0.25, -0.02, 0.01, -0.06, -0.09, 0.10, 0.02, 0.11, 0.00, -0.13, 0.17, -0.10, -0.00, 0.15, 0.05, 0.02, -0.10, -0.13, -0.01, 0.08, -0.17, 0.04, 0.07, 0.09, -0.10, -0.10, 0.03, -0.00, -0.01, 0.03, -0.02, -0.05, -0.03, -0.12, -0.06, 0.06, 0.01, 0.23, 0.14, -0.16, -0.04, 0.03, 0.00, 0.00, 0.00, 0.00, 0.00, 0.00, 0.00, 0.00, 0.00, 0.00]
9600 [main] INFO  com.doohh.example.CifarDistEx - gradient : null
12750 [main] INFO  o.d.o.l.ScoreIterationListener - Score at iteration 0 is NaN
13742 [main] INFO  o.d.o.l.ScoreIterationListener - Score at iteration 2 is NaN
14445 [main] INFO  o.d.o.l.ScoreIterationListener - Score at iteration 4 is NaN
15206 [main] INFO  o.d.o.l.ScoreIterationListener - Score at iteration 6 is NaN
15842 [main] INFO  o.d.o.l.ScoreIterationListener - Score at iteration 8 is NaN
16879 [main] INFO  o.d.o.l.ScoreIterationListener - Score at iteration 10 is NaN
17462 [main] INFO  o.d.o.l.ScoreIterationListener - Score at iteration 12 is NaN
18090 [main] INFO  o.d.o.l.ScoreIterationListener - Score at iteration 14 is NaN
18849 [main] INFO  o.d.o.l.ScoreIterationListener - Score at iteration 16 is NaN
19986 [main] INFO  o.d.o.l.ScoreIterationListener - Score at iteration 18 is NaN
20590 [main] INFO  o.d.o.l.ScoreIterationListener - Score at iteration 20 is NaN
21154 [main] INFO  o.d.o.l.ScoreIterationListener - Score at iteration 22 is NaN
21721 [main] INFO  o.d.o.l.ScoreIterationListener - Score at iteration 24 is NaN
22369 [main] INFO  o.d.o.l.ScoreIterationListener - Score at iteration 26 is NaN
23171 [main] INFO  o.d.o.l.ScoreIterationListener - Score at iteration 28 is NaN
23786 [main] INFO  o.d.o.l.ScoreIterationListener - Score at iteration 30 is NaN
24329 [main] INFO  o.d.o.l.ScoreIterationListener - Score at iteration 32 is NaN
24875 [main] INFO  o.d.o.l.ScoreIterationListener - Score at iteration 34 is NaN
25745 [main] INFO  o.d.o.l.ScoreIterationListener - Score at iteration 36 is 21.36167731299491
26418 [main] INFO  o.d.o.l.ScoreIterationListener - Score at iteration 38 is NaN
27008 [main] INFO  o.d.o.l.ScoreIterationListener - Score at iteration 40 is NaN
27618 [main] INFO  o.d.o.l.ScoreIterationListener - Score at iteration 42 is NaN
28316 [main] INFO  o.d.o.l.ScoreIterationListener - Score at iteration 44 is NaN
29116 [main] INFO  o.d.o.l.ScoreIterationListener - Score at iteration 46 is NaN
29719 [main] INFO  o.d.o.l.ScoreIterationListener - Score at iteration 48 is NaN
30324 [main] INFO  o.d.o.l.ScoreIterationListener - Score at iteration 50 is NaN
30868 [main] INFO  o.d.o.l.ScoreIterationListener - Score at iteration 52 is NaN
31722 [main] INFO  o.d.o.l.ScoreIterationListener - Score at iteration 54 is NaN
32314 [main] INFO  o.d.o.l.ScoreIterationListener - Score at iteration 56 is NaN
32869 [main] INFO  o.d.o.l.ScoreIterationListener - Score at iteration 58 is NaN
33505 [main] INFO  o.d.o.l.ScoreIterationListener - Score at iteration 60 is 19.135906970879095
34195 [main] INFO  o.d.o.l.ScoreIterationListener - Score at iteration 62 is NaN
34937 [main] INFO  o.d.o.l.ScoreIterationListener - Score at iteration 64 is NaN
35464 [main] INFO  o.d.o.l.ScoreIterationListener - Score at iteration 66 is NaN
35989 [main] INFO  o.d.o.l.ScoreIterationListener - Score at iteration 68 is NaN
36550 [main] INFO  o.d.o.l.ScoreIterationListener - Score at iteration 70 is NaN
37465 [main] INFO  o.d.o.l.ScoreIterationListener - Score at iteration 72 is 17.179567715763206
38028 [main] INFO  o.d.o.l.ScoreIterationListener - Score at iteration 74 is NaN
38681 [main] INFO  o.d.o.l.ScoreIterationListener - Score at iteration 76 is NaN
39233 [main] INFO  o.d.o.l.ScoreIterationListener - Score at iteration 78 is 16.792716442869676
39893 [main] INFO  o.d.o.l.ScoreIterationListener - Score at iteration 80 is NaN
40806 [main] INFO  o.d.o.l.ScoreIterationListener - Score at iteration 82 is 19.93266141825941
41354 [main] INFO  o.d.o.l.ScoreIterationListener - Score at iteration 84 is NaN
41939 [main] INFO  o.d.o.l.ScoreIterationListener - Score at iteration 86 is NaN
42455 [main] INFO  o.d.o.l.ScoreIterationListener - Score at iteration 88 is NaN
43338 [main] INFO  o.d.o.l.ScoreIterationListener - Score at iteration 90 is 25.023176252795622
43867 [main] INFO  o.d.o.l.ScoreIterationListener - Score at iteration 92 is 16.507417446373083
44387 [main] INFO  o.d.o.l.ScoreIterationListener - Score at iteration 94 is NaN
44978 [main] INFO  o.d.o.l.ScoreIterationListener - Score at iteration 96 is NaN
45512 [main] INFO  o.d.o.l.ScoreIterationListener - Score at iteration 98 is NaN
46271 [main] INFO  o.d.o.l.ScoreIterationListener - Score at iteration 100 is 9.37922625756686
46858 [main] INFO  o.d.o.l.ScoreIterationListener - Score at iteration 102 is 14.620117154416839
47389 [main] INFO  o.d.o.l.ScoreIterationListener - Score at iteration 104 is 19.970052591029937
47953 [main] INFO  o.d.o.l.ScoreIterationListener - Score at iteration 106 is NaN
48762 [main] INFO  o.d.o.l.ScoreIterationListener - Score at iteration 108 is NaN
49471 [main] INFO  o.d.o.l.ScoreIterationListener - Score at iteration 110 is NaN
50076 [main] INFO  o.d.o.l.ScoreIterationListener - Score at iteration 112 is NaN
50698 [main] INFO  o.d.o.l.ScoreIterationListener - Score at iteration 114 is NaN
51325 [main] INFO  o.d.o.l.ScoreIterationListener - Score at iteration 116 is NaN
