729  [main] INFO  com.doohh.example.LenetDistEx - Load data....
1623 [main] INFO  com.doohh.example.LenetDistEx - Build model....
8659 [main] DEBUG org.nd4j.nativeblas.NativeOps - Number of threads used for linear algebra 2
8663 [main] DEBUG org.nd4j.nativeblas.NativeOps - Number of threads used for linear algebra 2
8758 [main] DEBUG org.reflections.Reflections - going to scan these urls:
jar:file:/C:/Users/duhyun/.m2/repository/org/nd4j/nd4j-native/0.5.0/nd4j-native-0.5.0.jar!/
jar:file:/C:/Users/duhyun/.m2/repository/org/nd4j/nd4j-jackson/0.5.0/nd4j-jackson-0.5.0.jar!/
jar:file:/C:/Users/duhyun/.m2/repository/org/nd4j/nd4j-native/0.5.0/nd4j-native-0.5.0-macosx-x86_64.jar!/
jar:file:/C:/Users/duhyun/.m2/repository/org/nd4j/nd4j-api/0.5.0/nd4j-api-0.5.0.jar!/
jar:file:/C:/Users/duhyun/.m2/repository/org/nd4j/nd4j-native-api/0.5.0/nd4j-native-api-0.5.0.jar!/
jar:file:/C:/Users/duhyun/.m2/repository/org/nd4j/nd4j-native/0.5.0/nd4j-native-0.5.0-linux-ppc64le.jar!/
jar:file:/C:/Users/duhyun/.m2/repository/org/nd4j/nd4j-native/0.5.0/nd4j-native-0.5.0-linux-x86_64.jar!/
jar:file:/C:/Users/duhyun/.m2/repository/org/nd4j/nd4j-native/0.5.0/nd4j-native-0.5.0-windows-x86_64.jar!/
jar:file:/C:/Users/duhyun/.m2/repository/org/nd4j/nd4j-buffer/0.5.0/nd4j-buffer-0.5.0.jar!/
jar:file:/C:/Users/duhyun/.m2/repository/org/nd4j/nd4j-common/0.5.0/nd4j-common-0.5.0.jar!/
jar:file:/C:/Users/duhyun/.m2/repository/org/nd4j/nd4j-context/0.5.0/nd4j-context-0.5.0.jar!/
9043 [main] DEBUG org.reflections.Reflections - could not scan file org/nd4j/nativeblas/macosx-x86_64/libiomp5.dylib in url jar:file:/C:/Users/duhyun/.m2/repository/org/nd4j/nd4j-native/0.5.0/nd4j-native-0.5.0-macosx-x86_64.jar!/ with scanner TypeAnnotationsScanner
9048 [main] DEBUG org.reflections.Reflections - could not scan file org/nd4j/nativeblas/macosx-x86_64/libiomp5.dylib in url jar:file:/C:/Users/duhyun/.m2/repository/org/nd4j/nd4j-native/0.5.0/nd4j-native-0.5.0-macosx-x86_64.jar!/ with scanner SubTypesScanner
9049 [main] DEBUG org.reflections.Reflections - could not scan file org/nd4j/nativeblas/macosx-x86_64/libjnind4j.dylib in url jar:file:/C:/Users/duhyun/.m2/repository/org/nd4j/nd4j-native/0.5.0/nd4j-native-0.5.0-macosx-x86_64.jar!/ with scanner TypeAnnotationsScanner
9051 [main] DEBUG org.reflections.Reflections - could not scan file org/nd4j/nativeblas/macosx-x86_64/libjnind4j.dylib in url jar:file:/C:/Users/duhyun/.m2/repository/org/nd4j/nd4j-native/0.5.0/nd4j-native-0.5.0-macosx-x86_64.jar!/ with scanner SubTypesScanner
9052 [main] DEBUG org.reflections.Reflections - could not scan file org/nd4j/nativeblas/macosx-x86_64/libnd4j.dylib in url jar:file:/C:/Users/duhyun/.m2/repository/org/nd4j/nd4j-native/0.5.0/nd4j-native-0.5.0-macosx-x86_64.jar!/ with scanner TypeAnnotationsScanner
9053 [main] DEBUG org.reflections.Reflections - could not scan file org/nd4j/nativeblas/macosx-x86_64/libnd4j.dylib in url jar:file:/C:/Users/duhyun/.m2/repository/org/nd4j/nd4j-native/0.5.0/nd4j-native-0.5.0-macosx-x86_64.jar!/ with scanner SubTypesScanner
9307 [main] DEBUG org.reflections.Reflections - could not scan file org/nd4j/nativeblas/linux-ppc64le/libnd4j.so in url jar:file:/C:/Users/duhyun/.m2/repository/org/nd4j/nd4j-native/0.5.0/nd4j-native-0.5.0-linux-ppc64le.jar!/ with scanner TypeAnnotationsScanner
9308 [main] DEBUG org.reflections.Reflections - could not scan file org/nd4j/nativeblas/linux-ppc64le/libnd4j.so in url jar:file:/C:/Users/duhyun/.m2/repository/org/nd4j/nd4j-native/0.5.0/nd4j-native-0.5.0-linux-ppc64le.jar!/ with scanner SubTypesScanner
9308 [main] DEBUG org.reflections.Reflections - could not scan file org/nd4j/nativeblas/linux-ppc64le/libblas.so.3 in url jar:file:/C:/Users/duhyun/.m2/repository/org/nd4j/nd4j-native/0.5.0/nd4j-native-0.5.0-linux-ppc64le.jar!/ with scanner TypeAnnotationsScanner
9309 [main] DEBUG org.reflections.Reflections - could not scan file org/nd4j/nativeblas/linux-ppc64le/libblas.so.3 in url jar:file:/C:/Users/duhyun/.m2/repository/org/nd4j/nd4j-native/0.5.0/nd4j-native-0.5.0-linux-ppc64le.jar!/ with scanner SubTypesScanner
9310 [main] DEBUG org.reflections.Reflections - could not scan file org/nd4j/nativeblas/linux-ppc64le/libjnind4j.so in url jar:file:/C:/Users/duhyun/.m2/repository/org/nd4j/nd4j-native/0.5.0/nd4j-native-0.5.0-linux-ppc64le.jar!/ with scanner TypeAnnotationsScanner
9310 [main] DEBUG org.reflections.Reflections - could not scan file org/nd4j/nativeblas/linux-ppc64le/libjnind4j.so in url jar:file:/C:/Users/duhyun/.m2/repository/org/nd4j/nd4j-native/0.5.0/nd4j-native-0.5.0-linux-ppc64le.jar!/ with scanner SubTypesScanner
9311 [main] DEBUG org.reflections.Reflections - could not scan file org/nd4j/nativeblas/linux-ppc64le/libgfortran.so.3 in url jar:file:/C:/Users/duhyun/.m2/repository/org/nd4j/nd4j-native/0.5.0/nd4j-native-0.5.0-linux-ppc64le.jar!/ with scanner TypeAnnotationsScanner
9311 [main] DEBUG org.reflections.Reflections - could not scan file org/nd4j/nativeblas/linux-ppc64le/libgfortran.so.3 in url jar:file:/C:/Users/duhyun/.m2/repository/org/nd4j/nd4j-native/0.5.0/nd4j-native-0.5.0-linux-ppc64le.jar!/ with scanner SubTypesScanner
9314 [main] DEBUG org.reflections.Reflections - could not scan file org/nd4j/nativeblas/linux-ppc64le/libgomp.so.1 in url jar:file:/C:/Users/duhyun/.m2/repository/org/nd4j/nd4j-native/0.5.0/nd4j-native-0.5.0-linux-ppc64le.jar!/ with scanner TypeAnnotationsScanner
9315 [main] DEBUG org.reflections.Reflections - could not scan file org/nd4j/nativeblas/linux-ppc64le/libgomp.so.1 in url jar:file:/C:/Users/duhyun/.m2/repository/org/nd4j/nd4j-native/0.5.0/nd4j-native-0.5.0-linux-ppc64le.jar!/ with scanner SubTypesScanner
9318 [main] DEBUG org.reflections.Reflections - could not scan file org/nd4j/nativeblas/linux-x86_64/libgomp.so.1 in url jar:file:/C:/Users/duhyun/.m2/repository/org/nd4j/nd4j-native/0.5.0/nd4j-native-0.5.0-linux-x86_64.jar!/ with scanner TypeAnnotationsScanner
9318 [main] DEBUG org.reflections.Reflections - could not scan file org/nd4j/nativeblas/linux-x86_64/libgomp.so.1 in url jar:file:/C:/Users/duhyun/.m2/repository/org/nd4j/nd4j-native/0.5.0/nd4j-native-0.5.0-linux-x86_64.jar!/ with scanner SubTypesScanner
9319 [main] DEBUG org.reflections.Reflections - could not scan file org/nd4j/nativeblas/linux-x86_64/libgfortran.so.3 in url jar:file:/C:/Users/duhyun/.m2/repository/org/nd4j/nd4j-native/0.5.0/nd4j-native-0.5.0-linux-x86_64.jar!/ with scanner TypeAnnotationsScanner
9319 [main] DEBUG org.reflections.Reflections - could not scan file org/nd4j/nativeblas/linux-x86_64/libgfortran.so.3 in url jar:file:/C:/Users/duhyun/.m2/repository/org/nd4j/nd4j-native/0.5.0/nd4j-native-0.5.0-linux-x86_64.jar!/ with scanner SubTypesScanner
9320 [main] DEBUG org.reflections.Reflections - could not scan file org/nd4j/nativeblas/linux-x86_64/libopenblas.so.0 in url jar:file:/C:/Users/duhyun/.m2/repository/org/nd4j/nd4j-native/0.5.0/nd4j-native-0.5.0-linux-x86_64.jar!/ with scanner TypeAnnotationsScanner
9321 [main] DEBUG org.reflections.Reflections - could not scan file org/nd4j/nativeblas/linux-x86_64/libopenblas.so.0 in url jar:file:/C:/Users/duhyun/.m2/repository/org/nd4j/nd4j-native/0.5.0/nd4j-native-0.5.0-linux-x86_64.jar!/ with scanner SubTypesScanner
9321 [main] DEBUG org.reflections.Reflections - could not scan file org/nd4j/nativeblas/linux-x86_64/libnd4j.so in url jar:file:/C:/Users/duhyun/.m2/repository/org/nd4j/nd4j-native/0.5.0/nd4j-native-0.5.0-linux-x86_64.jar!/ with scanner TypeAnnotationsScanner
9322 [main] DEBUG org.reflections.Reflections - could not scan file org/nd4j/nativeblas/linux-x86_64/libnd4j.so in url jar:file:/C:/Users/duhyun/.m2/repository/org/nd4j/nd4j-native/0.5.0/nd4j-native-0.5.0-linux-x86_64.jar!/ with scanner SubTypesScanner
9322 [main] DEBUG org.reflections.Reflections - could not scan file org/nd4j/nativeblas/linux-x86_64/libjnind4j.so in url jar:file:/C:/Users/duhyun/.m2/repository/org/nd4j/nd4j-native/0.5.0/nd4j-native-0.5.0-linux-x86_64.jar!/ with scanner TypeAnnotationsScanner
9323 [main] DEBUG org.reflections.Reflections - could not scan file org/nd4j/nativeblas/linux-x86_64/libjnind4j.so in url jar:file:/C:/Users/duhyun/.m2/repository/org/nd4j/nd4j-native/0.5.0/nd4j-native-0.5.0-linux-x86_64.jar!/ with scanner SubTypesScanner
9323 [main] DEBUG org.reflections.Reflections - could not scan file org/nd4j/nativeblas/windows-x86_64/jnind4j.dll in url jar:file:/C:/Users/duhyun/.m2/repository/org/nd4j/nd4j-native/0.5.0/nd4j-native-0.5.0-windows-x86_64.jar!/ with scanner TypeAnnotationsScanner
9326 [main] DEBUG org.reflections.Reflections - could not scan file org/nd4j/nativeblas/windows-x86_64/jnind4j.dll in url jar:file:/C:/Users/duhyun/.m2/repository/org/nd4j/nd4j-native/0.5.0/nd4j-native-0.5.0-windows-x86_64.jar!/ with scanner SubTypesScanner
9327 [main] DEBUG org.reflections.Reflections - could not scan file org/nd4j/nativeblas/windows-x86_64/libgcc_s_seh-1.dll in url jar:file:/C:/Users/duhyun/.m2/repository/org/nd4j/nd4j-native/0.5.0/nd4j-native-0.5.0-windows-x86_64.jar!/ with scanner TypeAnnotationsScanner
9327 [main] DEBUG org.reflections.Reflections - could not scan file org/nd4j/nativeblas/windows-x86_64/libgcc_s_seh-1.dll in url jar:file:/C:/Users/duhyun/.m2/repository/org/nd4j/nd4j-native/0.5.0/nd4j-native-0.5.0-windows-x86_64.jar!/ with scanner SubTypesScanner
9328 [main] DEBUG org.reflections.Reflections - could not scan file org/nd4j/nativeblas/windows-x86_64/libgfortran-3.dll in url jar:file:/C:/Users/duhyun/.m2/repository/org/nd4j/nd4j-native/0.5.0/nd4j-native-0.5.0-windows-x86_64.jar!/ with scanner TypeAnnotationsScanner
9329 [main] DEBUG org.reflections.Reflections - could not scan file org/nd4j/nativeblas/windows-x86_64/libgfortran-3.dll in url jar:file:/C:/Users/duhyun/.m2/repository/org/nd4j/nd4j-native/0.5.0/nd4j-native-0.5.0-windows-x86_64.jar!/ with scanner SubTypesScanner
9330 [main] DEBUG org.reflections.Reflections - could not scan file org/nd4j/nativeblas/windows-x86_64/libgomp-1.dll in url jar:file:/C:/Users/duhyun/.m2/repository/org/nd4j/nd4j-native/0.5.0/nd4j-native-0.5.0-windows-x86_64.jar!/ with scanner TypeAnnotationsScanner
9330 [main] DEBUG org.reflections.Reflections - could not scan file org/nd4j/nativeblas/windows-x86_64/libgomp-1.dll in url jar:file:/C:/Users/duhyun/.m2/repository/org/nd4j/nd4j-native/0.5.0/nd4j-native-0.5.0-windows-x86_64.jar!/ with scanner SubTypesScanner
9331 [main] DEBUG org.reflections.Reflections - could not scan file org/nd4j/nativeblas/windows-x86_64/libnd4j.dll in url jar:file:/C:/Users/duhyun/.m2/repository/org/nd4j/nd4j-native/0.5.0/nd4j-native-0.5.0-windows-x86_64.jar!/ with scanner TypeAnnotationsScanner
9331 [main] DEBUG org.reflections.Reflections - could not scan file org/nd4j/nativeblas/windows-x86_64/libnd4j.dll in url jar:file:/C:/Users/duhyun/.m2/repository/org/nd4j/nd4j-native/0.5.0/nd4j-native-0.5.0-windows-x86_64.jar!/ with scanner SubTypesScanner
9332 [main] DEBUG org.reflections.Reflections - could not scan file org/nd4j/nativeblas/windows-x86_64/libopenblas.dll in url jar:file:/C:/Users/duhyun/.m2/repository/org/nd4j/nd4j-native/0.5.0/nd4j-native-0.5.0-windows-x86_64.jar!/ with scanner TypeAnnotationsScanner
9333 [main] DEBUG org.reflections.Reflections - could not scan file org/nd4j/nativeblas/windows-x86_64/libopenblas.dll in url jar:file:/C:/Users/duhyun/.m2/repository/org/nd4j/nd4j-native/0.5.0/nd4j-native-0.5.0-windows-x86_64.jar!/ with scanner SubTypesScanner
9333 [main] DEBUG org.reflections.Reflections - could not scan file org/nd4j/nativeblas/windows-x86_64/libquadmath-0.dll in url jar:file:/C:/Users/duhyun/.m2/repository/org/nd4j/nd4j-native/0.5.0/nd4j-native-0.5.0-windows-x86_64.jar!/ with scanner TypeAnnotationsScanner
9333 [main] DEBUG org.reflections.Reflections - could not scan file org/nd4j/nativeblas/windows-x86_64/libquadmath-0.dll in url jar:file:/C:/Users/duhyun/.m2/repository/org/nd4j/nd4j-native/0.5.0/nd4j-native-0.5.0-windows-x86_64.jar!/ with scanner SubTypesScanner
9334 [main] DEBUG org.reflections.Reflections - could not scan file org/nd4j/nativeblas/windows-x86_64/libstdc++-6.dll in url jar:file:/C:/Users/duhyun/.m2/repository/org/nd4j/nd4j-native/0.5.0/nd4j-native-0.5.0-windows-x86_64.jar!/ with scanner TypeAnnotationsScanner
9334 [main] DEBUG org.reflections.Reflections - could not scan file org/nd4j/nativeblas/windows-x86_64/libstdc++-6.dll in url jar:file:/C:/Users/duhyun/.m2/repository/org/nd4j/nd4j-native/0.5.0/nd4j-native-0.5.0-windows-x86_64.jar!/ with scanner SubTypesScanner
9335 [main] DEBUG org.reflections.Reflections - could not scan file org/nd4j/nativeblas/windows-x86_64/libwinpthread-1.dll in url jar:file:/C:/Users/duhyun/.m2/repository/org/nd4j/nd4j-native/0.5.0/nd4j-native-0.5.0-windows-x86_64.jar!/ with scanner TypeAnnotationsScanner
9335 [main] DEBUG org.reflections.Reflections - could not scan file org/nd4j/nativeblas/windows-x86_64/libwinpthread-1.dll in url jar:file:/C:/Users/duhyun/.m2/repository/org/nd4j/nd4j-native/0.5.0/nd4j-native-0.5.0-windows-x86_64.jar!/ with scanner SubTypesScanner
9367 [main] INFO  org.reflections.Reflections - Reflections took 586 ms to scan 11 urls, producing 111 keys and 368 values 
10525 [main] INFO  com.doohh.example.LenetDistEx - Train model....
11217 [main] INFO  o.d.o.l.ScoreIterationListener - Score at iteration 0 is 2.521898216309776
11224 [main] INFO  c.d.example.DistMultiLayerNetwork - gradient : null
11667 [main] INFO  o.d.o.l.ScoreIterationListener - Score at iteration 1 is 2.3332566901575547
11668 [main] INFO  c.d.example.DistMultiLayerNetwork - gradient : null
12042 [main] INFO  o.d.o.l.ScoreIterationListener - Score at iteration 2 is 1.9908611965806045
12043 [main] INFO  c.d.example.DistMultiLayerNetwork - gradient : null
12323 [main] INFO  o.d.o.l.ScoreIterationListener - Score at iteration 3 is 2.0276542258373422
12323 [main] INFO  c.d.example.DistMultiLayerNetwork - gradient : null
12626 [main] INFO  o.d.o.l.ScoreIterationListener - Score at iteration 4 is 1.6342095236061334
12627 [main] INFO  c.d.example.DistMultiLayerNetwork - gradient : null
12937 [main] INFO  o.d.o.l.ScoreIterationListener - Score at iteration 5 is 1.6480846992253468
12938 [main] INFO  c.d.example.DistMultiLayerNetwork - gradient : null
13334 [main] INFO  o.d.o.l.ScoreIterationListener - Score at iteration 6 is 1.3669995622606181
13337 [main] INFO  c.d.example.DistMultiLayerNetwork - gradient : null
13744 [main] INFO  o.d.o.l.ScoreIterationListener - Score at iteration 7 is 1.2643424344560226
13745 [main] INFO  c.d.example.DistMultiLayerNetwork - gradient : null
14084 [main] INFO  o.d.o.l.ScoreIterationListener - Score at iteration 8 is 0.930259675481149
14084 [main] INFO  c.d.example.DistMultiLayerNetwork - gradient : null
14372 [main] INFO  o.d.o.l.ScoreIterationListener - Score at iteration 9 is 0.8788867664726262
14372 [main] INFO  c.d.example.DistMultiLayerNetwork - gradient : null
14721 [main] INFO  o.d.o.l.ScoreIterationListener - Score at iteration 10 is 0.9837277594224237
14721 [main] INFO  c.d.example.DistMultiLayerNetwork - gradient : null
15049 [main] INFO  o.d.o.l.ScoreIterationListener - Score at iteration 11 is 0.8009423961135848
15050 [main] INFO  c.d.example.DistMultiLayerNetwork - gradient : null
15318 [main] INFO  o.d.o.l.ScoreIterationListener - Score at iteration 12 is 0.6155838440106722
15319 [main] INFO  c.d.example.DistMultiLayerNetwork - gradient : null
15615 [main] INFO  o.d.o.l.ScoreIterationListener - Score at iteration 13 is 0.6707836639189231
15615 [main] INFO  c.d.example.DistMultiLayerNetwork - gradient : null
15995 [main] INFO  o.d.o.l.ScoreIterationListener - Score at iteration 14 is 0.6933886872430289
15996 [main] INFO  c.d.example.DistMultiLayerNetwork - gradient : null
16290 [main] INFO  o.d.o.l.ScoreIterationListener - Score at iteration 15 is 0.4822569946435525
16290 [main] INFO  c.d.example.DistMultiLayerNetwork - gradient : null
16563 [main] INFO  o.d.o.l.ScoreIterationListener - Score at iteration 16 is 0.47819299115422187
16564 [main] INFO  c.d.example.DistMultiLayerNetwork - gradient : null
16876 [main] INFO  o.d.o.l.ScoreIterationListener - Score at iteration 17 is 0.3951553179054
16877 [main] INFO  c.d.example.DistMultiLayerNetwork - gradient : null
17251 [main] INFO  o.d.o.l.ScoreIterationListener - Score at iteration 18 is 0.5446387463993227
17252 [main] INFO  c.d.example.DistMultiLayerNetwork - gradient : null
17528 [main] INFO  o.d.o.l.ScoreIterationListener - Score at iteration 19 is 0.6511744806720592
17529 [main] INFO  c.d.example.DistMultiLayerNetwork - gradient : null
17861 [main] INFO  o.d.o.l.ScoreIterationListener - Score at iteration 20 is 0.5324257372896972
17861 [main] INFO  c.d.example.DistMultiLayerNetwork - gradient : null
18233 [main] INFO  o.d.o.l.ScoreIterationListener - Score at iteration 21 is 0.4278149422089225
18234 [main] INFO  c.d.example.DistMultiLayerNetwork - gradient : null
18876 [main] INFO  o.d.o.l.ScoreIterationListener - Score at iteration 22 is 0.42872548520991505
18877 [main] INFO  c.d.example.DistMultiLayerNetwork - gradient : null
19896 [main] INFO  o.d.o.l.ScoreIterationListener - Score at iteration 23 is 0.5794187983636684
19896 [main] INFO  c.d.example.DistMultiLayerNetwork - gradient : null
20187 [main] INFO  o.d.o.l.ScoreIterationListener - Score at iteration 24 is 0.3758834069455635
20188 [main] INFO  c.d.example.DistMultiLayerNetwork - gradient : null
20502 [main] INFO  o.d.o.l.ScoreIterationListener - Score at iteration 25 is 0.5944124491918931
20503 [main] INFO  c.d.example.DistMultiLayerNetwork - gradient : null
20764 [main] INFO  o.d.o.l.ScoreIterationListener - Score at iteration 26 is 0.4224508584259397
20764 [main] INFO  c.d.example.DistMultiLayerNetwork - gradient : null
21057 [main] INFO  o.d.o.l.ScoreIterationListener - Score at iteration 27 is 0.28859563869226806
21058 [main] INFO  c.d.example.DistMultiLayerNetwork - gradient : null
21318 [main] INFO  o.d.o.l.ScoreIterationListener - Score at iteration 28 is 0.36542498025521575
21319 [main] INFO  c.d.example.DistMultiLayerNetwork - gradient : null
21592 [main] INFO  o.d.o.l.ScoreIterationListener - Score at iteration 29 is 0.395826871102251
21593 [main] INFO  c.d.example.DistMultiLayerNetwork - gradient : null
21889 [main] INFO  o.d.o.l.ScoreIterationListener - Score at iteration 30 is 0.31228963359418144
21890 [main] INFO  c.d.example.DistMultiLayerNetwork - gradient : null
22152 [main] INFO  o.d.o.l.ScoreIterationListener - Score at iteration 31 is 0.5435233000777547
22153 [main] INFO  c.d.example.DistMultiLayerNetwork - gradient : null
22423 [main] INFO  o.d.o.l.ScoreIterationListener - Score at iteration 32 is 0.24394671069541105
22423 [main] INFO  c.d.example.DistMultiLayerNetwork - gradient : null
22706 [main] INFO  o.d.o.l.ScoreIterationListener - Score at iteration 33 is 0.34213349871205184
22707 [main] INFO  c.d.example.DistMultiLayerNetwork - gradient : null
23028 [main] INFO  o.d.o.l.ScoreIterationListener - Score at iteration 34 is 0.41472852190338616
23028 [main] INFO  c.d.example.DistMultiLayerNetwork - gradient : null
23380 [main] INFO  o.d.o.l.ScoreIterationListener - Score at iteration 35 is 0.5580717262780582
23383 [main] INFO  c.d.example.DistMultiLayerNetwork - gradient : null
23739 [main] INFO  o.d.o.l.ScoreIterationListener - Score at iteration 36 is 0.38643922144073595
23740 [main] INFO  c.d.example.DistMultiLayerNetwork - gradient : null
24132 [main] INFO  o.d.o.l.ScoreIterationListener - Score at iteration 37 is 0.3214420854483069
24132 [main] INFO  c.d.example.DistMultiLayerNetwork - gradient : null
24434 [main] INFO  o.d.o.l.ScoreIterationListener - Score at iteration 38 is 0.6011357895855194
24435 [main] INFO  c.d.example.DistMultiLayerNetwork - gradient : null
