695  [main] INFO  com.doohh.example.LenetDistEx - Load data....
1538 [main] INFO  com.doohh.example.LenetDistEx - Build model....
8501 [main] DEBUG org.nd4j.nativeblas.NativeOps - Number of threads used for linear algebra 2
8506 [main] DEBUG org.nd4j.nativeblas.NativeOps - Number of threads used for linear algebra 2
8608 [main] DEBUG org.reflections.Reflections - going to scan these urls:
jar:file:/C:/Users/duhyun/.m2/repository/org/nd4j/nd4j-native/0.5.0/nd4j-native-0.5.0.jar!/
jar:file:/C:/Users/duhyun/.m2/repository/org/nd4j/nd4j-jackson/0.5.0/nd4j-jackson-0.5.0.jar!/
jar:file:/C:/Users/duhyun/.m2/repository/org/nd4j/nd4j-native/0.5.0/nd4j-native-0.5.0-macosx-x86_64.jar!/
jar:file:/C:/Users/duhyun/.m2/repository/org/nd4j/nd4j-api/0.5.0/nd4j-api-0.5.0.jar!/
jar:file:/C:/Users/duhyun/.m2/repository/org/nd4j/nd4j-native-api/0.5.0/nd4j-native-api-0.5.0.jar!/
jar:file:/C:/Users/duhyun/.m2/repository/org/nd4j/nd4j-native/0.5.0/nd4j-native-0.5.0-linux-ppc64le.jar!/
jar:file:/C:/Users/duhyun/.m2/repository/org/nd4j/nd4j-native/0.5.0/nd4j-native-0.5.0-linux-x86_64.jar!/
jar:file:/C:/Users/duhyun/.m2/repository/org/nd4j/nd4j-native/0.5.0/nd4j-native-0.5.0-windows-x86_64.jar!/
jar:file:/C:/Users/duhyun/.m2/repository/org/nd4j/nd4j-buffer/0.5.0/nd4j-buffer-0.5.0.jar!/
jar:file:/C:/Users/duhyun/.m2/repository/org/nd4j/nd4j-common/0.5.0/nd4j-common-0.5.0.jar!/
jar:file:/C:/Users/duhyun/.m2/repository/org/nd4j/nd4j-context/0.5.0/nd4j-context-0.5.0.jar!/
8872 [main] DEBUG org.reflections.Reflections - could not scan file org/nd4j/nativeblas/macosx-x86_64/libiomp5.dylib in url jar:file:/C:/Users/duhyun/.m2/repository/org/nd4j/nd4j-native/0.5.0/nd4j-native-0.5.0-macosx-x86_64.jar!/ with scanner TypeAnnotationsScanner
8878 [main] DEBUG org.reflections.Reflections - could not scan file org/nd4j/nativeblas/macosx-x86_64/libiomp5.dylib in url jar:file:/C:/Users/duhyun/.m2/repository/org/nd4j/nd4j-native/0.5.0/nd4j-native-0.5.0-macosx-x86_64.jar!/ with scanner SubTypesScanner
8879 [main] DEBUG org.reflections.Reflections - could not scan file org/nd4j/nativeblas/macosx-x86_64/libjnind4j.dylib in url jar:file:/C:/Users/duhyun/.m2/repository/org/nd4j/nd4j-native/0.5.0/nd4j-native-0.5.0-macosx-x86_64.jar!/ with scanner TypeAnnotationsScanner
8879 [main] DEBUG org.reflections.Reflections - could not scan file org/nd4j/nativeblas/macosx-x86_64/libjnind4j.dylib in url jar:file:/C:/Users/duhyun/.m2/repository/org/nd4j/nd4j-native/0.5.0/nd4j-native-0.5.0-macosx-x86_64.jar!/ with scanner SubTypesScanner
8881 [main] DEBUG org.reflections.Reflections - could not scan file org/nd4j/nativeblas/macosx-x86_64/libnd4j.dylib in url jar:file:/C:/Users/duhyun/.m2/repository/org/nd4j/nd4j-native/0.5.0/nd4j-native-0.5.0-macosx-x86_64.jar!/ with scanner TypeAnnotationsScanner
8882 [main] DEBUG org.reflections.Reflections - could not scan file org/nd4j/nativeblas/macosx-x86_64/libnd4j.dylib in url jar:file:/C:/Users/duhyun/.m2/repository/org/nd4j/nd4j-native/0.5.0/nd4j-native-0.5.0-macosx-x86_64.jar!/ with scanner SubTypesScanner
9121 [main] DEBUG org.reflections.Reflections - could not scan file org/nd4j/nativeblas/linux-ppc64le/libnd4j.so in url jar:file:/C:/Users/duhyun/.m2/repository/org/nd4j/nd4j-native/0.5.0/nd4j-native-0.5.0-linux-ppc64le.jar!/ with scanner TypeAnnotationsScanner
9122 [main] DEBUG org.reflections.Reflections - could not scan file org/nd4j/nativeblas/linux-ppc64le/libnd4j.so in url jar:file:/C:/Users/duhyun/.m2/repository/org/nd4j/nd4j-native/0.5.0/nd4j-native-0.5.0-linux-ppc64le.jar!/ with scanner SubTypesScanner
9123 [main] DEBUG org.reflections.Reflections - could not scan file org/nd4j/nativeblas/linux-ppc64le/libblas.so.3 in url jar:file:/C:/Users/duhyun/.m2/repository/org/nd4j/nd4j-native/0.5.0/nd4j-native-0.5.0-linux-ppc64le.jar!/ with scanner TypeAnnotationsScanner
9123 [main] DEBUG org.reflections.Reflections - could not scan file org/nd4j/nativeblas/linux-ppc64le/libblas.so.3 in url jar:file:/C:/Users/duhyun/.m2/repository/org/nd4j/nd4j-native/0.5.0/nd4j-native-0.5.0-linux-ppc64le.jar!/ with scanner SubTypesScanner
9124 [main] DEBUG org.reflections.Reflections - could not scan file org/nd4j/nativeblas/linux-ppc64le/libjnind4j.so in url jar:file:/C:/Users/duhyun/.m2/repository/org/nd4j/nd4j-native/0.5.0/nd4j-native-0.5.0-linux-ppc64le.jar!/ with scanner TypeAnnotationsScanner
9124 [main] DEBUG org.reflections.Reflections - could not scan file org/nd4j/nativeblas/linux-ppc64le/libjnind4j.so in url jar:file:/C:/Users/duhyun/.m2/repository/org/nd4j/nd4j-native/0.5.0/nd4j-native-0.5.0-linux-ppc64le.jar!/ with scanner SubTypesScanner
9125 [main] DEBUG org.reflections.Reflections - could not scan file org/nd4j/nativeblas/linux-ppc64le/libgfortran.so.3 in url jar:file:/C:/Users/duhyun/.m2/repository/org/nd4j/nd4j-native/0.5.0/nd4j-native-0.5.0-linux-ppc64le.jar!/ with scanner TypeAnnotationsScanner
9126 [main] DEBUG org.reflections.Reflections - could not scan file org/nd4j/nativeblas/linux-ppc64le/libgfortran.so.3 in url jar:file:/C:/Users/duhyun/.m2/repository/org/nd4j/nd4j-native/0.5.0/nd4j-native-0.5.0-linux-ppc64le.jar!/ with scanner SubTypesScanner
9128 [main] DEBUG org.reflections.Reflections - could not scan file org/nd4j/nativeblas/linux-ppc64le/libgomp.so.1 in url jar:file:/C:/Users/duhyun/.m2/repository/org/nd4j/nd4j-native/0.5.0/nd4j-native-0.5.0-linux-ppc64le.jar!/ with scanner TypeAnnotationsScanner
9129 [main] DEBUG org.reflections.Reflections - could not scan file org/nd4j/nativeblas/linux-ppc64le/libgomp.so.1 in url jar:file:/C:/Users/duhyun/.m2/repository/org/nd4j/nd4j-native/0.5.0/nd4j-native-0.5.0-linux-ppc64le.jar!/ with scanner SubTypesScanner
9130 [main] DEBUG org.reflections.Reflections - could not scan file org/nd4j/nativeblas/linux-x86_64/libgomp.so.1 in url jar:file:/C:/Users/duhyun/.m2/repository/org/nd4j/nd4j-native/0.5.0/nd4j-native-0.5.0-linux-x86_64.jar!/ with scanner TypeAnnotationsScanner
9130 [main] DEBUG org.reflections.Reflections - could not scan file org/nd4j/nativeblas/linux-x86_64/libgomp.so.1 in url jar:file:/C:/Users/duhyun/.m2/repository/org/nd4j/nd4j-native/0.5.0/nd4j-native-0.5.0-linux-x86_64.jar!/ with scanner SubTypesScanner
9131 [main] DEBUG org.reflections.Reflections - could not scan file org/nd4j/nativeblas/linux-x86_64/libgfortran.so.3 in url jar:file:/C:/Users/duhyun/.m2/repository/org/nd4j/nd4j-native/0.5.0/nd4j-native-0.5.0-linux-x86_64.jar!/ with scanner TypeAnnotationsScanner
9131 [main] DEBUG org.reflections.Reflections - could not scan file org/nd4j/nativeblas/linux-x86_64/libgfortran.so.3 in url jar:file:/C:/Users/duhyun/.m2/repository/org/nd4j/nd4j-native/0.5.0/nd4j-native-0.5.0-linux-x86_64.jar!/ with scanner SubTypesScanner
9132 [main] DEBUG org.reflections.Reflections - could not scan file org/nd4j/nativeblas/linux-x86_64/libopenblas.so.0 in url jar:file:/C:/Users/duhyun/.m2/repository/org/nd4j/nd4j-native/0.5.0/nd4j-native-0.5.0-linux-x86_64.jar!/ with scanner TypeAnnotationsScanner
9133 [main] DEBUG org.reflections.Reflections - could not scan file org/nd4j/nativeblas/linux-x86_64/libopenblas.so.0 in url jar:file:/C:/Users/duhyun/.m2/repository/org/nd4j/nd4j-native/0.5.0/nd4j-native-0.5.0-linux-x86_64.jar!/ with scanner SubTypesScanner
9133 [main] DEBUG org.reflections.Reflections - could not scan file org/nd4j/nativeblas/linux-x86_64/libnd4j.so in url jar:file:/C:/Users/duhyun/.m2/repository/org/nd4j/nd4j-native/0.5.0/nd4j-native-0.5.0-linux-x86_64.jar!/ with scanner TypeAnnotationsScanner
9134 [main] DEBUG org.reflections.Reflections - could not scan file org/nd4j/nativeblas/linux-x86_64/libnd4j.so in url jar:file:/C:/Users/duhyun/.m2/repository/org/nd4j/nd4j-native/0.5.0/nd4j-native-0.5.0-linux-x86_64.jar!/ with scanner SubTypesScanner
9134 [main] DEBUG org.reflections.Reflections - could not scan file org/nd4j/nativeblas/linux-x86_64/libjnind4j.so in url jar:file:/C:/Users/duhyun/.m2/repository/org/nd4j/nd4j-native/0.5.0/nd4j-native-0.5.0-linux-x86_64.jar!/ with scanner TypeAnnotationsScanner
9134 [main] DEBUG org.reflections.Reflections - could not scan file org/nd4j/nativeblas/linux-x86_64/libjnind4j.so in url jar:file:/C:/Users/duhyun/.m2/repository/org/nd4j/nd4j-native/0.5.0/nd4j-native-0.5.0-linux-x86_64.jar!/ with scanner SubTypesScanner
9135 [main] DEBUG org.reflections.Reflections - could not scan file org/nd4j/nativeblas/windows-x86_64/jnind4j.dll in url jar:file:/C:/Users/duhyun/.m2/repository/org/nd4j/nd4j-native/0.5.0/nd4j-native-0.5.0-windows-x86_64.jar!/ with scanner TypeAnnotationsScanner
9138 [main] DEBUG org.reflections.Reflections - could not scan file org/nd4j/nativeblas/windows-x86_64/jnind4j.dll in url jar:file:/C:/Users/duhyun/.m2/repository/org/nd4j/nd4j-native/0.5.0/nd4j-native-0.5.0-windows-x86_64.jar!/ with scanner SubTypesScanner
9139 [main] DEBUG org.reflections.Reflections - could not scan file org/nd4j/nativeblas/windows-x86_64/libgcc_s_seh-1.dll in url jar:file:/C:/Users/duhyun/.m2/repository/org/nd4j/nd4j-native/0.5.0/nd4j-native-0.5.0-windows-x86_64.jar!/ with scanner TypeAnnotationsScanner
9140 [main] DEBUG org.reflections.Reflections - could not scan file org/nd4j/nativeblas/windows-x86_64/libgcc_s_seh-1.dll in url jar:file:/C:/Users/duhyun/.m2/repository/org/nd4j/nd4j-native/0.5.0/nd4j-native-0.5.0-windows-x86_64.jar!/ with scanner SubTypesScanner
9140 [main] DEBUG org.reflections.Reflections - could not scan file org/nd4j/nativeblas/windows-x86_64/libgfortran-3.dll in url jar:file:/C:/Users/duhyun/.m2/repository/org/nd4j/nd4j-native/0.5.0/nd4j-native-0.5.0-windows-x86_64.jar!/ with scanner TypeAnnotationsScanner
9141 [main] DEBUG org.reflections.Reflections - could not scan file org/nd4j/nativeblas/windows-x86_64/libgfortran-3.dll in url jar:file:/C:/Users/duhyun/.m2/repository/org/nd4j/nd4j-native/0.5.0/nd4j-native-0.5.0-windows-x86_64.jar!/ with scanner SubTypesScanner
9141 [main] DEBUG org.reflections.Reflections - could not scan file org/nd4j/nativeblas/windows-x86_64/libgomp-1.dll in url jar:file:/C:/Users/duhyun/.m2/repository/org/nd4j/nd4j-native/0.5.0/nd4j-native-0.5.0-windows-x86_64.jar!/ with scanner TypeAnnotationsScanner
9142 [main] DEBUG org.reflections.Reflections - could not scan file org/nd4j/nativeblas/windows-x86_64/libgomp-1.dll in url jar:file:/C:/Users/duhyun/.m2/repository/org/nd4j/nd4j-native/0.5.0/nd4j-native-0.5.0-windows-x86_64.jar!/ with scanner SubTypesScanner
9142 [main] DEBUG org.reflections.Reflections - could not scan file org/nd4j/nativeblas/windows-x86_64/libnd4j.dll in url jar:file:/C:/Users/duhyun/.m2/repository/org/nd4j/nd4j-native/0.5.0/nd4j-native-0.5.0-windows-x86_64.jar!/ with scanner TypeAnnotationsScanner
9143 [main] DEBUG org.reflections.Reflections - could not scan file org/nd4j/nativeblas/windows-x86_64/libnd4j.dll in url jar:file:/C:/Users/duhyun/.m2/repository/org/nd4j/nd4j-native/0.5.0/nd4j-native-0.5.0-windows-x86_64.jar!/ with scanner SubTypesScanner
9143 [main] DEBUG org.reflections.Reflections - could not scan file org/nd4j/nativeblas/windows-x86_64/libopenblas.dll in url jar:file:/C:/Users/duhyun/.m2/repository/org/nd4j/nd4j-native/0.5.0/nd4j-native-0.5.0-windows-x86_64.jar!/ with scanner TypeAnnotationsScanner
9144 [main] DEBUG org.reflections.Reflections - could not scan file org/nd4j/nativeblas/windows-x86_64/libopenblas.dll in url jar:file:/C:/Users/duhyun/.m2/repository/org/nd4j/nd4j-native/0.5.0/nd4j-native-0.5.0-windows-x86_64.jar!/ with scanner SubTypesScanner
9144 [main] DEBUG org.reflections.Reflections - could not scan file org/nd4j/nativeblas/windows-x86_64/libquadmath-0.dll in url jar:file:/C:/Users/duhyun/.m2/repository/org/nd4j/nd4j-native/0.5.0/nd4j-native-0.5.0-windows-x86_64.jar!/ with scanner TypeAnnotationsScanner
9145 [main] DEBUG org.reflections.Reflections - could not scan file org/nd4j/nativeblas/windows-x86_64/libquadmath-0.dll in url jar:file:/C:/Users/duhyun/.m2/repository/org/nd4j/nd4j-native/0.5.0/nd4j-native-0.5.0-windows-x86_64.jar!/ with scanner SubTypesScanner
9145 [main] DEBUG org.reflections.Reflections - could not scan file org/nd4j/nativeblas/windows-x86_64/libstdc++-6.dll in url jar:file:/C:/Users/duhyun/.m2/repository/org/nd4j/nd4j-native/0.5.0/nd4j-native-0.5.0-windows-x86_64.jar!/ with scanner TypeAnnotationsScanner
9146 [main] DEBUG org.reflections.Reflections - could not scan file org/nd4j/nativeblas/windows-x86_64/libstdc++-6.dll in url jar:file:/C:/Users/duhyun/.m2/repository/org/nd4j/nd4j-native/0.5.0/nd4j-native-0.5.0-windows-x86_64.jar!/ with scanner SubTypesScanner
9146 [main] DEBUG org.reflections.Reflections - could not scan file org/nd4j/nativeblas/windows-x86_64/libwinpthread-1.dll in url jar:file:/C:/Users/duhyun/.m2/repository/org/nd4j/nd4j-native/0.5.0/nd4j-native-0.5.0-windows-x86_64.jar!/ with scanner TypeAnnotationsScanner
9147 [main] DEBUG org.reflections.Reflections - could not scan file org/nd4j/nativeblas/windows-x86_64/libwinpthread-1.dll in url jar:file:/C:/Users/duhyun/.m2/repository/org/nd4j/nd4j-native/0.5.0/nd4j-native-0.5.0-windows-x86_64.jar!/ with scanner SubTypesScanner
9173 [main] INFO  org.reflections.Reflections - Reflections took 549 ms to scan 11 urls, producing 111 keys and 368 values 
10224 [main] INFO  com.doohh.example.LenetDistEx - Train model....
10748 [main] INFO  o.d.o.l.ScoreIterationListener - Score at iteration 0 is 2.521898216309776
