842  [main] INFO  com.doohh.example.LenetDistEx - Load data....
1719 [main] INFO  com.doohh.example.LenetDistEx - Build model....
8713 [main] DEBUG org.nd4j.nativeblas.NativeOps - Number of threads used for linear algebra 2
8718 [main] DEBUG org.nd4j.nativeblas.NativeOps - Number of threads used for linear algebra 2
8845 [main] DEBUG org.reflections.Reflections - going to scan these urls:
jar:file:/C:/Users/duhyun/.m2/repository/org/nd4j/nd4j-native/0.5.0/nd4j-native-0.5.0.jar!/
jar:file:/C:/Users/duhyun/.m2/repository/org/nd4j/nd4j-jackson/0.5.0/nd4j-jackson-0.5.0.jar!/
jar:file:/C:/Users/duhyun/.m2/repository/org/nd4j/nd4j-native/0.5.0/nd4j-native-0.5.0-macosx-x86_64.jar!/
jar:file:/C:/Users/duhyun/.m2/repository/org/nd4j/nd4j-api/0.5.0/nd4j-api-0.5.0.jar!/
jar:file:/C:/Users/duhyun/.m2/repository/org/nd4j/nd4j-native-api/0.5.0/nd4j-native-api-0.5.0.jar!/
jar:file:/C:/Users/duhyun/.m2/repository/org/nd4j/nd4j-native/0.5.0/nd4j-native-0.5.0-linux-ppc64le.jar!/
jar:file:/C:/Users/duhyun/.m2/repository/org/nd4j/nd4j-native/0.5.0/nd4j-native-0.5.0-linux-x86_64.jar!/
jar:file:/C:/Users/duhyun/.m2/repository/org/nd4j/nd4j-native/0.5.0/nd4j-native-0.5.0-windows-x86_64.jar!/
jar:file:/C:/Users/duhyun/.m2/repository/org/nd4j/nd4j-buffer/0.5.0/nd4j-buffer-0.5.0.jar!/
jar:file:/C:/Users/duhyun/.m2/repository/org/nd4j/nd4j-common/0.5.0/nd4j-common-0.5.0.jar!/
jar:file:/C:/Users/duhyun/.m2/repository/org/nd4j/nd4j-context/0.5.0/nd4j-context-0.5.0.jar!/
9152 [main] DEBUG org.reflections.Reflections - could not scan file org/nd4j/nativeblas/macosx-x86_64/libiomp5.dylib in url jar:file:/C:/Users/duhyun/.m2/repository/org/nd4j/nd4j-native/0.5.0/nd4j-native-0.5.0-macosx-x86_64.jar!/ with scanner SubTypesScanner
9158 [main] DEBUG org.reflections.Reflections - could not scan file org/nd4j/nativeblas/macosx-x86_64/libiomp5.dylib in url jar:file:/C:/Users/duhyun/.m2/repository/org/nd4j/nd4j-native/0.5.0/nd4j-native-0.5.0-macosx-x86_64.jar!/ with scanner TypeAnnotationsScanner
9158 [main] DEBUG org.reflections.Reflections - could not scan file org/nd4j/nativeblas/macosx-x86_64/libjnind4j.dylib in url jar:file:/C:/Users/duhyun/.m2/repository/org/nd4j/nd4j-native/0.5.0/nd4j-native-0.5.0-macosx-x86_64.jar!/ with scanner SubTypesScanner
9159 [main] DEBUG org.reflections.Reflections - could not scan file org/nd4j/nativeblas/macosx-x86_64/libjnind4j.dylib in url jar:file:/C:/Users/duhyun/.m2/repository/org/nd4j/nd4j-native/0.5.0/nd4j-native-0.5.0-macosx-x86_64.jar!/ with scanner TypeAnnotationsScanner
9161 [main] DEBUG org.reflections.Reflections - could not scan file org/nd4j/nativeblas/macosx-x86_64/libnd4j.dylib in url jar:file:/C:/Users/duhyun/.m2/repository/org/nd4j/nd4j-native/0.5.0/nd4j-native-0.5.0-macosx-x86_64.jar!/ with scanner SubTypesScanner
9162 [main] DEBUG org.reflections.Reflections - could not scan file org/nd4j/nativeblas/macosx-x86_64/libnd4j.dylib in url jar:file:/C:/Users/duhyun/.m2/repository/org/nd4j/nd4j-native/0.5.0/nd4j-native-0.5.0-macosx-x86_64.jar!/ with scanner TypeAnnotationsScanner
9408 [main] DEBUG org.reflections.Reflections - could not scan file org/nd4j/nativeblas/linux-ppc64le/libnd4j.so in url jar:file:/C:/Users/duhyun/.m2/repository/org/nd4j/nd4j-native/0.5.0/nd4j-native-0.5.0-linux-ppc64le.jar!/ with scanner SubTypesScanner
9410 [main] DEBUG org.reflections.Reflections - could not scan file org/nd4j/nativeblas/linux-ppc64le/libnd4j.so in url jar:file:/C:/Users/duhyun/.m2/repository/org/nd4j/nd4j-native/0.5.0/nd4j-native-0.5.0-linux-ppc64le.jar!/ with scanner TypeAnnotationsScanner
9411 [main] DEBUG org.reflections.Reflections - could not scan file org/nd4j/nativeblas/linux-ppc64le/libblas.so.3 in url jar:file:/C:/Users/duhyun/.m2/repository/org/nd4j/nd4j-native/0.5.0/nd4j-native-0.5.0-linux-ppc64le.jar!/ with scanner SubTypesScanner
9411 [main] DEBUG org.reflections.Reflections - could not scan file org/nd4j/nativeblas/linux-ppc64le/libblas.so.3 in url jar:file:/C:/Users/duhyun/.m2/repository/org/nd4j/nd4j-native/0.5.0/nd4j-native-0.5.0-linux-ppc64le.jar!/ with scanner TypeAnnotationsScanner
9413 [main] DEBUG org.reflections.Reflections - could not scan file org/nd4j/nativeblas/linux-ppc64le/libjnind4j.so in url jar:file:/C:/Users/duhyun/.m2/repository/org/nd4j/nd4j-native/0.5.0/nd4j-native-0.5.0-linux-ppc64le.jar!/ with scanner SubTypesScanner
9413 [main] DEBUG org.reflections.Reflections - could not scan file org/nd4j/nativeblas/linux-ppc64le/libjnind4j.so in url jar:file:/C:/Users/duhyun/.m2/repository/org/nd4j/nd4j-native/0.5.0/nd4j-native-0.5.0-linux-ppc64le.jar!/ with scanner TypeAnnotationsScanner
9414 [main] DEBUG org.reflections.Reflections - could not scan file org/nd4j/nativeblas/linux-ppc64le/libgfortran.so.3 in url jar:file:/C:/Users/duhyun/.m2/repository/org/nd4j/nd4j-native/0.5.0/nd4j-native-0.5.0-linux-ppc64le.jar!/ with scanner SubTypesScanner
9417 [main] DEBUG org.reflections.Reflections - could not scan file org/nd4j/nativeblas/linux-ppc64le/libgfortran.so.3 in url jar:file:/C:/Users/duhyun/.m2/repository/org/nd4j/nd4j-native/0.5.0/nd4j-native-0.5.0-linux-ppc64le.jar!/ with scanner TypeAnnotationsScanner
9419 [main] DEBUG org.reflections.Reflections - could not scan file org/nd4j/nativeblas/linux-ppc64le/libgomp.so.1 in url jar:file:/C:/Users/duhyun/.m2/repository/org/nd4j/nd4j-native/0.5.0/nd4j-native-0.5.0-linux-ppc64le.jar!/ with scanner SubTypesScanner
9420 [main] DEBUG org.reflections.Reflections - could not scan file org/nd4j/nativeblas/linux-ppc64le/libgomp.so.1 in url jar:file:/C:/Users/duhyun/.m2/repository/org/nd4j/nd4j-native/0.5.0/nd4j-native-0.5.0-linux-ppc64le.jar!/ with scanner TypeAnnotationsScanner
9422 [main] DEBUG org.reflections.Reflections - could not scan file org/nd4j/nativeblas/linux-x86_64/libgomp.so.1 in url jar:file:/C:/Users/duhyun/.m2/repository/org/nd4j/nd4j-native/0.5.0/nd4j-native-0.5.0-linux-x86_64.jar!/ with scanner SubTypesScanner
9422 [main] DEBUG org.reflections.Reflections - could not scan file org/nd4j/nativeblas/linux-x86_64/libgomp.so.1 in url jar:file:/C:/Users/duhyun/.m2/repository/org/nd4j/nd4j-native/0.5.0/nd4j-native-0.5.0-linux-x86_64.jar!/ with scanner TypeAnnotationsScanner
9423 [main] DEBUG org.reflections.Reflections - could not scan file org/nd4j/nativeblas/linux-x86_64/libgfortran.so.3 in url jar:file:/C:/Users/duhyun/.m2/repository/org/nd4j/nd4j-native/0.5.0/nd4j-native-0.5.0-linux-x86_64.jar!/ with scanner SubTypesScanner
9424 [main] DEBUG org.reflections.Reflections - could not scan file org/nd4j/nativeblas/linux-x86_64/libgfortran.so.3 in url jar:file:/C:/Users/duhyun/.m2/repository/org/nd4j/nd4j-native/0.5.0/nd4j-native-0.5.0-linux-x86_64.jar!/ with scanner TypeAnnotationsScanner
9425 [main] DEBUG org.reflections.Reflections - could not scan file org/nd4j/nativeblas/linux-x86_64/libopenblas.so.0 in url jar:file:/C:/Users/duhyun/.m2/repository/org/nd4j/nd4j-native/0.5.0/nd4j-native-0.5.0-linux-x86_64.jar!/ with scanner SubTypesScanner
9426 [main] DEBUG org.reflections.Reflections - could not scan file org/nd4j/nativeblas/linux-x86_64/libopenblas.so.0 in url jar:file:/C:/Users/duhyun/.m2/repository/org/nd4j/nd4j-native/0.5.0/nd4j-native-0.5.0-linux-x86_64.jar!/ with scanner TypeAnnotationsScanner
9427 [main] DEBUG org.reflections.Reflections - could not scan file org/nd4j/nativeblas/linux-x86_64/libnd4j.so in url jar:file:/C:/Users/duhyun/.m2/repository/org/nd4j/nd4j-native/0.5.0/nd4j-native-0.5.0-linux-x86_64.jar!/ with scanner SubTypesScanner
9427 [main] DEBUG org.reflections.Reflections - could not scan file org/nd4j/nativeblas/linux-x86_64/libnd4j.so in url jar:file:/C:/Users/duhyun/.m2/repository/org/nd4j/nd4j-native/0.5.0/nd4j-native-0.5.0-linux-x86_64.jar!/ with scanner TypeAnnotationsScanner
9428 [main] DEBUG org.reflections.Reflections - could not scan file org/nd4j/nativeblas/linux-x86_64/libjnind4j.so in url jar:file:/C:/Users/duhyun/.m2/repository/org/nd4j/nd4j-native/0.5.0/nd4j-native-0.5.0-linux-x86_64.jar!/ with scanner SubTypesScanner
9429 [main] DEBUG org.reflections.Reflections - could not scan file org/nd4j/nativeblas/linux-x86_64/libjnind4j.so in url jar:file:/C:/Users/duhyun/.m2/repository/org/nd4j/nd4j-native/0.5.0/nd4j-native-0.5.0-linux-x86_64.jar!/ with scanner TypeAnnotationsScanner
9430 [main] DEBUG org.reflections.Reflections - could not scan file org/nd4j/nativeblas/windows-x86_64/jnind4j.dll in url jar:file:/C:/Users/duhyun/.m2/repository/org/nd4j/nd4j-native/0.5.0/nd4j-native-0.5.0-windows-x86_64.jar!/ with scanner SubTypesScanner
9433 [main] DEBUG org.reflections.Reflections - could not scan file org/nd4j/nativeblas/windows-x86_64/jnind4j.dll in url jar:file:/C:/Users/duhyun/.m2/repository/org/nd4j/nd4j-native/0.5.0/nd4j-native-0.5.0-windows-x86_64.jar!/ with scanner TypeAnnotationsScanner
9434 [main] DEBUG org.reflections.Reflections - could not scan file org/nd4j/nativeblas/windows-x86_64/libgcc_s_seh-1.dll in url jar:file:/C:/Users/duhyun/.m2/repository/org/nd4j/nd4j-native/0.5.0/nd4j-native-0.5.0-windows-x86_64.jar!/ with scanner SubTypesScanner
9436 [main] DEBUG org.reflections.Reflections - could not scan file org/nd4j/nativeblas/windows-x86_64/libgcc_s_seh-1.dll in url jar:file:/C:/Users/duhyun/.m2/repository/org/nd4j/nd4j-native/0.5.0/nd4j-native-0.5.0-windows-x86_64.jar!/ with scanner TypeAnnotationsScanner
9437 [main] DEBUG org.reflections.Reflections - could not scan file org/nd4j/nativeblas/windows-x86_64/libgfortran-3.dll in url jar:file:/C:/Users/duhyun/.m2/repository/org/nd4j/nd4j-native/0.5.0/nd4j-native-0.5.0-windows-x86_64.jar!/ with scanner SubTypesScanner
9439 [main] DEBUG org.reflections.Reflections - could not scan file org/nd4j/nativeblas/windows-x86_64/libgfortran-3.dll in url jar:file:/C:/Users/duhyun/.m2/repository/org/nd4j/nd4j-native/0.5.0/nd4j-native-0.5.0-windows-x86_64.jar!/ with scanner TypeAnnotationsScanner
9440 [main] DEBUG org.reflections.Reflections - could not scan file org/nd4j/nativeblas/windows-x86_64/libgomp-1.dll in url jar:file:/C:/Users/duhyun/.m2/repository/org/nd4j/nd4j-native/0.5.0/nd4j-native-0.5.0-windows-x86_64.jar!/ with scanner SubTypesScanner
9441 [main] DEBUG org.reflections.Reflections - could not scan file org/nd4j/nativeblas/windows-x86_64/libgomp-1.dll in url jar:file:/C:/Users/duhyun/.m2/repository/org/nd4j/nd4j-native/0.5.0/nd4j-native-0.5.0-windows-x86_64.jar!/ with scanner TypeAnnotationsScanner
9442 [main] DEBUG org.reflections.Reflections - could not scan file org/nd4j/nativeblas/windows-x86_64/libnd4j.dll in url jar:file:/C:/Users/duhyun/.m2/repository/org/nd4j/nd4j-native/0.5.0/nd4j-native-0.5.0-windows-x86_64.jar!/ with scanner SubTypesScanner
9442 [main] DEBUG org.reflections.Reflections - could not scan file org/nd4j/nativeblas/windows-x86_64/libnd4j.dll in url jar:file:/C:/Users/duhyun/.m2/repository/org/nd4j/nd4j-native/0.5.0/nd4j-native-0.5.0-windows-x86_64.jar!/ with scanner TypeAnnotationsScanner
9443 [main] DEBUG org.reflections.Reflections - could not scan file org/nd4j/nativeblas/windows-x86_64/libopenblas.dll in url jar:file:/C:/Users/duhyun/.m2/repository/org/nd4j/nd4j-native/0.5.0/nd4j-native-0.5.0-windows-x86_64.jar!/ with scanner SubTypesScanner
9444 [main] DEBUG org.reflections.Reflections - could not scan file org/nd4j/nativeblas/windows-x86_64/libopenblas.dll in url jar:file:/C:/Users/duhyun/.m2/repository/org/nd4j/nd4j-native/0.5.0/nd4j-native-0.5.0-windows-x86_64.jar!/ with scanner TypeAnnotationsScanner
9445 [main] DEBUG org.reflections.Reflections - could not scan file org/nd4j/nativeblas/windows-x86_64/libquadmath-0.dll in url jar:file:/C:/Users/duhyun/.m2/repository/org/nd4j/nd4j-native/0.5.0/nd4j-native-0.5.0-windows-x86_64.jar!/ with scanner SubTypesScanner
9446 [main] DEBUG org.reflections.Reflections - could not scan file org/nd4j/nativeblas/windows-x86_64/libquadmath-0.dll in url jar:file:/C:/Users/duhyun/.m2/repository/org/nd4j/nd4j-native/0.5.0/nd4j-native-0.5.0-windows-x86_64.jar!/ with scanner TypeAnnotationsScanner
9447 [main] DEBUG org.reflections.Reflections - could not scan file org/nd4j/nativeblas/windows-x86_64/libstdc++-6.dll in url jar:file:/C:/Users/duhyun/.m2/repository/org/nd4j/nd4j-native/0.5.0/nd4j-native-0.5.0-windows-x86_64.jar!/ with scanner SubTypesScanner
9447 [main] DEBUG org.reflections.Reflections - could not scan file org/nd4j/nativeblas/windows-x86_64/libstdc++-6.dll in url jar:file:/C:/Users/duhyun/.m2/repository/org/nd4j/nd4j-native/0.5.0/nd4j-native-0.5.0-windows-x86_64.jar!/ with scanner TypeAnnotationsScanner
9448 [main] DEBUG org.reflections.Reflections - could not scan file org/nd4j/nativeblas/windows-x86_64/libwinpthread-1.dll in url jar:file:/C:/Users/duhyun/.m2/repository/org/nd4j/nd4j-native/0.5.0/nd4j-native-0.5.0-windows-x86_64.jar!/ with scanner SubTypesScanner
9449 [main] DEBUG org.reflections.Reflections - could not scan file org/nd4j/nativeblas/windows-x86_64/libwinpthread-1.dll in url jar:file:/C:/Users/duhyun/.m2/repository/org/nd4j/nd4j-native/0.5.0/nd4j-native-0.5.0-windows-x86_64.jar!/ with scanner TypeAnnotationsScanner
9485 [main] INFO  org.reflections.Reflections - Reflections took 624 ms to scan 11 urls, producing 111 keys and 368 values 
10867 [main] INFO  com.doohh.example.LenetDistEx - Train model....
